<?xml version="1.0" encoding="UTF-8"?>
<coverage generated="1763335211558" clover="3.2.0">
  <project timestamp="1763335211558" name="All files">
    <metrics statements="19" coveredstatements="19" conditionals="6" coveredconditionals="6" methods="5" coveredmethods="5" elements="30" coveredelements="30" complexity="0" loc="19" ncloc="19" packages="1" files="1" classes="1"/>
    <file name="registry.js" path="/home/nahisaho/GitHub/musubi/src/agents/registry.js">
      <metrics statements="19" coveredstatements="19" conditionals="6" coveredconditionals="6" methods="5" coveredmethods="5"/>
      <line num="8" count="1" type="stmt"/>
      <line num="187" count="8" type="stmt"/>
      <line num="188" count="8" type="cond" truecount="2" falsecount="0"/>
      <line num="189" count="1" type="stmt"/>
      <line num="191" count="7" type="stmt"/>
      <line num="201" count="14" type="stmt"/>
      <line num="202" count="55" type="stmt"/>
      <line num="203" count="93" type="stmt"/>
      <line num="205" count="93" type="stmt"/>
      <line num="206" count="93" type="cond" truecount="4" falsecount="0"/>
      <line num="207" count="13" type="stmt"/>
      <line num="213" count="1" type="stmt"/>
      <line num="221" count="2" type="stmt"/>
      <line num="229" count="6" type="stmt"/>
      <line num="230" count="6" type="stmt"/>
      <line num="231" count="42" type="stmt"/>
      <line num="232" count="72" type="stmt"/>
      <line num="235" count="6" type="stmt"/>
      <line num="238" count="1" type="stmt"/>
    </file>
  </project>
</coverage>
