<?xml version="1.0" encoding="UTF-8"?>
<coverage generated="1765399384538" clover="3.2.0">
  <project timestamp="1765399384538" name="All files">
    <metrics statements="1327" coveredstatements="1150" conditionals="773" coveredconditionals="580" methods="288" coveredmethods="247" elements="2388" coveredelements="1977" complexity="0" loc="1327" ncloc="1327" packages="1" files="7" classes="7"/>
    <file name="advanced-validation.js" path="/home/nahisaho/GitHub/musubi/src/steering/advanced-validation.js">
      <metrics statements="279" coveredstatements="272" conditionals="154" coveredconditionals="133" methods="69" coveredmethods="67"/>
      <line num="11" count="2" type="stmt"/>
      <line num="12" count="2" type="stmt"/>
      <line num="15" count="2" type="stmt"/>
      <line num="25" count="2" type="stmt"/>
      <line num="33" count="2" type="stmt"/>
      <line num="47" count="30" type="cond" truecount="2" falsecount="0"/>
      <line num="48" count="30" type="cond" truecount="2" falsecount="0"/>
      <line num="49" count="30" type="cond" truecount="2" falsecount="0"/>
      <line num="50" count="30" type="cond" truecount="1" falsecount="1"/>
      <line num="51" count="30" type="cond" truecount="2" falsecount="0"/>
      <line num="52" count="30" type="cond" truecount="2" falsecount="0"/>
      <line num="53" count="30" type="cond" truecount="2" falsecount="0"/>
      <line num="54" count="30" type="cond" truecount="2" falsecount="0"/>
      <line num="55" count="30" type="cond" truecount="2" falsecount="0"/>
      <line num="56" count="30" type="stmt"/>
      <line num="60" count="1" type="stmt"/>
      <line num="79" count="16" type="stmt"/>
      <line num="80" count="16" type="stmt"/>
      <line num="81" count="16" type="cond" truecount="2" falsecount="0"/>
      <line num="82" count="16" type="cond" truecount="2" falsecount="0"/>
      <line num="83" count="16" type="cond" truecount="2" falsecount="0"/>
      <line num="84" count="16" type="cond" truecount="2" falsecount="0"/>
      <line num="85" count="16" type="cond" truecount="2" falsecount="0"/>
      <line num="89" count="3" type="stmt"/>
      <line num="90" count="3" type="stmt"/>
      <line num="94" count="1" type="stmt"/>
      <line num="95" count="1" type="stmt"/>
      <line num="99" count="1" type="stmt"/>
      <line num="105" count="1" type="cond" truecount="1" falsecount="1"/>
      <line num="106" count="0" type="cond" truecount="0" falsecount="2"/>
      <line num="116" count="20" type="stmt"/>
      <line num="117" count="20" type="cond" truecount="2" falsecount="0"/>
      <line num="121" count="35" type="stmt"/>
      <line num="122" count="35" type="stmt"/>
      <line num="126" count="8" type="stmt"/>
      <line num="128" count="8" type="stmt"/>
      <line num="129" count="12" type="stmt"/>
      <line num="130" count="12" type="stmt"/>
      <line num="131" count="11" type="stmt"/>
      <line num="133" count="1" type="stmt"/>
      <line num="144" count="8" type="stmt"/>
      <line num="145" count="4" type="cond" truecount="2" falsecount="0"/>
      <line num="153" count="16" type="stmt"/>
      <line num="156" count="5" type="stmt"/>
      <line num="157" count="5" type="stmt"/>
      <line num="159" count="5" type="stmt"/>
      <line num="160" count="6" type="stmt"/>
      <line num="161" count="6" type="cond" truecount="4" falsecount="0"/>
      <line num="162" count="1" type="stmt"/>
      <line num="163" count="1" type="stmt"/>
      <line num="173" count="6" type="cond" truecount="1" falsecount="1"/>
      <line num="174" count="6" type="stmt"/>
      <line num="178" count="5" type="stmt"/>
      <line num="184" count="16" type="stmt"/>
      <line num="187" count="5" type="stmt"/>
      <line num="188" count="5" type="stmt"/>
      <line num="190" count="5" type="stmt"/>
      <line num="191" count="6" type="cond" truecount="2" falsecount="0"/>
      <line num="192" count="2" type="cond" truecount="2" falsecount="0"/>
      <line num="193" count="1" type="stmt"/>
      <line num="195" count="2" type="stmt"/>
      <line num="199" count="5" type="stmt"/>
      <line num="200" count="2" type="stmt"/>
      <line num="201" count="1" type="cond" truecount="1" falsecount="1"/>
      <line num="202" count="1" type="stmt"/>
      <line num="213" count="5" type="stmt"/>
      <line num="224" count="20" type="stmt"/>
      <line num="225" count="20" type="cond" truecount="2" falsecount="0"/>
      <line num="233" count="9" type="cond" truecount="2" falsecount="0"/>
      <line num="234" count="7" type="stmt"/>
      <line num="236" count="9" type="stmt"/>
      <line num="237" count="9" type="stmt"/>
      <line num="241" count="7" type="stmt"/>
      <line num="242" count="10" type="stmt"/>
      <line num="244" count="7" type="stmt"/>
      <line num="245" count="10" type="cond" truecount="2" falsecount="0"/>
      <line num="246" count="10" type="cond" truecount="2" falsecount="0"/>
      <line num="248" count="10" type="stmt"/>
      <line num="249" count="16" type="stmt"/>
      <line num="250" count="5" type="stmt"/>
      <line num="251" count="5" type="cond" truecount="2" falsecount="0"/>
      <line num="254" count="16" type="cond" truecount="2" falsecount="0"/>
      <line num="255" count="13" type="stmt"/>
      <line num="268" count="7" type="stmt"/>
      <line num="275" count="7" type="stmt"/>
      <line num="276" count="10" type="cond" truecount="2" falsecount="0"/>
      <line num="279" count="7" type="cond" truecount="1" falsecount="1"/>
      <line num="281" count="7" type="stmt"/>
      <line num="282" count="7" type="stmt"/>
      <line num="286" count="1" type="stmt"/>
      <line num="288" count="1" type="stmt"/>
      <line num="289" count="2" type="stmt"/>
      <line num="296" count="1" type="stmt"/>
      <line num="305" count="19" type="cond" truecount="2" falsecount="0"/>
      <line num="306" count="19" type="cond" truecount="2" falsecount="0"/>
      <line num="310" count="33" type="stmt"/>
      <line num="311" count="33" type="stmt"/>
      <line num="315" count="16" type="stmt"/>
      <line num="316" count="16" type="stmt"/>
      <line num="320" count="7" type="stmt"/>
      <line num="323" count="7" type="cond" truecount="2" falsecount="0"/>
      <line num="324" count="7" type="stmt"/>
      <line num="325" count="10" type="cond" truecount="2" falsecount="0"/>
      <line num="326" count="10" type="cond" truecount="5" falsecount="0"/>
      <line num="327" count="5" type="stmt"/>
      <line num="340" count="7" type="cond" truecount="2" falsecount="0"/>
      <line num="341" count="7" type="cond" truecount="2" falsecount="0"/>
      <line num="343" count="7" type="stmt"/>
      <line num="344" count="2" type="stmt"/>
      <line num="345" count="2" type="cond" truecount="2" falsecount="0"/>
      <line num="346" count="1" type="stmt"/>
      <line num="358" count="7" type="stmt"/>
      <line num="359" count="6" type="stmt"/>
      <line num="366" count="4" type="stmt"/>
      <line num="368" count="4" type="stmt"/>
      <line num="369" count="5" type="stmt"/>
      <line num="372" count="5" type="stmt"/>
      <line num="373" count="5" type="stmt"/>
      <line num="375" count="4" type="stmt"/>
      <line num="376" count="4" type="stmt"/>
      <line num="389" count="24" type="stmt"/>
      <line num="390" count="24" type="cond" truecount="2" falsecount="0"/>
      <line num="394" count="17" type="cond" truecount="1" falsecount="1"/>
      <line num="395" count="17" type="stmt"/>
      <line num="397" count="17" type="stmt"/>
      <line num="398" count="17" type="stmt"/>
      <line num="402" count="0" type="stmt"/>
      <line num="403" count="0" type="cond" truecount="0" falsecount="2"/>
      <line num="404" count="0" type="stmt"/>
      <line num="406" count="0" type="stmt"/>
      <line num="410" count="1" type="cond" truecount="1" falsecount="1"/>
      <line num="414" count="2" type="stmt"/>
      <line num="415" count="2" type="stmt"/>
      <line num="416" count="4" type="cond" truecount="1" falsecount="1"/>
      <line num="417" count="4" type="stmt"/>
      <line num="420" count="2" type="stmt"/>
      <line num="424" count="12" type="stmt"/>
      <line num="425" count="12" type="stmt"/>
      <line num="426" count="12" type="stmt"/>
      <line num="428" count="12" type="cond" truecount="1" falsecount="0"/>
      <line num="429" count="26" type="cond" truecount="2" falsecount="0"/>
      <line num="430" count="4" type="stmt"/>
      <line num="431" count="4" type="stmt"/>
      <line num="432" count="4" type="stmt"/>
      <line num="435" count="22" type="cond" truecount="2" falsecount="0"/>
      <line num="437" count="17" type="stmt"/>
      <line num="438" count="17" type="stmt"/>
      <line num="439" count="17" type="stmt"/>
      <line num="441" count="17" type="cond" truecount="2" falsecount="0"/>
      <line num="442" count="17" type="stmt"/>
      <line num="443" count="13" type="stmt"/>
      <line num="446" count="17" type="stmt"/>
      <line num="449" count="12" type="stmt"/>
      <line num="450" count="13" type="stmt"/>
      <line num="453" count="12" type="stmt"/>
      <line num="457" count="6" type="stmt"/>
      <line num="458" count="8" type="stmt"/>
      <line num="461" count="6" type="stmt"/>
      <line num="462" count="6" type="cond" truecount="1" falsecount="1"/>
      <line num="463" count="0" type="stmt"/>
      <line num="473" count="6" type="stmt"/>
      <line num="474" count="6" type="cond" truecount="2" falsecount="0"/>
      <line num="475" count="2" type="stmt"/>
      <line num="489" count="6" type="cond" truecount="2" falsecount="0"/>
      <line num="490" count="5" type="stmt"/>
      <line num="491" count="5" type="stmt"/>
      <line num="492" count="1" type="stmt"/>
      <line num="503" count="6" type="stmt"/>
      <line num="511" count="2" type="stmt"/>
      <line num="512" count="2" type="stmt"/>
      <line num="513" count="2" type="stmt"/>
      <line num="515" count="2" type="stmt"/>
      <line num="516" count="7" type="cond" truecount="2" falsecount="0"/>
      <line num="517" count="6" type="cond" truecount="2" falsecount="0"/>
      <line num="519" count="5" type="stmt"/>
      <line num="520" count="5" type="cond" truecount="2" falsecount="0"/>
      <line num="522" count="5" type="stmt"/>
      <line num="523" count="4" type="cond" truecount="2" falsecount="0"/>
      <line num="526" count="3" type="stmt"/>
      <line num="527" count="3" type="stmt"/>
      <line num="528" count="3" type="stmt"/>
      <line num="529" count="3" type="stmt"/>
      <line num="532" count="2" type="stmt"/>
      <line num="533" count="3" type="cond" truecount="2" falsecount="0"/>
      <line num="536" count="1" type="stmt"/>
      <line num="545" count="19" type="stmt"/>
      <line num="546" count="19" type="cond" truecount="2" falsecount="0"/>
      <line num="555" count="16" type="stmt"/>
      <line num="556" count="16" type="stmt"/>
      <line num="560" count="6" type="stmt"/>
      <line num="562" count="6" type="stmt"/>
      <line num="563" count="24" type="cond" truecount="2" falsecount="0"/>
      <line num="564" count="24" type="stmt"/>
      <line num="565" count="7" type="stmt"/>
      <line num="569" count="6" type="stmt"/>
      <line num="573" count="5" type="stmt"/>
      <line num="575" count="5" type="stmt"/>
      <line num="576" count="5" type="cond" truecount="2" falsecount="0"/>
      <line num="577" count="5" type="stmt"/>
      <line num="579" count="5" type="stmt"/>
      <line num="580" count="4" type="cond" truecount="2" falsecount="0"/>
      <line num="581" count="1" type="stmt"/>
      <line num="594" count="5" type="stmt"/>
      <line num="607" count="15" type="stmt"/>
      <line num="608" count="15" type="stmt"/>
      <line num="609" count="15" type="stmt"/>
      <line num="610" count="15" type="stmt"/>
      <line num="611" count="15" type="stmt"/>
      <line num="612" count="15" type="stmt"/>
      <line num="613" count="15" type="stmt"/>
      <line num="614" count="15" type="stmt"/>
      <line num="619" count="12" type="cond" truecount="1" falsecount="1"/>
      <line num="620" count="12" type="stmt"/>
      <line num="622" count="12" type="stmt"/>
      <line num="623" count="12" type="stmt"/>
      <line num="624" count="12" type="stmt"/>
      <line num="625" count="12" type="stmt"/>
      <line num="629" count="1" type="stmt"/>
      <line num="633" count="18" type="stmt"/>
      <line num="638" count="2" type="stmt"/>
      <line num="639" count="2" type="stmt"/>
      <line num="640" count="2" type="stmt"/>
      <line num="645" count="4" type="stmt"/>
      <line num="646" count="4" type="stmt"/>
      <line num="647" count="4" type="stmt"/>
      <line num="648" count="4" type="stmt"/>
      <line num="652" count="4" type="stmt"/>
      <line num="653" count="4" type="stmt"/>
      <line num="654" count="4" type="stmt"/>
      <line num="655" count="4" type="stmt"/>
      <line num="659" count="3" type="stmt"/>
      <line num="660" count="3" type="stmt"/>
      <line num="661" count="3" type="stmt"/>
      <line num="662" count="3" type="stmt"/>
      <line num="666" count="3" type="stmt"/>
      <line num="667" count="3" type="stmt"/>
      <line num="668" count="3" type="stmt"/>
      <line num="669" count="3" type="stmt"/>
      <line num="673" count="3" type="stmt"/>
      <line num="674" count="3" type="stmt"/>
      <line num="675" count="3" type="stmt"/>
      <line num="676" count="3" type="stmt"/>
      <line num="680" count="2" type="stmt"/>
      <line num="688" count="2" type="stmt"/>
      <line num="696" count="2" type="stmt"/>
      <line num="697" count="6" type="cond" truecount="2" falsecount="0"/>
      <line num="700" count="2" type="stmt"/>
      <line num="702" count="2" type="stmt"/>
      <line num="709" count="6" type="stmt"/>
      <line num="710" count="6" type="stmt"/>
      <line num="711" count="6" type="stmt"/>
      <line num="719" count="17" type="stmt"/>
      <line num="726" count="17" type="cond" truecount="1" falsecount="1"/>
      <line num="727" count="0" type="stmt"/>
      <line num="732" count="2" type="cond" truecount="2" falsecount="0"/>
      <line num="733" count="2" type="stmt"/>
      <line num="735" count="1" type="stmt"/>
      <line num="740" count="1" type="stmt"/>
      <line num="741" count="1" type="stmt"/>
      <line num="762" count="1" type="cond" truecount="1" falsecount="1"/>
      <line num="763" count="1" type="stmt"/>
      <line num="765" count="1" type="stmt"/>
      <line num="767" count="3" type="cond" truecount="3" falsecount="1"/>
      <line num="768" count="3" type="stmt"/>
      <line num="769" count="3" type="stmt"/>
      <line num="770" count="3" type="stmt"/>
      <line num="771" count="3" type="stmt"/>
      <line num="772" count="3" type="cond" truecount="1" falsecount="1"/>
      <line num="773" count="3" type="cond" truecount="2" falsecount="0"/>
      <line num="774" count="3" type="stmt"/>
      <line num="778" count="1" type="stmt"/>
      <line num="786" count="15" type="stmt"/>
      <line num="789" count="15" type="stmt"/>
      <line num="790" count="15" type="stmt"/>
      <line num="793" count="15" type="stmt"/>
      <line num="797" count="15" type="stmt"/>
      <line num="798" count="15" type="stmt"/>
      <line num="800" count="15" type="stmt"/>
      <line num="803" count="2" type="stmt"/>
    </file>
    <file name="auto-updater.js" path="/home/nahisaho/GitHub/musubi/src/steering/auto-updater.js">
      <metrics statements="203" coveredstatements="196" conditionals="145" coveredconditionals="107" methods="28" coveredmethods="28"/>
      <line num="11" count="2" type="stmt"/>
      <line num="12" count="2" type="stmt"/>
      <line num="13" count="2" type="stmt"/>
      <line num="18" count="2" type="stmt"/>
      <line num="30" count="2" type="stmt"/>
      <line num="45" count="17" type="cond" truecount="2" falsecount="0"/>
      <line num="63" count="8" type="stmt"/>
      <line num="65" count="8" type="stmt"/>
      <line num="66" count="15" type="stmt"/>
      <line num="67" count="43" type="stmt"/>
      <line num="68" count="140" type="cond" truecount="2" falsecount="0"/>
      <line num="69" count="14" type="stmt"/>
      <line num="70" count="14" type="stmt"/>
      <line num="76" count="8" type="stmt"/>
      <line num="83" count="3" type="stmt"/>
      <line num="92" count="3" type="stmt"/>
      <line num="93" count="6" type="cond" truecount="2" falsecount="0"/>
      <line num="94" count="2" type="stmt"/>
      <line num="95" count="4" type="cond" truecount="2" falsecount="0"/>
      <line num="96" count="3" type="stmt"/>
      <line num="97" count="1" type="cond" truecount="1" falsecount="1"/>
      <line num="98" count="1" type="stmt"/>
      <line num="102" count="3" type="stmt"/>
      <line num="104" count="3" type="stmt"/>
      <line num="106" count="3" type="stmt"/>
      <line num="115" count="15" type="cond" truecount="2" falsecount="0"/>
      <line num="116" count="15" type="cond" truecount="2" falsecount="0"/>
      <line num="117" count="15" type="stmt"/>
      <line num="124" count="3" type="stmt"/>
      <line num="127" count="3" type="stmt"/>
      <line num="128" count="3" type="stmt"/>
      <line num="129" count="3" type="stmt"/>
      <line num="130" count="3" type="cond" truecount="1" falsecount="1"/>
      <line num="131" count="3" type="stmt"/>
      <line num="135" count="3" type="cond" truecount="2" falsecount="0"/>
      <line num="136" count="2" type="stmt"/>
      <line num="139" count="3" type="stmt"/>
      <line num="144" count="3" type="stmt"/>
      <line num="145" count="3" type="stmt"/>
      <line num="146" count="1" type="stmt"/>
      <line num="147" count="1" type="cond" truecount="1" falsecount="1"/>
      <line num="148" count="1" type="stmt"/>
      <line num="152" count="3" type="cond" truecount="2" falsecount="0"/>
      <line num="153" count="1" type="stmt"/>
      <line num="156" count="1" type="stmt"/>
      <line num="160" count="3" type="stmt"/>
      <line num="167" count="2" type="stmt"/>
      <line num="169" count="2" type="cond" truecount="1" falsecount="1"/>
      <line num="170" count="2" type="cond" truecount="1" falsecount="1"/>
      <line num="171" count="2" type="cond" truecount="1" falsecount="1"/>
      <line num="173" count="2" type="stmt"/>
      <line num="183" count="2" type="stmt"/>
      <line num="184" count="2" type="cond" truecount="2" falsecount="2"/>
      <line num="185" count="2" type="cond" truecount="1" falsecount="1"/>
      <line num="186" count="2" type="cond" truecount="1" falsecount="1"/>
      <line num="187" count="2" type="cond" truecount="2" falsecount="0"/>
      <line num="188" count="2" type="cond" truecount="1" falsecount="1"/>
      <line num="189" count="2" type="cond" truecount="3" falsecount="1"/>
      <line num="190" count="2" type="cond" truecount="4" falsecount="0"/>
      <line num="192" count="2" type="cond" truecount="1" falsecount="1"/>
      <line num="193" count="2" type="stmt"/>
      <line num="201" count="2" type="stmt"/>
      <line num="208" count="1" type="stmt"/>
      <line num="210" count="1" type="cond" truecount="1" falsecount="1"/>
      <line num="212" count="1" type="stmt"/>
      <line num="213" count="1" type="cond" truecount="1" falsecount="1"/>
      <line num="214" count="1" type="stmt"/>
      <line num="222" count="1" type="stmt"/>
      <line num="223" count="1" type="cond" truecount="1" falsecount="1"/>
      <line num="224" count="1" type="stmt"/>
      <line num="232" count="1" type="stmt"/>
      <line num="239" count="5" type="stmt"/>
      <line num="241" count="5" type="stmt"/>
      <line num="242" count="5" type="stmt"/>
      <line num="251" count="5" type="stmt"/>
      <line num="260" count="13" type="cond" truecount="2" falsecount="0"/>
      <line num="267" count="1" type="stmt"/>
      <line num="277" count="1" type="stmt"/>
      <line num="278" count="1" type="stmt"/>
      <line num="279" count="1" type="stmt"/>
      <line num="281" count="1" type="stmt"/>
      <line num="282" count="13" type="stmt"/>
      <line num="284" count="13" type="cond" truecount="4" falsecount="0"/>
      <line num="286" count="9" type="stmt"/>
      <line num="287" count="9" type="cond" truecount="2" falsecount="0"/>
      <line num="288" count="5" type="stmt"/>
      <line num="289" count="5" type="stmt"/>
      <line num="291" count="5" type="cond" truecount="4" falsecount="0"/>
      <line num="292" count="3" type="stmt"/>
      <line num="293" count="3" type="stmt"/>
      <line num="295" count="2" type="stmt"/>
      <line num="296" count="2" type="cond" truecount="1" falsecount="1"/>
      <line num="297" count="0" type="stmt"/>
      <line num="300" count="4" type="cond" truecount="3" falsecount="1"/>
      <line num="301" count="4" type="stmt"/>
      <line num="302" count="4" type="cond" truecount="1" falsecount="1"/>
      <line num="303" count="0" type="stmt"/>
      <line num="305" count="4" type="stmt"/>
      <line num="309" count="1" type="stmt"/>
      <line num="316" count="1" type="stmt"/>
      <line num="318" count="1" type="stmt"/>
      <line num="319" count="1" type="stmt"/>
      <line num="321" count="1" type="cond" truecount="1" falsecount="1"/>
      <line num="322" count="1" type="cond" truecount="1" falsecount="1"/>
      <line num="323" count="1" type="cond" truecount="1" falsecount="1"/>
      <line num="325" count="1" type="cond" truecount="3" falsecount="1"/>
      <line num="326" count="1" type="stmt"/>
      <line num="327" count="1" type="stmt"/>
      <line num="328" count="2" type="stmt"/>
      <line num="332" count="1" type="cond" truecount="3" falsecount="1"/>
      <line num="333" count="1" type="stmt"/>
      <line num="334" count="1" type="stmt"/>
      <line num="335" count="2" type="stmt"/>
      <line num="339" count="1" type="cond" truecount="2" falsecount="2"/>
      <line num="340" count="0" type="stmt"/>
      <line num="341" count="0" type="stmt"/>
      <line num="342" count="0" type="stmt"/>
      <line num="346" count="1" type="stmt"/>
      <line num="353" count="2" type="stmt"/>
      <line num="355" count="2" type="cond" truecount="1" falsecount="1"/>
      <line num="356" count="2" type="cond" truecount="1" falsecount="1"/>
      <line num="357" count="2" type="cond" truecount="1" falsecount="1"/>
      <line num="360" count="2" type="cond" truecount="1" falsecount="1"/>
      <line num="361" count="2" type="stmt"/>
      <line num="363" count="2" type="stmt"/>
      <line num="380" count="2" type="stmt"/>
      <line num="381" count="28" type="cond" truecount="2" falsecount="0"/>
      <line num="382" count="4" type="stmt"/>
      <line num="386" count="2" type="stmt"/>
      <line num="388" count="2" type="stmt"/>
      <line num="397" count="13" type="cond" truecount="2" falsecount="0"/>
      <line num="398" count="13" type="stmt"/>
      <line num="406" count="1" type="stmt"/>
      <line num="407" count="1" type="stmt"/>
      <line num="410" count="1" type="stmt"/>
      <line num="411" count="2" type="stmt"/>
      <line num="412" count="2" type="stmt"/>
      <line num="414" count="2" type="stmt"/>
      <line num="422" count="2" type="stmt"/>
      <line num="423" count="2" type="cond" truecount="1" falsecount="1"/>
      <line num="424" count="2" type="stmt"/>
      <line num="428" count="2" type="stmt"/>
      <line num="429" count="2" type="cond" truecount="1" falsecount="1"/>
      <line num="430" count="2" type="stmt"/>
      <line num="434" count="2" type="stmt"/>
      <line num="435" count="2" type="cond" truecount="1" falsecount="1"/>
      <line num="436" count="2" type="stmt"/>
      <line num="439" count="2" type="stmt"/>
      <line num="442" count="1" type="stmt"/>
      <line num="449" count="3" type="stmt"/>
      <line num="450" count="3" type="stmt"/>
      <line num="457" count="3" type="stmt"/>
      <line num="459" count="3" type="stmt"/>
      <line num="460" count="2" type="stmt"/>
      <line num="461" count="3" type="cond" truecount="4" falsecount="0"/>
      <line num="462" count="2" type="stmt"/>
      <line num="472" count="3" type="stmt"/>
      <line num="481" count="10" type="stmt"/>
      <line num="482" count="10" type="cond" truecount="2" falsecount="0"/>
      <line num="483" count="10" type="cond" truecount="2" falsecount="0"/>
      <line num="484" count="10" type="cond" truecount="2" falsecount="0"/>
      <line num="486" count="10" type="stmt"/>
      <line num="487" count="10" type="stmt"/>
      <line num="492" count="10" type="stmt"/>
      <line num="495" count="10" type="stmt"/>
      <line num="499" count="10" type="stmt"/>
      <line num="506" count="2" type="stmt"/>
      <line num="508" count="2" type="stmt"/>
      <line num="517" count="2" type="cond" truecount="2" falsecount="0"/>
      <line num="518" count="1" type="stmt"/>
      <line num="522" count="2" type="cond" truecount="4" falsecount="0"/>
      <line num="523" count="1" type="stmt"/>
      <line num="527" count="2" type="cond" truecount="3" falsecount="1"/>
      <line num="528" count="0" type="stmt"/>
      <line num="532" count="2" type="stmt"/>
      <line num="534" count="2" type="stmt"/>
      <line num="538" count="2" type="stmt"/>
      <line num="547" count="3" type="stmt"/>
      <line num="553" count="3" type="stmt"/>
      <line num="554" count="6" type="cond" truecount="2" falsecount="0"/>
      <line num="556" count="4" type="stmt"/>
      <line num="557" count="4" type="stmt"/>
      <line num="558" count="4" type="stmt"/>
      <line num="559" count="4" type="stmt"/>
      <line num="561" count="4" type="stmt"/>
      <line num="563" count="0" type="stmt"/>
      <line num="571" count="3" type="stmt"/>
      <line num="576" count="3" type="stmt"/>
      <line num="583" count="1" type="stmt"/>
      <line num="585" count="1" type="stmt"/>
      <line num="590" count="1" type="stmt"/>
      <line num="597" count="1" type="stmt"/>
      <line num="598" count="1" type="stmt"/>
      <line num="605" count="1" type="stmt"/>
      <line num="612" count="2" type="stmt"/>
      <line num="615" count="2" type="stmt"/>
      <line num="616" count="2" type="stmt"/>
      <line num="617" count="6" type="cond" truecount="2" falsecount="0"/>
      <line num="618" count="1" type="stmt"/>
      <line num="629" count="2" type="stmt"/>
      <line num="630" count="1" type="stmt"/>
      <line num="640" count="10" type="stmt"/>
      <line num="643" count="2" type="stmt"/>
    </file>
    <file name="index.js" path="/home/nahisaho/GitHub/musubi/src/steering/index.js">
      <metrics statements="5" coveredstatements="5" conditionals="0" coveredconditionals="0" methods="0" coveredmethods="0"/>
      <line num="21" count="1" type="stmt"/>
      <line num="36" count="1" type="stmt"/>
      <line num="51" count="1" type="stmt"/>
      <line num="67" count="1" type="stmt"/>
      <line num="69" count="1" type="stmt"/>
    </file>
    <file name="quality-metrics.js" path="/home/nahisaho/GitHub/musubi/src/steering/quality-metrics.js">
      <metrics statements="231" coveredstatements="219" conditionals="141" coveredconditionals="110" methods="71" coveredmethods="68"/>
      <line num="11" count="2" type="stmt"/>
      <line num="12" count="2" type="stmt"/>
      <line num="15" count="2" type="stmt"/>
      <line num="24" count="2" type="stmt"/>
      <line num="32" count="2" type="stmt"/>
      <line num="44" count="39" type="stmt"/>
      <line num="45" count="39" type="cond" truecount="2" falsecount="0"/>
      <line num="46" count="39" type="cond" truecount="2" falsecount="0"/>
      <line num="47" count="39" type="cond" truecount="2" falsecount="0"/>
      <line num="48" count="39" type="cond" truecount="2" falsecount="0"/>
      <line num="49" count="39" type="cond" truecount="2" falsecount="0"/>
      <line num="50" count="39" type="cond" truecount="2" falsecount="0"/>
      <line num="51" count="39" type="cond" truecount="2" falsecount="0"/>
      <line num="52" count="39" type="cond" truecount="2" falsecount="0"/>
      <line num="56" count="11" type="stmt"/>
      <line num="57" count="11" type="stmt"/>
      <line num="58" count="11" type="stmt"/>
      <line num="62" count="7" type="cond" truecount="2" falsecount="0"/>
      <line num="63" count="3" type="stmt"/>
      <line num="67" count="8" type="cond" truecount="2" falsecount="0"/>
      <line num="68" count="4" type="stmt"/>
      <line num="72" count="6" type="stmt"/>
      <line num="90" count="16" type="stmt"/>
      <line num="91" count="16" type="cond" truecount="2" falsecount="0"/>
      <line num="92" count="16" type="cond" truecount="2" falsecount="0"/>
      <line num="96" count="3" type="stmt"/>
      <line num="97" count="3" type="stmt"/>
      <line num="98" count="3" type="cond" truecount="2" falsecount="0"/>
      <line num="99" count="3" type="stmt"/>
      <line num="100" count="3" type="stmt"/>
      <line num="104" count="3" type="stmt"/>
      <line num="117" count="10" type="stmt"/>
      <line num="118" count="10" type="stmt"/>
      <line num="119" count="10" type="stmt"/>
      <line num="123" count="19" type="stmt"/>
      <line num="124" count="19" type="stmt"/>
      <line num="128" count="3" type="stmt"/>
      <line num="132" count="3" type="stmt"/>
      <line num="133" count="3" type="stmt"/>
      <line num="137" count="1" type="stmt"/>
      <line num="138" count="1" type="stmt"/>
      <line num="139" count="1" type="stmt"/>
      <line num="143" count="5" type="cond" truecount="1" falsecount="1"/>
      <line num="144" count="0" type="stmt"/>
      <line num="145" count="0" type="stmt"/>
      <line num="148" count="5" type="stmt"/>
      <line num="149" count="5" type="stmt"/>
      <line num="150" count="5" type="stmt"/>
      <line num="151" count="5" type="stmt"/>
      <line num="155" count="1" type="stmt"/>
      <line num="159" count="1" type="stmt"/>
      <line num="169" count="12" type="stmt"/>
      <line num="170" count="12" type="cond" truecount="2" falsecount="0"/>
      <line num="171" count="12" type="cond" truecount="2" falsecount="0"/>
      <line num="172" count="12" type="cond" truecount="2" falsecount="0"/>
      <line num="173" count="12" type="cond" truecount="2" falsecount="0"/>
      <line num="174" count="12" type="cond" truecount="2" falsecount="0"/>
      <line num="178" count="7" type="stmt"/>
      <line num="179" count="7" type="stmt"/>
      <line num="180" count="6" type="stmt"/>
      <line num="181" count="6" type="cond" truecount="2" falsecount="0"/>
      <line num="182" count="6" type="stmt"/>
      <line num="183" count="6" type="stmt"/>
      <line num="185" count="1" type="stmt"/>
      <line num="186" count="1" type="stmt"/>
      <line num="187" count="1" type="stmt"/>
      <line num="188" count="1" type="stmt"/>
      <line num="193" count="4" type="stmt"/>
      <line num="197" count="2" type="cond" truecount="2" falsecount="0"/>
      <line num="198" count="1" type="stmt"/>
      <line num="202" count="3" type="stmt"/>
      <line num="217" count="18" type="stmt"/>
      <line num="218" count="18" type="cond" truecount="2" falsecount="0"/>
      <line num="219" count="18" type="cond" truecount="2" falsecount="0"/>
      <line num="223" count="26" type="stmt"/>
      <line num="226" count="26" type="cond" truecount="2" falsecount="0"/>
      <line num="227" count="1" type="stmt"/>
      <line num="230" count="26" type="stmt"/>
      <line num="234" count="5" type="cond" truecount="2" falsecount="0"/>
      <line num="235" count="1" type="stmt"/>
      <line num="238" count="4" type="stmt"/>
      <line num="239" count="4" type="stmt"/>
      <line num="240" count="4" type="stmt"/>
      <line num="241" count="4" type="stmt"/>
      <line num="242" count="4" type="cond" truecount="1" falsecount="1"/>
      <line num="245" count="4" type="cond" truecount="2" falsecount="0"/>
      <line num="246" count="1" type="stmt"/>
      <line num="247" count="3" type="cond" truecount="2" falsecount="0"/>
      <line num="248" count="2" type="stmt"/>
      <line num="250" count="1" type="stmt"/>
      <line num="253" count="4" type="stmt"/>
      <line num="264" count="2" type="cond" truecount="1" falsecount="1"/>
      <line num="265" count="5" type="stmt"/>
      <line num="266" count="2" type="stmt"/>
      <line num="270" count="2" type="cond" truecount="1" falsecount="1"/>
      <line num="271" count="5" type="stmt"/>
      <line num="275" count="2" type="cond" truecount="1" falsecount="1"/>
      <line num="276" count="5" type="stmt"/>
      <line num="280" count="1" type="stmt"/>
      <line num="295" count="26" type="cond" truecount="2" falsecount="0"/>
      <line num="304" count="5" type="stmt"/>
      <line num="311" count="5" type="stmt"/>
      <line num="312" count="20" type="stmt"/>
      <line num="315" count="5" type="stmt"/>
      <line num="324" count="6" type="cond" truecount="2" falsecount="0"/>
      <line num="325" count="7" type="stmt"/>
      <line num="326" count="5" type="stmt"/>
      <line num="330" count="5" type="cond" truecount="2" falsecount="0"/>
      <line num="331" count="1" type="stmt"/>
      <line num="332" count="1" type="stmt"/>
      <line num="336" count="6" type="cond" truecount="2" falsecount="0"/>
      <line num="338" count="4" type="stmt"/>
      <line num="346" count="5" type="stmt"/>
      <line num="348" count="4" type="stmt"/>
      <line num="352" count="5" type="cond" truecount="2" falsecount="0"/>
      <line num="354" count="1" type="stmt"/>
      <line num="361" count="1" type="stmt"/>
      <line num="362" count="1" type="stmt"/>
      <line num="366" count="10" type="cond" truecount="2" falsecount="0"/>
      <line num="367" count="8" type="cond" truecount="2" falsecount="0"/>
      <line num="368" count="4" type="cond" truecount="2" falsecount="0"/>
      <line num="369" count="3" type="cond" truecount="2" falsecount="0"/>
      <line num="370" count="1" type="stmt"/>
      <line num="379" count="20" type="stmt"/>
      <line num="380" count="20" type="cond" truecount="2" falsecount="0"/>
      <line num="381" count="20" type="stmt"/>
      <line num="382" count="20" type="stmt"/>
      <line num="383" count="20" type="stmt"/>
      <line num="384" count="20" type="stmt"/>
      <line num="385" count="20" type="stmt"/>
      <line num="386" count="20" type="cond" truecount="2" falsecount="0"/>
      <line num="391" count="24" type="stmt"/>
      <line num="392" count="24" type="stmt"/>
      <line num="393" count="24" type="stmt"/>
      <line num="397" count="4" type="stmt"/>
      <line num="401" count="7" type="stmt"/>
      <line num="402" count="7" type="cond" truecount="1" falsecount="1"/>
      <line num="403" count="7" type="stmt"/>
      <line num="404" count="7" type="stmt"/>
      <line num="405" count="7" type="stmt"/>
      <line num="408" count="7" type="stmt"/>
      <line num="409" count="7" type="cond" truecount="2" falsecount="0"/>
      <line num="410" count="2" type="stmt"/>
      <line num="413" count="7" type="stmt"/>
      <line num="417" count="11" type="stmt"/>
      <line num="422" count="6" type="stmt"/>
      <line num="423" count="6" type="stmt"/>
      <line num="424" count="6" type="stmt"/>
      <line num="428" count="1" type="stmt"/>
      <line num="432" count="1" type="stmt"/>
      <line num="433" count="1" type="cond" truecount="1" falsecount="1"/>
      <line num="434" count="1" type="stmt"/>
      <line num="435" count="1" type="stmt"/>
      <line num="436" count="1" type="stmt"/>
      <line num="438" count="0" type="stmt"/>
      <line num="442" count="1" type="stmt"/>
      <line num="443" count="1" type="stmt"/>
      <line num="444" count="2" type="stmt"/>
      <line num="446" count="1" type="stmt"/>
      <line num="451" count="8" type="stmt"/>
      <line num="452" count="8" type="stmt"/>
      <line num="453" count="8" type="stmt"/>
      <line num="457" count="3" type="stmt"/>
      <line num="461" count="7" type="stmt"/>
      <line num="462" count="7" type="stmt"/>
      <line num="463" count="0" type="stmt"/>
      <line num="465" count="7" type="stmt"/>
      <line num="470" count="4" type="stmt"/>
      <line num="477" count="4" type="stmt"/>
      <line num="478" count="4" type="stmt"/>
      <line num="479" count="4" type="stmt"/>
      <line num="484" count="7" type="stmt"/>
      <line num="491" count="7" type="cond" truecount="1" falsecount="1"/>
      <line num="492" count="0" type="stmt"/>
      <line num="497" count="2" type="stmt"/>
      <line num="499" count="2" type="cond" truecount="1" falsecount="1"/>
      <line num="500" count="0" type="stmt"/>
      <line num="503" count="2" type="cond" truecount="2" falsecount="0"/>
      <line num="504" count="2" type="stmt"/>
      <line num="507" count="2" type="cond" truecount="1" falsecount="1"/>
      <line num="508" count="0" type="stmt"/>
      <line num="509" count="0" type="stmt"/>
      <line num="512" count="2" type="cond" truecount="1" falsecount="1"/>
      <line num="513" count="0" type="stmt"/>
      <line num="516" count="2" type="stmt"/>
      <line num="521" count="3" type="stmt"/>
      <line num="522" count="3" type="stmt"/>
      <line num="523" count="3" type="stmt"/>
      <line num="524" count="3" type="stmt"/>
      <line num="526" count="3" type="stmt"/>
      <line num="535" count="2" type="stmt"/>
      <line num="537" count="3" type="stmt"/>
      <line num="543" count="1" type="stmt"/>
      <line num="544" count="1" type="stmt"/>
      <line num="566" count="1" type="stmt"/>
      <line num="567" count="1" type="cond" truecount="1" falsecount="3"/>
      <line num="568" count="1" type="stmt"/>
      <line num="571" count="1" type="cond" truecount="1" falsecount="1"/>
      <line num="572" count="1" type="stmt"/>
      <line num="576" count="1" type="stmt"/>
      <line num="578" count="1" type="stmt"/>
      <line num="579" count="1" type="cond" truecount="1" falsecount="3"/>
      <line num="580" count="1" type="stmt"/>
      <line num="581" count="1" type="cond" truecount="1" falsecount="1"/>
      <line num="582" count="0" type="stmt"/>
      <line num="586" count="1" type="stmt"/>
      <line num="588" count="1" type="stmt"/>
      <line num="589" count="0" type="cond" truecount="0" falsecount="4"/>
      <line num="590" count="0" type="stmt"/>
      <line num="595" count="1" type="stmt"/>
      <line num="600" count="1" type="stmt"/>
      <line num="608" count="20" type="stmt"/>
      <line num="611" count="20" type="cond" truecount="2" falsecount="0"/>
      <line num="613" count="2" type="stmt"/>
      <line num="614" count="2" type="stmt"/>
      <line num="615" count="2" type="stmt"/>
      <line num="618" count="2" type="stmt"/>
      <line num="619" count="2" type="stmt"/>
      <line num="620" count="2" type="stmt"/>
      <line num="621" count="2" type="stmt"/>
      <line num="622" count="2" type="stmt"/>
      <line num="624" count="2" type="stmt"/>
      <line num="625" count="2" type="stmt"/>
      <line num="626" count="2" type="stmt"/>
      <line num="627" count="2" type="stmt"/>
      <line num="628" count="2" type="stmt"/>
      <line num="631" count="2" type="stmt"/>
      <line num="632" count="2" type="stmt"/>
      <line num="633" count="2" type="stmt"/>
      <line num="636" count="20" type="stmt"/>
      <line num="639" count="2" type="stmt"/>
    </file>
    <file name="steering-auto-update.js" path="/home/nahisaho/GitHub/musubi/src/steering/steering-auto-update.js">
      <metrics statements="178" coveredstatements="110" conditionals="80" coveredconditionals="44" methods="40" coveredmethods="19"/>
      <line num="11" count="9" type="stmt"/>
      <line num="12" count="9" type="stmt"/>
      <line num="13" count="9" type="stmt"/>
      <line num="19" count="9" type="stmt"/>
      <line num="32" count="9" type="stmt"/>
      <line num="72" count="9" type="stmt"/>
      <line num="79" count="0" type="stmt"/>
      <line num="81" count="0" type="stmt"/>
      <line num="83" count="0" type="cond" truecount="0" falsecount="2"/>
      <line num="84" count="0" type="stmt"/>
      <line num="86" count="0" type="cond" truecount="0" falsecount="2"/>
      <line num="87" count="0" type="stmt"/>
      <line num="89" count="0" type="cond" truecount="0" falsecount="2"/>
      <line num="90" count="0" type="stmt"/>
      <line num="93" count="0" type="stmt"/>
      <line num="102" count="0" type="stmt"/>
      <line num="104" count="0" type="stmt"/>
      <line num="105" count="0" type="stmt"/>
      <line num="114" count="0" type="stmt"/>
      <line num="116" count="0" type="stmt"/>
      <line num="117" count="0" type="cond" truecount="0" falsecount="2"/>
      <line num="118" count="0" type="stmt"/>
      <line num="120" count="0" type="cond" truecount="0" falsecount="2"/>
      <line num="121" count="0" type="stmt"/>
      <line num="123" count="0" type="stmt"/>
      <line num="132" count="0" type="stmt"/>
      <line num="134" count="0" type="stmt"/>
      <line num="135" count="0" type="cond" truecount="0" falsecount="2"/>
      <line num="136" count="0" type="stmt"/>
      <line num="138" count="0" type="stmt"/>
      <line num="147" count="0" type="stmt"/>
      <line num="149" count="0" type="stmt"/>
      <line num="150" count="0" type="stmt"/>
      <line num="165" count="44" type="stmt"/>
      <line num="167" count="44" type="cond" truecount="2" falsecount="0"/>
      <line num="168" count="44" type="stmt"/>
      <line num="169" count="44" type="stmt"/>
      <line num="170" count="44" type="cond" truecount="2" falsecount="0"/>
      <line num="173" count="310" type="cond" truecount="3" falsecount="1"/>
      <line num="176" count="44" type="stmt"/>
      <line num="177" count="44" type="stmt"/>
      <line num="178" count="44" type="stmt"/>
      <line num="179" count="44" type="stmt"/>
      <line num="188" count="0" type="stmt"/>
      <line num="190" count="0" type="stmt"/>
      <line num="197" count="0" type="stmt"/>
      <line num="198" count="0" type="stmt"/>
      <line num="199" count="0" type="stmt"/>
      <line num="200" count="0" type="cond" truecount="0" falsecount="2"/>
      <line num="201" count="0" type="stmt"/>
      <line num="202" count="0" type="stmt"/>
      <line num="210" count="0" type="stmt"/>
      <line num="215" count="0" type="stmt"/>
      <line num="216" count="0" type="cond" truecount="0" falsecount="2"/>
      <line num="217" count="0" type="stmt"/>
      <line num="218" count="0" type="stmt"/>
      <line num="219" count="0" type="stmt"/>
      <line num="220" count="0" type="stmt"/>
      <line num="221" count="0" type="stmt"/>
      <line num="230" count="0" type="stmt"/>
      <line num="231" count="0" type="stmt"/>
      <line num="239" count="2" type="stmt"/>
      <line num="240" count="2" type="stmt"/>
      <line num="241" count="2" type="stmt"/>
      <line num="242" count="2" type="stmt"/>
      <line num="244" count="2" type="stmt"/>
      <line num="245" count="17" type="stmt"/>
      <line num="246" count="17" type="cond" truecount="2" falsecount="0"/>
      <line num="248" count="6" type="cond" truecount="2" falsecount="0"/>
      <line num="249" count="4" type="stmt"/>
      <line num="251" count="6" type="stmt"/>
      <line num="252" count="6" type="stmt"/>
      <line num="254" count="11" type="stmt"/>
      <line num="259" count="2" type="cond" truecount="1" falsecount="1"/>
      <line num="260" count="2" type="stmt"/>
      <line num="263" count="2" type="stmt"/>
      <line num="273" count="4" type="stmt"/>
      <line num="274" count="4" type="stmt"/>
      <line num="276" count="4" type="stmt"/>
      <line num="279" count="4" type="stmt"/>
      <line num="280" count="22" type="cond" truecount="2" falsecount="0"/>
      <line num="281" count="2" type="stmt"/>
      <line num="282" count="2" type="stmt"/>
      <line num="284" count="1" type="stmt"/>
      <line num="285" count="1" type="stmt"/>
      <line num="290" count="4" type="stmt"/>
      <line num="291" count="1" type="stmt"/>
      <line num="292" count="1" type="stmt"/>
      <line num="294" count="1" type="stmt"/>
      <line num="295" count="1" type="cond" truecount="1" falsecount="1"/>
      <line num="296" count="0" type="stmt"/>
      <line num="297" count="0" type="stmt"/>
      <line num="300" count="1" type="stmt"/>
      <line num="302" count="1" type="cond" truecount="3" falsecount="1"/>
      <line num="304" count="1" type="cond" truecount="1" falsecount="1"/>
      <line num="305" count="1" type="stmt"/>
      <line num="307" count="1" type="stmt"/>
      <line num="314" count="1" type="stmt"/>
      <line num="324" count="1" type="stmt"/>
      <line num="325" count="1" type="stmt"/>
      <line num="327" count="1" type="stmt"/>
      <line num="330" count="0" type="stmt"/>
      <line num="340" count="0" type="stmt"/>
      <line num="341" count="0" type="stmt"/>
      <line num="346" count="4" type="cond" truecount="4" falsecount="0"/>
      <line num="347" count="1" type="stmt"/>
      <line num="350" count="4" type="stmt"/>
      <line num="351" count="4" type="stmt"/>
      <line num="359" count="1" type="stmt"/>
      <line num="361" count="1" type="stmt"/>
      <line num="362" count="1" type="stmt"/>
      <line num="363" count="1" type="cond" truecount="1" falsecount="1"/>
      <line num="365" count="1" type="stmt"/>
      <line num="367" count="1" type="cond" truecount="1" falsecount="1"/>
      <line num="368" count="1" type="stmt"/>
      <line num="369" count="1" type="stmt"/>
      <line num="373" count="1" type="stmt"/>
      <line num="376" count="1" type="stmt"/>
      <line num="379" count="1" type="cond" truecount="1" falsecount="1"/>
      <line num="380" count="0" type="stmt"/>
      <line num="382" count="1" type="stmt"/>
      <line num="386" count="1" type="stmt"/>
      <line num="389" count="1" type="stmt"/>
      <line num="390" count="1" type="stmt"/>
      <line num="391" count="1" type="stmt"/>
      <line num="393" count="1" type="stmt"/>
      <line num="395" count="1" type="stmt"/>
      <line num="397" count="0" type="stmt"/>
      <line num="401" count="1" type="stmt"/>
      <line num="402" count="1" type="stmt"/>
      <line num="410" count="1" type="stmt"/>
      <line num="411" count="1" type="stmt"/>
      <line num="413" count="1" type="stmt"/>
      <line num="414" count="1" type="stmt"/>
      <line num="415" count="1" type="stmt"/>
      <line num="419" count="1" type="stmt"/>
      <line num="427" count="7" type="cond" truecount="5" falsecount="0"/>
      <line num="428" count="1" type="stmt"/>
      <line num="431" count="6" type="stmt"/>
      <line num="432" count="37" type="cond" truecount="3" falsecount="1"/>
      <line num="434" count="6" type="stmt"/>
      <line num="442" count="6" type="stmt"/>
      <line num="443" count="1" type="cond" truecount="1" falsecount="1"/>
      <line num="444" count="1" type="stmt"/>
      <line num="445" count="1" type="stmt"/>
      <line num="455" count="2" type="stmt"/>
      <line num="457" count="2" type="cond" truecount="2" falsecount="0"/>
      <line num="458" count="2" type="stmt"/>
      <line num="460" count="2" type="cond" truecount="1" falsecount="1"/>
      <line num="461" count="0" type="stmt"/>
      <line num="463" count="2" type="cond" truecount="1" falsecount="1"/>
      <line num="464" count="0" type="stmt"/>
      <line num="467" count="2" type="stmt"/>
      <line num="475" count="1" type="stmt"/>
      <line num="477" count="1" type="stmt"/>
      <line num="479" count="0" type="stmt"/>
      <line num="480" count="0" type="stmt"/>
      <line num="482" count="0" type="cond" truecount="0" falsecount="2"/>
      <line num="483" count="0" type="stmt"/>
      <line num="496" count="4" type="stmt"/>
      <line num="503" count="3" type="stmt"/>
      <line num="511" count="1" type="stmt"/>
      <line num="514" count="1" type="stmt"/>
      <line num="515" count="1" type="stmt"/>
      <line num="517" count="1" type="cond" truecount="2" falsecount="2"/>
      <line num="519" count="0" type="stmt"/>
      <line num="520" count="0" type="stmt"/>
      <line num="522" count="0" type="stmt"/>
      <line num="523" count="0" type="cond" truecount="0" falsecount="2"/>
      <line num="524" count="0" type="stmt"/>
      <line num="533" count="1" type="stmt"/>
      <line num="544" count="0" type="stmt"/>
      <line num="545" count="0" type="stmt"/>
      <line num="547" count="0" type="stmt"/>
      <line num="548" count="0" type="stmt"/>
      <line num="550" count="0" type="stmt"/>
      <line num="560" count="25" type="stmt"/>
      <line num="563" count="9" type="stmt"/>
    </file>
    <file name="steering-validator.js" path="/home/nahisaho/GitHub/musubi/src/steering/steering-validator.js">
      <metrics statements="144" coveredstatements="65" conditionals="79" coveredconditionals="35" methods="31" coveredmethods="20"/>
      <line num="11" count="9" type="stmt"/>
      <line num="12" count="9" type="stmt"/>
      <line num="13" count="9" type="stmt"/>
      <line num="19" count="9" type="stmt"/>
      <line num="30" count="9" type="stmt"/>
      <line num="61" count="9" type="stmt"/>
      <line num="68" count="1" type="cond" truecount="1" falsecount="1"/>
      <line num="76" count="1" type="cond" truecount="1" falsecount="1"/>
      <line num="86" count="1" type="cond" truecount="2" falsecount="0"/>
      <line num="95" count="1" type="cond" truecount="2" falsecount="0"/>
      <line num="106" count="0" type="cond" truecount="0" falsecount="3"/>
      <line num="114" count="0" type="cond" truecount="0" falsecount="2"/>
      <line num="124" count="0" type="cond" truecount="0" falsecount="2"/>
      <line num="136" count="7" type="stmt"/>
      <line num="137" count="7" type="cond" truecount="2" falsecount="0"/>
      <line num="146" count="7" type="cond" truecount="2" falsecount="0"/>
      <line num="161" count="46" type="stmt"/>
      <line num="163" count="46" type="cond" truecount="2" falsecount="0"/>
      <line num="164" count="46" type="cond" truecount="2" falsecount="0"/>
      <line num="165" count="46" type="cond" truecount="2" falsecount="0"/>
      <line num="168" count="46" type="stmt"/>
      <line num="169" count="46" type="stmt"/>
      <line num="178" count="0" type="stmt"/>
      <line num="179" count="0" type="stmt"/>
      <line num="181" count="0" type="stmt"/>
      <line num="182" count="0" type="stmt"/>
      <line num="185" count="0" type="stmt"/>
      <line num="188" count="0" type="stmt"/>
      <line num="189" count="0" type="stmt"/>
      <line num="191" count="0" type="cond" truecount="0" falsecount="2"/>
      <line num="192" count="0" type="stmt"/>
      <line num="200" count="0" type="stmt"/>
      <line num="203" count="0" type="stmt"/>
      <line num="204" count="0" type="stmt"/>
      <line num="205" count="0" type="stmt"/>
      <line num="206" count="0" type="stmt"/>
      <line num="208" count="0" type="stmt"/>
      <line num="219" count="0" type="stmt"/>
      <line num="220" count="0" type="cond" truecount="0" falsecount="2"/>
      <line num="221" count="0" type="stmt"/>
      <line num="222" count="0" type="stmt"/>
      <line num="223" count="0" type="stmt"/>
      <line num="224" count="0" type="stmt"/>
      <line num="225" count="0" type="stmt"/>
      <line num="226" count="0" type="stmt"/>
      <line num="231" count="0" type="stmt"/>
      <line num="232" count="0" type="stmt"/>
      <line num="235" count="0" type="stmt"/>
      <line num="238" count="0" type="stmt"/>
      <line num="241" count="0" type="cond" truecount="0" falsecount="2"/>
      <line num="249" count="0" type="stmt"/>
      <line num="250" count="0" type="stmt"/>
      <line num="252" count="0" type="stmt"/>
      <line num="262" count="7" type="stmt"/>
      <line num="265" count="63" type="cond" truecount="2" falsecount="0"/>
      <line num="267" count="7" type="stmt"/>
      <line num="268" count="18" type="stmt"/>
      <line num="269" count="18" type="stmt"/>
      <line num="271" count="18" type="cond" truecount="2" falsecount="0"/>
      <line num="272" count="4" type="stmt"/>
      <line num="283" count="0" type="stmt"/>
      <line num="287" count="7" type="stmt"/>
      <line num="296" count="0" type="stmt"/>
      <line num="297" count="0" type="stmt"/>
      <line num="299" count="0" type="stmt"/>
      <line num="301" count="0" type="stmt"/>
      <line num="302" count="0" type="stmt"/>
      <line num="303" count="0" type="stmt"/>
      <line num="305" count="0" type="stmt"/>
      <line num="306" count="0" type="cond" truecount="0" falsecount="2"/>
      <line num="307" count="0" type="stmt"/>
      <line num="309" count="0" type="cond" truecount="0" falsecount="2"/>
      <line num="310" count="0" type="stmt"/>
      <line num="312" count="0" type="cond" truecount="0" falsecount="2"/>
      <line num="313" count="0" type="stmt"/>
      <line num="317" count="0" type="stmt"/>
      <line num="318" count="0" type="cond" truecount="0" falsecount="2"/>
      <line num="319" count="0" type="stmt"/>
      <line num="330" count="0" type="cond" truecount="0" falsecount="4"/>
      <line num="331" count="0" type="stmt"/>
      <line num="332" count="0" type="stmt"/>
      <line num="334" count="0" type="stmt"/>
      <line num="335" count="0" type="cond" truecount="0" falsecount="2"/>
      <line num="336" count="0" type="stmt"/>
      <line num="346" count="0" type="stmt"/>
      <line num="349" count="0" type="stmt"/>
      <line num="357" count="0" type="stmt"/>
      <line num="359" count="0" type="stmt"/>
      <line num="361" count="0" type="stmt"/>
      <line num="362" count="0" type="cond" truecount="0" falsecount="2"/>
      <line num="363" count="0" type="stmt"/>
      <line num="367" count="0" type="stmt"/>
      <line num="375" count="0" type="stmt"/>
      <line num="376" count="0" type="stmt"/>
      <line num="386" count="0" type="stmt"/>
      <line num="387" count="0" type="cond" truecount="0" falsecount="2"/>
      <line num="388" count="0" type="stmt"/>
      <line num="392" count="0" type="stmt"/>
      <line num="400" count="3" type="stmt"/>
      <line num="402" count="3" type="stmt"/>
      <line num="409" count="3" type="stmt"/>
      <line num="410" count="23" type="cond" truecount="1" falsecount="1"/>
      <line num="413" count="3" type="stmt"/>
      <line num="421" count="0" type="stmt"/>
      <line num="422" count="0" type="stmt"/>
      <line num="423" count="0" type="stmt"/>
      <line num="425" count="0" type="stmt"/>
      <line num="426" count="0" type="cond" truecount="0" falsecount="2"/>
      <line num="427" count="0" type="cond" truecount="0" falsecount="2"/>
      <line num="428" count="0" type="cond" truecount="0" falsecount="2"/>
      <line num="431" count="0" type="stmt"/>
      <line num="444" count="3" type="cond" truecount="5" falsecount="0"/>
      <line num="445" count="1" type="stmt"/>
      <line num="448" count="2" type="stmt"/>
      <line num="460" count="2" type="stmt"/>
      <line num="468" count="2" type="stmt"/>
      <line num="469" count="2" type="stmt"/>
      <line num="471" count="2" type="stmt"/>
      <line num="473" count="2" type="cond" truecount="2" falsecount="0"/>
      <line num="474" count="2" type="stmt"/>
      <line num="475" count="2" type="stmt"/>
      <line num="486" count="2" type="stmt"/>
      <line num="487" count="2" type="cond" truecount="2" falsecount="0"/>
      <line num="489" count="1" type="stmt"/>
      <line num="490" count="1" type="cond" truecount="1" falsecount="1"/>
      <line num="491" count="1" type="stmt"/>
      <line num="492" count="1" type="stmt"/>
      <line num="494" count="1" type="stmt"/>
      <line num="495" count="1" type="stmt"/>
      <line num="496" count="1" type="stmt"/>
      <line num="497" count="1" type="stmt"/>
      <line num="500" count="1" type="cond" truecount="1" falsecount="1"/>
      <line num="501" count="1" type="stmt"/>
      <line num="503" count="1" type="stmt"/>
      <line num="504" count="1" type="stmt"/>
      <line num="511" count="1" type="stmt"/>
      <line num="512" count="1" type="stmt"/>
      <line num="513" count="1" type="stmt"/>
      <line num="514" count="1" type="stmt"/>
      <line num="515" count="1" type="cond" truecount="1" falsecount="1"/>
      <line num="516" count="1" type="stmt"/>
      <line num="520" count="1" type="stmt"/>
      <line num="530" count="25" type="stmt"/>
      <line num="533" count="9" type="stmt"/>
    </file>
    <file name="template-constraints.js" path="/home/nahisaho/GitHub/musubi/src/steering/template-constraints.js">
      <metrics statements="287" coveredstatements="283" conditionals="174" coveredconditionals="151" methods="49" coveredmethods="45"/>
      <line num="11" count="2" type="stmt"/>
      <line num="14" count="2" type="stmt"/>
      <line num="25" count="2" type="stmt"/>
      <line num="34" count="2" type="stmt"/>
      <line num="46" count="5" type="cond" truecount="1" falsecount="1"/>
      <line num="47" count="5" type="cond" truecount="2" falsecount="0"/>
      <line num="48" count="5" type="cond" truecount="2" falsecount="0"/>
      <line num="49" count="5" type="cond" truecount="2" falsecount="0"/>
      <line num="50" count="5" type="cond" truecount="2" falsecount="0"/>
      <line num="51" count="5" type="cond" truecount="2" falsecount="0"/>
      <line num="55" count="5" type="stmt"/>
      <line num="56" count="5" type="stmt"/>
      <line num="57" count="4" type="stmt"/>
      <line num="66" count="1" type="stmt"/>
      <line num="84" count="120" type="stmt"/>
      <line num="85" count="120" type="stmt"/>
      <line num="86" count="120" type="cond" truecount="2" falsecount="0"/>
      <line num="87" count="120" type="cond" truecount="2" falsecount="0"/>
      <line num="88" count="120" type="cond" truecount="2" falsecount="0"/>
      <line num="89" count="120" type="cond" truecount="2" falsecount="0"/>
      <line num="93" count="21" type="cond" truecount="2" falsecount="0"/>
      <line num="94" count="2" type="stmt"/>
      <line num="98" count="12" type="stmt"/>
      <line num="99" count="12" type="stmt"/>
      <line num="103" count="2" type="stmt"/>
      <line num="104" count="2" type="stmt"/>
      <line num="108" count="19" type="cond" truecount="1" falsecount="1"/>
      <line num="109" count="0" type="stmt"/>
      <line num="113" count="19" type="stmt"/>
      <line num="114" count="1" type="cond" truecount="3" falsecount="1"/>
      <line num="115" count="1" type="stmt"/>
      <line num="122" count="18" type="stmt"/>
      <line num="134" count="49" type="stmt"/>
      <line num="135" count="49" type="stmt"/>
      <line num="136" count="49" type="stmt"/>
      <line num="137" count="49" type="cond" truecount="2" falsecount="0"/>
      <line num="138" count="49" type="cond" truecount="2" falsecount="0"/>
      <line num="139" count="49" type="cond" truecount="2" falsecount="0"/>
      <line num="143" count="114" type="stmt"/>
      <line num="147" count="114" type="stmt"/>
      <line num="148" count="114" type="stmt"/>
      <line num="152" count="0" type="stmt"/>
      <line num="156" count="4" type="stmt"/>
      <line num="160" count="10" type="stmt"/>
      <line num="161" count="10" type="cond" truecount="1" falsecount="1"/>
      <line num="162" count="10" type="stmt"/>
      <line num="166" count="1" type="stmt"/>
      <line num="167" count="1" type="cond" truecount="1" falsecount="1"/>
      <line num="168" count="1" type="stmt"/>
      <line num="172" count="23" type="stmt"/>
      <line num="176" count="0" type="stmt"/>
      <line num="180" count="6" type="stmt"/>
      <line num="181" count="6" type="stmt"/>
      <line num="184" count="6" type="stmt"/>
      <line num="185" count="15" type="stmt"/>
      <line num="186" count="15" type="cond" truecount="4" falsecount="0"/>
      <line num="187" count="7" type="stmt"/>
      <line num="195" count="6" type="cond" truecount="2" falsecount="0"/>
      <line num="196" count="1" type="stmt"/>
      <line num="197" count="1" type="cond" truecount="1" falsecount="1"/>
      <line num="198" count="1" type="stmt"/>
      <line num="205" count="6" type="cond" truecount="2" falsecount="0"/>
      <line num="206" count="1" type="stmt"/>
      <line num="207" count="1" type="cond" truecount="1" falsecount="1"/>
      <line num="208" count="1" type="stmt"/>
      <line num="214" count="6" type="stmt"/>
      <line num="224" count="2" type="stmt"/>
      <line num="226" count="2" type="stmt"/>
      <line num="227" count="5" type="cond" truecount="2" falsecount="0"/>
      <line num="228" count="5" type="cond" truecount="1" falsecount="1"/>
      <line num="229" count="5" type="stmt"/>
      <line num="232" count="2" type="stmt"/>
      <line num="236" count="1" type="stmt"/>
      <line num="237" count="1" type="stmt"/>
      <line num="238" count="1" type="stmt"/>
      <line num="240" count="1" type="stmt"/>
      <line num="242" count="6" type="stmt"/>
      <line num="243" count="6" type="cond" truecount="2" falsecount="0"/>
      <line num="244" count="1" type="stmt"/>
      <line num="245" count="1" type="stmt"/>
      <line num="246" count="1" type="stmt"/>
      <line num="250" count="5" type="stmt"/>
      <line num="251" count="5" type="cond" truecount="2" falsecount="0"/>
      <line num="252" count="3" type="stmt"/>
      <line num="253" count="3" type="stmt"/>
      <line num="254" count="3" type="stmt"/>
      <line num="255" count="3" type="stmt"/>
      <line num="257" count="3" type="stmt"/>
      <line num="261" count="1" type="stmt"/>
      <line num="270" count="22" type="stmt"/>
      <line num="280" count="9" type="stmt"/>
      <line num="282" count="9" type="stmt"/>
      <line num="283" count="45" type="stmt"/>
      <line num="286" count="45" type="stmt"/>
      <line num="287" count="13" type="stmt"/>
      <line num="297" count="9" type="stmt"/>
      <line num="301" count="1" type="stmt"/>
      <line num="303" count="1" type="stmt"/>
      <line num="305" count="2" type="stmt"/>
      <line num="306" count="10" type="stmt"/>
      <line num="314" count="10" type="stmt"/>
      <line num="315" count="20" type="stmt"/>
      <line num="320" count="1" type="stmt"/>
      <line num="324" count="20" type="stmt"/>
      <line num="328" count="2" type="stmt"/>
      <line num="329" count="6" type="cond" truecount="2" falsecount="0"/>
      <line num="330" count="1" type="stmt"/>
      <line num="333" count="5" type="stmt"/>
      <line num="335" count="1" type="stmt"/>
      <line num="339" count="1" type="stmt"/>
      <line num="343" count="1" type="stmt"/>
      <line num="345" count="1" type="stmt"/>
      <line num="346" count="5" type="stmt"/>
      <line num="347" count="5" type="stmt"/>
      <line num="350" count="1" type="stmt"/>
      <line num="359" count="168" type="stmt"/>
      <line num="360" count="168" type="stmt"/>
      <line num="361" count="168" type="stmt"/>
      <line num="362" count="168" type="cond" truecount="2" falsecount="0"/>
      <line num="363" count="168" type="cond" truecount="2" falsecount="0"/>
      <line num="364" count="168" type="cond" truecount="2" falsecount="0"/>
      <line num="365" count="168" type="cond" truecount="2" falsecount="0"/>
      <line num="366" count="168" type="cond" truecount="2" falsecount="0"/>
      <line num="370" count="1" type="stmt"/>
      <line num="371" count="1" type="stmt"/>
      <line num="375" count="22" type="stmt"/>
      <line num="378" count="22" type="cond" truecount="5" falsecount="0"/>
      <line num="379" count="5" type="stmt"/>
      <line num="384" count="5" type="stmt"/>
      <line num="388" count="17" type="stmt"/>
      <line num="389" count="1" type="cond" truecount="3" falsecount="1"/>
      <line num="390" count="1" type="stmt"/>
      <line num="399" count="17" type="cond" truecount="2" falsecount="0"/>
      <line num="400" count="14" type="cond" truecount="4" falsecount="0"/>
      <line num="401" count="2" type="stmt"/>
      <line num="408" count="14" type="cond" truecount="4" falsecount="0"/>
      <line num="409" count="1" type="stmt"/>
      <line num="417" count="14" type="cond" truecount="4" falsecount="0"/>
      <line num="418" count="1" type="stmt"/>
      <line num="427" count="17" type="stmt"/>
      <line num="428" count="1" type="stmt"/>
      <line num="429" count="1" type="cond" truecount="1" falsecount="1"/>
      <line num="430" count="1" type="stmt"/>
      <line num="438" count="17" type="stmt"/>
      <line num="439" count="6" type="stmt"/>
      <line num="451" count="45" type="stmt"/>
      <line num="452" count="45" type="cond" truecount="2" falsecount="0"/>
      <line num="453" count="45" type="cond" truecount="2" falsecount="0"/>
      <line num="454" count="45" type="stmt"/>
      <line num="455" count="45" type="stmt"/>
      <line num="456" count="45" type="stmt"/>
      <line num="460" count="161" type="stmt"/>
      <line num="461" count="161" type="stmt"/>
      <line num="462" count="161" type="stmt"/>
      <line num="466" count="1" type="stmt"/>
      <line num="470" count="38" type="stmt"/>
      <line num="471" count="38" type="stmt"/>
      <line num="472" count="38" type="stmt"/>
      <line num="476" count="1" type="stmt"/>
      <line num="480" count="1" type="stmt"/>
      <line num="481" count="1" type="stmt"/>
      <line num="485" count="7" type="stmt"/>
      <line num="493" count="7" type="stmt"/>
      <line num="499" count="7" type="stmt"/>
      <line num="500" count="15" type="cond" truecount="2" falsecount="0"/>
      <line num="501" count="15" type="stmt"/>
      <line num="502" count="15" type="stmt"/>
      <line num="504" count="15" type="cond" truecount="2" falsecount="0"/>
      <line num="505" count="4" type="stmt"/>
      <line num="510" count="7" type="stmt"/>
      <line num="511" count="4" type="cond" truecount="2" falsecount="0"/>
      <line num="514" count="4" type="stmt"/>
      <line num="515" count="4" type="cond" truecount="2" falsecount="0"/>
      <line num="516" count="1" type="stmt"/>
      <line num="519" count="4" type="stmt"/>
      <line num="520" count="4" type="stmt"/>
      <line num="522" count="4" type="cond" truecount="2" falsecount="0"/>
      <line num="523" count="3" type="stmt"/>
      <line num="528" count="7" type="stmt"/>
      <line num="529" count="1" type="stmt"/>
      <line num="530" count="1" type="stmt"/>
      <line num="532" count="1" type="cond" truecount="3" falsecount="1"/>
      <line num="533" count="1" type="stmt"/>
      <line num="537" count="7" type="stmt"/>
      <line num="546" count="12" type="stmt"/>
      <line num="547" count="12" type="stmt"/>
      <line num="548" count="12" type="stmt"/>
      <line num="549" count="12" type="cond" truecount="2" falsecount="0"/>
      <line num="553" count="38" type="stmt"/>
      <line num="554" count="38" type="stmt"/>
      <line num="555" count="38" type="stmt"/>
      <line num="559" count="1" type="stmt"/>
      <line num="566" count="2" type="stmt"/>
      <line num="573" count="2" type="stmt"/>
      <line num="574" count="2" type="stmt"/>
      <line num="575" count="2" type="stmt"/>
      <line num="576" count="2" type="stmt"/>
      <line num="578" count="2" type="stmt"/>
      <line num="579" count="10" type="stmt"/>
      <line num="581" count="10" type="cond" truecount="2" falsecount="0"/>
      <line num="583" count="2" type="cond" truecount="2" falsecount="0"/>
      <line num="584" count="1" type="stmt"/>
      <line num="586" count="2" type="stmt"/>
      <line num="587" count="2" type="stmt"/>
      <line num="588" count="8" type="cond" truecount="2" falsecount="0"/>
      <line num="589" count="5" type="stmt"/>
      <line num="594" count="2" type="cond" truecount="2" falsecount="0"/>
      <line num="595" count="1" type="stmt"/>
      <line num="599" count="2" type="stmt"/>
      <line num="600" count="2" type="stmt"/>
      <line num="601" count="2" type="stmt"/>
      <line num="604" count="2" type="stmt"/>
      <line num="605" count="2" type="stmt"/>
      <line num="606" count="2" type="stmt"/>
      <line num="607" count="2" type="stmt"/>
      <line num="608" count="2" type="stmt"/>
      <line num="611" count="2" type="cond" truecount="2" falsecount="0"/>
      <line num="612" count="1" type="stmt"/>
      <line num="617" count="2" type="stmt"/>
      <line num="619" count="2" type="stmt"/>
      <line num="626" count="4" type="stmt"/>
      <line num="627" count="4" type="cond" truecount="2" falsecount="0"/>
      <line num="628" count="1" type="stmt"/>
      <line num="634" count="3" type="cond" truecount="1" falsecount="1"/>
      <line num="636" count="3" type="stmt"/>
      <line num="639" count="3" type="cond" truecount="4" falsecount="0"/>
      <line num="640" count="1" type="stmt"/>
      <line num="641" count="1" type="stmt"/>
      <line num="648" count="3" type="stmt"/>
      <line num="653" count="3" type="stmt"/>
      <line num="660" count="1" type="stmt"/>
      <line num="661" count="1" type="cond" truecount="1" falsecount="1"/>
      <line num="662" count="0" type="stmt"/>
      <line num="665" count="1" type="stmt"/>
      <line num="667" count="1" type="cond" truecount="1" falsecount="1"/>
      <line num="668" count="1" type="stmt"/>
      <line num="672" count="1" type="stmt"/>
      <line num="673" count="4" type="stmt"/>
      <line num="675" count="4" type="stmt"/>
      <line num="676" count="4" type="cond" truecount="2" falsecount="0"/>
      <line num="677" count="1" type="stmt"/>
      <line num="678" count="3" type="cond" truecount="2" falsecount="0"/>
      <line num="679" count="2" type="stmt"/>
      <line num="681" count="1" type="stmt"/>
      <line num="684" count="4" type="stmt"/>
      <line num="688" count="1" type="stmt"/>
      <line num="689" count="1" type="cond" truecount="1" falsecount="1"/>
      <line num="690" count="1" type="stmt"/>
      <line num="691" count="1" type="stmt"/>
      <line num="692" count="1" type="stmt"/>
      <line num="696" count="1" type="stmt"/>
      <line num="704" count="12" type="stmt"/>
      <line num="708" count="12" type="stmt"/>
      <line num="709" count="12" type="stmt"/>
      <line num="710" count="12" type="stmt"/>
      <line num="711" count="12" type="stmt"/>
      <line num="713" count="12" type="stmt"/>
      <line num="714" count="12" type="stmt"/>
      <line num="715" count="12" type="stmt"/>
      <line num="716" count="12" type="stmt"/>
      <line num="718" count="12" type="stmt"/>
      <line num="721" count="12" type="stmt"/>
      <line num="725" count="12" type="stmt"/>
      <line num="726" count="12" type="stmt"/>
      <line num="727" count="12" type="stmt"/>
      <line num="728" count="12" type="stmt"/>
      <line num="730" count="12" type="stmt"/>
      <line num="731" count="12" type="stmt"/>
      <line num="732" count="12" type="stmt"/>
      <line num="734" count="12" type="stmt"/>
      <line num="737" count="12" type="stmt"/>
      <line num="741" count="12" type="stmt"/>
      <line num="742" count="12" type="stmt"/>
      <line num="743" count="12" type="stmt"/>
      <line num="744" count="12" type="stmt"/>
      <line num="745" count="12" type="stmt"/>
      <line num="747" count="12" type="stmt"/>
      <line num="748" count="12" type="stmt"/>
      <line num="749" count="12" type="stmt"/>
      <line num="750" count="12" type="stmt"/>
      <line num="752" count="12" type="stmt"/>
      <line num="754" count="12" type="stmt"/>
      <line num="762" count="12" type="stmt"/>
      <line num="764" count="12" type="cond" truecount="1" falsecount="1"/>
      <line num="765" count="12" type="stmt"/>
      <line num="768" count="12" type="stmt"/>
      <line num="771" count="2" type="stmt"/>
    </file>
  </project>
</coverage>
