{"/home/nahisaho/GitHub/musubi/src/agents/registry.js": {"path":"/home/nahisaho/GitHub/musubi/src/agents/registry.js","statementMap":{"0":{"start":{"line":8,"column":25},"end":{"line":179,"column":1}},"1":{"start":{"line":187,"column":21},"end":{"line":187,"column":47}},"2":{"start":{"line":188,"column":2},"end":{"line":190,"column":3}},"3":{"start":{"line":189,"column":4},"end":{"line":189,"column":50}},"4":{"start":{"line":191,"column":2},"end":{"line":191,"column":20}},"5":{"start":{"line":201,"column":2},"end":{"line":210,"column":3}},"6":{"start":{"line":202,"column":4},"end":{"line":209,"column":5}},"7":{"start":{"line":203,"column":23},"end":{"line":203,"column":46}},"8":{"start":{"line":205,"column":32},"end":{"line":205,"column":88}},"9":{"start":{"line":205,"column":69},"end":{"line":205,"column":87}},"10":{"start":{"line":206,"column":6},"end":{"line":208,"column":7}},"11":{"start":{"line":207,"column":8},"end":{"line":207,"column":24}},"12":{"start":{"line":213,"column":2},"end":{"line":213,"column":23}},"13":{"start":{"line":221,"column":2},"end":{"line":221,"column":39}},"14":{"start":{"line":229,"column":16},"end":{"line":229,"column":25}},"15":{"start":{"line":230,"column":2},"end":{"line":234,"column":3}},"16":{"start":{"line":231,"column":4},"end":{"line":233,"column":5}},"17":{"start":{"line":232,"column":6},"end":{"line":232,"column":41}},"18":{"start":{"line":235,"column":2},"end":{"line":235,"column":27}},"19":{"start":{"line":238,"column":0},"end":{"line":244,"column":2}}},"fnMap":{"0":{"name":"getAgentDefinition","decl":{"start":{"line":186,"column":9},"end":{"line":186,"column":27}},"loc":{"start":{"line":186,"column":38},"end":{"line":192,"column":1}},"line":186},"1":{"name":"detectAgentFromFlags","decl":{"start":{"line":199,"column":9},"end":{"line":199,"column":29}},"loc":{"start":{"line":199,"column":39},"end":{"line":214,"column":1}},"line":199},"2":{"name":"(anonymous_2)","decl":{"start":{"line":205,"column":62},"end":{"line":205,"column":63}},"loc":{"start":{"line":205,"column":69},"end":{"line":205,"column":87}},"line":205},"3":{"name":"getAgentList","decl":{"start":{"line":220,"column":9},"end":{"line":220,"column":21}},"loc":{"start":{"line":220,"column":24},"end":{"line":222,"column":1}},"line":220},"4":{"name":"getAllAliasFlags","decl":{"start":{"line":228,"column":9},"end":{"line":228,"column":25}},"loc":{"start":{"line":228,"column":28},"end":{"line":236,"column":1}},"line":228}},"branchMap":{"0":{"loc":{"start":{"line":188,"column":2},"end":{"line":190,"column":3}},"type":"if","locations":[{"start":{"line":188,"column":2},"end":{"line":190,"column":3}},{"start":{},"end":{}}],"line":188},"1":{"loc":{"start":{"line":206,"column":6},"end":{"line":208,"column":7}},"type":"if","locations":[{"start":{"line":206,"column":6},"end":{"line":208,"column":7}},{"start":{},"end":{}}],"line":206},"2":{"loc":{"start":{"line":206,"column":10},"end":{"line":206,"column":57}},"type":"binary-expr","locations":[{"start":{"line":206,"column":10},"end":{"line":206,"column":27}},{"start":{"line":206,"column":31},"end":{"line":206,"column":57}}],"line":206}},"s":{"0":1,"1":8,"2":8,"3":1,"4":7,"5":14,"6":55,"7":93,"8":93,"9":41,"10":93,"11":13,"12":1,"13":2,"14":6,"15":6,"16":42,"17":72,"18":6,"19":1},"f":{"0":8,"1":14,"2":41,"3":2,"4":6},"b":{"0":[1,7],"1":[13,80],"2":[93,85]},"_coverageSchema":"1a1c01bbd47fc00a2c39e90264f33305004495a9","hash":"4415762d4fcd1029ceb57c3b26a5e102da7c825a"}
}
