{"/home/nahisaho/GitHub/musubi/src/steering/advanced-validation.js": {"path":"/home/nahisaho/GitHub/musubi/src/steering/advanced-validation.js","statementMap":{"0":{"start":{"line":11,"column":21},"end":{"line":11,"column":38}},"1":{"start":{"line":12,"column":14},"end":{"line":12,"column":29}},"2":{"start":{"line":15,"column":23},"end":{"line":22,"column":1}},"3":{"start":{"line":25,"column":17},"end":{"line":30,"column":1}},"4":{"start":{"line":33,"column":21},"end":{"line":40,"column":1}},"5":{"start":{"line":47,"column":4},"end":{"line":47,"column":93}},"6":{"start":{"line":48,"column":4},"end":{"line":48,"column":59}},"7":{"start":{"line":49,"column":4},"end":{"line":49,"column":55}},"8":{"start":{"line":50,"column":4},"end":{"line":50,"column":57}},"9":{"start":{"line":51,"column":4},"end":{"line":51,"column":45}},"10":{"start":{"line":52,"column":4},"end":{"line":52,"column":45}},"11":{"start":{"line":53,"column":4},"end":{"line":53,"column":49}},"12":{"start":{"line":54,"column":4},"end":{"line":54,"column":59}},"13":{"start":{"line":55,"column":4},"end":{"line":55,"column":43}},"14":{"start":{"line":56,"column":4},"end":{"line":56,"column":32}},"15":{"start":{"line":60,"column":4},"end":{"line":70,"column":6}},"16":{"start":{"line":79,"column":4},"end":{"line":79,"column":21}},"17":{"start":{"line":80,"column":4},"end":{"line":80,"column":17}},"18":{"start":{"line":81,"column":4},"end":{"line":81,"column":35}},"19":{"start":{"line":82,"column":4},"end":{"line":82,"column":37}},"20":{"start":{"line":83,"column":4},"end":{"line":83,"column":43}},"21":{"start":{"line":84,"column":4},"end":{"line":84,"column":51}},"22":{"start":{"line":85,"column":4},"end":{"line":85,"column":47}},"23":{"start":{"line":89,"column":4},"end":{"line":89,"column":32}},"24":{"start":{"line":90,"column":4},"end":{"line":90,"column":16}},"25":{"start":{"line":94,"column":4},"end":{"line":94,"column":30}},"26":{"start":{"line":95,"column":4},"end":{"line":95,"column":16}},"27":{"start":{"line":99,"column":4},"end":{"line":107,"column":6}},"28":{"start":{"line":105,"column":48},"end":{"line":105,"column":80}},"29":{"start":{"line":106,"column":44},"end":{"line":106,"column":76}},"30":{"start":{"line":116,"column":4},"end":{"line":116,"column":20}},"31":{"start":{"line":117,"column":4},"end":{"line":117,"column":46}},"32":{"start":{"line":121,"column":4},"end":{"line":121,"column":26}},"33":{"start":{"line":122,"column":4},"end":{"line":122,"column":16}},"34":{"start":{"line":126,"column":19},"end":{"line":126,"column":21}},"35":{"start":{"line":128,"column":4},"end":{"line":142,"column":5}},"36":{"start":{"line":129,"column":6},"end":{"line":141,"column":7}},"37":{"start":{"line":130,"column":27},"end":{"line":130,"column":48}},"38":{"start":{"line":131,"column":8},"end":{"line":131,"column":35}},"39":{"start":{"line":133,"column":8},"end":{"line":140,"column":10}},"40":{"start":{"line":144,"column":4},"end":{"line":148,"column":6}},"41":{"start":{"line":145,"column":31},"end":{"line":145,"column":96}},"42":{"start":{"line":153,"column":4},"end":{"line":180,"column":6}},"43":{"start":{"line":156,"column":23},"end":{"line":156,"column":25}},"44":{"start":{"line":157,"column":22},"end":{"line":157,"column":31}},"45":{"start":{"line":159,"column":8},"end":{"line":176,"column":9}},"46":{"start":{"line":160,"column":29},"end":{"line":160,"column":80}},"47":{"start":{"line":161,"column":10},"end":{"line":172,"column":11}},"48":{"start":{"line":162,"column":29},"end":{"line":162,"column":50}},"49":{"start":{"line":163,"column":12},"end":{"line":171,"column":14}},"50":{"start":{"line":173,"column":10},"end":{"line":175,"column":11}},"51":{"start":{"line":174,"column":12},"end":{"line":174,"column":44}},"52":{"start":{"line":178,"column":8},"end":{"line":178,"column":22}},"53":{"start":{"line":184,"column":4},"end":{"line":215,"column":6}},"54":{"start":{"line":187,"column":23},"end":{"line":187,"column":25}},"55":{"start":{"line":188,"column":25},"end":{"line":188,"column":34}},"56":{"start":{"line":190,"column":8},"end":{"line":197,"column":9}},"57":{"start":{"line":191,"column":10},"end":{"line":196,"column":11}},"58":{"start":{"line":192,"column":12},"end":{"line":194,"column":13}},"59":{"start":{"line":193,"column":14},"end":{"line":193,"column":46}},"60":{"start":{"line":195,"column":12},"end":{"line":195,"column":55}},"61":{"start":{"line":199,"column":8},"end":{"line":211,"column":9}},"62":{"start":{"line":200,"column":33},"end":{"line":200,"column":75}},"63":{"start":{"line":200,"column":64},"end":{"line":200,"column":73}},"64":{"start":{"line":201,"column":10},"end":{"line":210,"column":11}},"65":{"start":{"line":202,"column":12},"end":{"line":209,"column":14}},"66":{"start":{"line":213,"column":8},"end":{"line":213,"column":22}},"67":{"start":{"line":224,"column":4},"end":{"line":224,"column":40}},"68":{"start":{"line":225,"column":4},"end":{"line":229,"column":6}},"69":{"start":{"line":233,"column":4},"end":{"line":235,"column":5}},"70":{"start":{"line":234,"column":6},"end":{"line":234,"column":53}},"71":{"start":{"line":236,"column":4},"end":{"line":236,"column":52}},"72":{"start":{"line":237,"column":4},"end":{"line":237,"column":16}},"73":{"start":{"line":241,"column":19},"end":{"line":241,"column":21}},"74":{"start":{"line":242,"column":24},"end":{"line":242,"column":62}},"75":{"start":{"line":242,"column":51},"end":{"line":242,"column":60}},"76":{"start":{"line":244,"column":4},"end":{"line":266,"column":5}},"77":{"start":{"line":245,"column":30},"end":{"line":245,"column":69}},"78":{"start":{"line":246,"column":26},"end":{"line":246,"column":79}},"79":{"start":{"line":248,"column":6},"end":{"line":265,"column":7}},"80":{"start":{"line":249,"column":24},"end":{"line":252,"column":10}},"81":{"start":{"line":250,"column":25},"end":{"line":250,"column":48}},"82":{"start":{"line":251,"column":10},"end":{"line":251,"column":56}},"83":{"start":{"line":254,"column":8},"end":{"line":264,"column":9}},"84":{"start":{"line":255,"column":10},"end":{"line":263,"column":12}},"85":{"start":{"line":268,"column":4},"end":{"line":271,"column":6}},"86":{"start":{"line":275,"column":26},"end":{"line":277,"column":9}},"87":{"start":{"line":276,"column":6},"end":{"line":276,"column":61}},"88":{"start":{"line":279,"column":4},"end":{"line":279,"column":40}},"89":{"start":{"line":279,"column":29},"end":{"line":279,"column":40}},"90":{"start":{"line":281,"column":21},"end":{"line":281,"column":32}},"91":{"start":{"line":282,"column":4},"end":{"line":282,"column":62}},"92":{"start":{"line":286,"column":19},"end":{"line":286,"column":21}},"93":{"start":{"line":288,"column":4},"end":{"line":294,"column":5}},"94":{"start":{"line":289,"column":6},"end":{"line":293,"column":9}},"95":{"start":{"line":296,"column":4},"end":{"line":296,"column":18}},"96":{"start":{"line":305,"column":4},"end":{"line":305,"column":55}},"97":{"start":{"line":306,"column":4},"end":{"line":306,"column":59}},"98":{"start":{"line":310,"column":4},"end":{"line":310,"column":39}},"99":{"start":{"line":311,"column":4},"end":{"line":311,"column":16}},"100":{"start":{"line":315,"column":4},"end":{"line":315,"column":43}},"101":{"start":{"line":316,"column":4},"end":{"line":316,"column":16}},"102":{"start":{"line":320,"column":19},"end":{"line":320,"column":21}},"103":{"start":{"line":323,"column":27},"end":{"line":323,"column":67}},"104":{"start":{"line":324,"column":4},"end":{"line":337,"column":5}},"105":{"start":{"line":325,"column":20},"end":{"line":325,"column":65}},"106":{"start":{"line":326,"column":6},"end":{"line":336,"column":7}},"107":{"start":{"line":327,"column":8},"end":{"line":335,"column":10}},"108":{"start":{"line":340,"column":29},"end":{"line":340,"column":71}},"109":{"start":{"line":341,"column":20},"end":{"line":341,"column":42}},"110":{"start":{"line":343,"column":4},"end":{"line":356,"column":5}},"111":{"start":{"line":344,"column":29},"end":{"line":344,"column":67}},"112":{"start":{"line":345,"column":6},"end":{"line":355,"column":7}},"113":{"start":{"line":346,"column":8},"end":{"line":354,"column":10}},"114":{"start":{"line":358,"column":4},"end":{"line":362,"column":6}},"115":{"start":{"line":359,"column":35},"end":{"line":359,"column":64}},"116":{"start":{"line":366,"column":20},"end":{"line":366,"column":22}},"117":{"start":{"line":368,"column":4},"end":{"line":370,"column":5}},"118":{"start":{"line":369,"column":6},"end":{"line":369,"column":49}},"119":{"start":{"line":372,"column":22},"end":{"line":372,"column":52}},"120":{"start":{"line":372,"column":43},"end":{"line":372,"column":51}},"121":{"start":{"line":373,"column":26},"end":{"line":373,"column":64}},"122":{"start":{"line":373,"column":46},"end":{"line":373,"column":56}},"123":{"start":{"line":375,"column":4},"end":{"line":380,"column":6}},"124":{"start":{"line":376,"column":35},"end":{"line":376,"column":64}},"125":{"start":{"line":389,"column":4},"end":{"line":389,"column":34}},"126":{"start":{"line":390,"column":4},"end":{"line":390,"column":52}},"127":{"start":{"line":394,"column":4},"end":{"line":396,"column":5}},"128":{"start":{"line":395,"column":6},"end":{"line":395,"column":45}},"129":{"start":{"line":397,"column":4},"end":{"line":397,"column":40}},"130":{"start":{"line":398,"column":4},"end":{"line":398,"column":16}},"131":{"start":{"line":402,"column":17},"end":{"line":402,"column":44}},"132":{"start":{"line":403,"column":4},"end":{"line":405,"column":5}},"133":{"start":{"line":404,"column":6},"end":{"line":404,"column":22}},"134":{"start":{"line":406,"column":4},"end":{"line":406,"column":16}},"135":{"start":{"line":410,"column":4},"end":{"line":410,"column":50}},"136":{"start":{"line":414,"column":23},"end":{"line":414,"column":25}},"137":{"start":{"line":415,"column":4},"end":{"line":419,"column":5}},"138":{"start":{"line":416,"column":6},"end":{"line":418,"column":7}},"139":{"start":{"line":417,"column":8},"end":{"line":417,"column":30}},"140":{"start":{"line":420,"column":4},"end":{"line":420,"column":22}},"141":{"start":{"line":424,"column":19},"end":{"line":424,"column":21}},"142":{"start":{"line":425,"column":20},"end":{"line":425,"column":29}},"143":{"start":{"line":426,"column":18},"end":{"line":426,"column":27}},"144":{"start":{"line":428,"column":16},"end":{"line":447,"column":5}},"145":{"start":{"line":429,"column":6},"end":{"line":433,"column":7}},"146":{"start":{"line":430,"column":27},"end":{"line":430,"column":45}},"147":{"start":{"line":431,"column":8},"end":{"line":431,"column":57}},"148":{"start":{"line":432,"column":8},"end":{"line":432,"column":15}},"149":{"start":{"line":435,"column":6},"end":{"line":435,"column":36}},"150":{"start":{"line":435,"column":29},"end":{"line":435,"column":36}},"151":{"start":{"line":437,"column":6},"end":{"line":437,"column":24}},"152":{"start":{"line":438,"column":6},"end":{"line":438,"column":22}},"153":{"start":{"line":439,"column":6},"end":{"line":439,"column":22}},"154":{"start":{"line":441,"column":19},"end":{"line":441,"column":59}},"155":{"start":{"line":442,"column":6},"end":{"line":444,"column":7}},"156":{"start":{"line":443,"column":8},"end":{"line":443,"column":28}},"157":{"start":{"line":446,"column":6},"end":{"line":446,"column":25}},"158":{"start":{"line":449,"column":4},"end":{"line":451,"column":5}},"159":{"start":{"line":450,"column":6},"end":{"line":450,"column":16}},"160":{"start":{"line":453,"column":4},"end":{"line":453,"column":18}},"161":{"start":{"line":457,"column":19},"end":{"line":457,"column":21}},"162":{"start":{"line":458,"column":24},"end":{"line":458,"column":57}},"163":{"start":{"line":458,"column":51},"end":{"line":458,"column":55}},"164":{"start":{"line":461,"column":4},"end":{"line":486,"column":5}},"165":{"start":{"line":462,"column":6},"end":{"line":471,"column":7}},"166":{"start":{"line":463,"column":8},"end":{"line":470,"column":10}},"167":{"start":{"line":473,"column":6},"end":{"line":485,"column":7}},"168":{"start":{"line":474,"column":8},"end":{"line":484,"column":9}},"169":{"start":{"line":475,"column":10},"end":{"line":483,"column":12}},"170":{"start":{"line":489,"column":4},"end":{"line":501,"column":5}},"171":{"start":{"line":490,"column":21},"end":{"line":490,"column":40}},"172":{"start":{"line":491,"column":6},"end":{"line":500,"column":7}},"173":{"start":{"line":492,"column":8},"end":{"line":499,"column":10}},"174":{"start":{"line":503,"column":4},"end":{"line":507,"column":6}},"175":{"start":{"line":511,"column":19},"end":{"line":511,"column":21}},"176":{"start":{"line":512,"column":20},"end":{"line":512,"column":29}},"177":{"start":{"line":513,"column":17},"end":{"line":513,"column":26}},"178":{"start":{"line":515,"column":18},"end":{"line":530,"column":5}},"179":{"start":{"line":516,"column":6},"end":{"line":516,"column":39}},"180":{"start":{"line":516,"column":26},"end":{"line":516,"column":39}},"181":{"start":{"line":517,"column":6},"end":{"line":517,"column":41}},"182":{"start":{"line":517,"column":29},"end":{"line":517,"column":41}},"183":{"start":{"line":519,"column":6},"end":{"line":519,"column":21}},"184":{"start":{"line":520,"column":19},"end":{"line":520,"column":59}},"185":{"start":{"line":522,"column":6},"end":{"line":524,"column":7}},"186":{"start":{"line":523,"column":8},"end":{"line":523,"column":38}},"187":{"start":{"line":523,"column":25},"end":{"line":523,"column":38}},"188":{"start":{"line":526,"column":6},"end":{"line":526,"column":24}},"189":{"start":{"line":527,"column":6},"end":{"line":527,"column":24}},"190":{"start":{"line":528,"column":6},"end":{"line":528,"column":27}},"191":{"start":{"line":529,"column":6},"end":{"line":529,"column":18}},"192":{"start":{"line":532,"column":4},"end":{"line":534,"column":5}},"193":{"start":{"line":533,"column":6},"end":{"line":533,"column":36}},"194":{"start":{"line":533,"column":24},"end":{"line":533,"column":36}},"195":{"start":{"line":536,"column":4},"end":{"line":536,"column":18}},"196":{"start":{"line":545,"column":4},"end":{"line":545,"column":32}},"197":{"start":{"line":546,"column":4},"end":{"line":551,"column":6}},"198":{"start":{"line":555,"column":4},"end":{"line":555,"column":38}},"199":{"start":{"line":556,"column":4},"end":{"line":556,"column":16}},"200":{"start":{"line":560,"column":17},"end":{"line":560,"column":19}},"201":{"start":{"line":562,"column":4},"end":{"line":567,"column":5}},"202":{"start":{"line":563,"column":22},"end":{"line":563,"column":50}},"203":{"start":{"line":564,"column":6},"end":{"line":566,"column":7}},"204":{"start":{"line":565,"column":8},"end":{"line":565,"column":39}},"205":{"start":{"line":569,"column":4},"end":{"line":569,"column":16}},"206":{"start":{"line":573,"column":19},"end":{"line":573,"column":21}},"207":{"start":{"line":575,"column":4},"end":{"line":592,"column":5}},"208":{"start":{"line":576,"column":22},"end":{"line":576,"column":44}},"209":{"start":{"line":577,"column":19},"end":{"line":577,"column":50}},"210":{"start":{"line":579,"column":6},"end":{"line":591,"column":7}},"211":{"start":{"line":580,"column":8},"end":{"line":590,"column":9}},"212":{"start":{"line":581,"column":10},"end":{"line":589,"column":12}},"213":{"start":{"line":594,"column":4},"end":{"line":598,"column":6}},"214":{"start":{"line":607,"column":4},"end":{"line":607,"column":12}},"215":{"start":{"line":608,"column":4},"end":{"line":608,"column":74}},"216":{"start":{"line":609,"column":4},"end":{"line":609,"column":53}},"217":{"start":{"line":610,"column":4},"end":{"line":610,"column":77}},"218":{"start":{"line":611,"column":4},"end":{"line":611,"column":77}},"219":{"start":{"line":612,"column":4},"end":{"line":612,"column":73}},"220":{"start":{"line":613,"column":4},"end":{"line":613,"column":31}},"221":{"start":{"line":614,"column":4},"end":{"line":614,"column":32}},"222":{"start":{"line":619,"column":4},"end":{"line":621,"column":5}},"223":{"start":{"line":620,"column":6},"end":{"line":620,"column":77}},"224":{"start":{"line":622,"column":4},"end":{"line":622,"column":46}},"225":{"start":{"line":623,"column":4},"end":{"line":623,"column":69}},"226":{"start":{"line":624,"column":4},"end":{"line":624,"column":47}},"227":{"start":{"line":625,"column":4},"end":{"line":625,"column":16}},"228":{"start":{"line":629,"column":4},"end":{"line":629,"column":34}},"229":{"start":{"line":633,"column":4},"end":{"line":633,"column":40}},"230":{"start":{"line":638,"column":4},"end":{"line":638,"column":49}},"231":{"start":{"line":639,"column":4},"end":{"line":639,"column":63}},"232":{"start":{"line":640,"column":4},"end":{"line":640,"column":16}},"233":{"start":{"line":645,"column":22},"end":{"line":645,"column":44}},"234":{"start":{"line":646,"column":19},"end":{"line":646,"column":59}},"235":{"start":{"line":647,"column":4},"end":{"line":647,"column":49}},"236":{"start":{"line":648,"column":4},"end":{"line":648,"column":18}},"237":{"start":{"line":652,"column":22},"end":{"line":652,"column":44}},"238":{"start":{"line":653,"column":19},"end":{"line":653,"column":57}},"239":{"start":{"line":654,"column":4},"end":{"line":654,"column":42}},"240":{"start":{"line":655,"column":4},"end":{"line":655,"column":18}},"241":{"start":{"line":659,"column":22},"end":{"line":659,"column":44}},"242":{"start":{"line":660,"column":19},"end":{"line":660,"column":63}},"243":{"start":{"line":661,"column":4},"end":{"line":661,"column":50}},"244":{"start":{"line":662,"column":4},"end":{"line":662,"column":18}},"245":{"start":{"line":666,"column":22},"end":{"line":666,"column":44}},"246":{"start":{"line":667,"column":19},"end":{"line":667,"column":63}},"247":{"start":{"line":668,"column":4},"end":{"line":668,"column":50}},"248":{"start":{"line":669,"column":4},"end":{"line":669,"column":18}},"249":{"start":{"line":673,"column":22},"end":{"line":673,"column":44}},"250":{"start":{"line":674,"column":19},"end":{"line":674,"column":62}},"251":{"start":{"line":675,"column":4},"end":{"line":675,"column":48}},"252":{"start":{"line":676,"column":4},"end":{"line":676,"column":18}},"253":{"start":{"line":680,"column":20},"end":{"line":686,"column":5}},"254":{"start":{"line":688,"column":22},"end":{"line":694,"column":5}},"255":{"start":{"line":696,"column":18},"end":{"line":698,"column":5}},"256":{"start":{"line":697,"column":11},"end":{"line":697,"column":76}},"257":{"start":{"line":700,"column":4},"end":{"line":700,"column":76}},"258":{"start":{"line":702,"column":4},"end":{"line":715,"column":6}},"259":{"start":{"line":709,"column":46},"end":{"line":709,"column":78}},"260":{"start":{"line":710,"column":43},"end":{"line":710,"column":72}},"261":{"start":{"line":711,"column":45},"end":{"line":711,"column":76}},"262":{"start":{"line":719,"column":4},"end":{"line":723,"column":7}},"263":{"start":{"line":726,"column":4},"end":{"line":728,"column":5}},"264":{"start":{"line":727,"column":6},"end":{"line":727,"column":66}},"265":{"start":{"line":732,"column":4},"end":{"line":734,"column":5}},"266":{"start":{"line":733,"column":6},"end":{"line":733,"column":65}},"267":{"start":{"line":733,"column":48},"end":{"line":733,"column":63}},"268":{"start":{"line":735,"column":4},"end":{"line":735,"column":34}},"269":{"start":{"line":740,"column":23},"end":{"line":740,"column":41}},"270":{"start":{"line":741,"column":18},"end":{"line":760,"column":5}},"271":{"start":{"line":762,"column":4},"end":{"line":776,"column":5}},"272":{"start":{"line":763,"column":6},"end":{"line":763,"column":34}},"273":{"start":{"line":765,"column":6},"end":{"line":775,"column":7}},"274":{"start":{"line":767,"column":10},"end":{"line":767,"column":89}},"275":{"start":{"line":768,"column":8},"end":{"line":768,"column":51}},"276":{"start":{"line":769,"column":8},"end":{"line":769,"column":23}},"277":{"start":{"line":770,"column":8},"end":{"line":770,"column":44}},"278":{"start":{"line":771,"column":8},"end":{"line":771,"column":52}},"279":{"start":{"line":772,"column":8},"end":{"line":772,"column":72}},"280":{"start":{"line":772,"column":28},"end":{"line":772,"column":72}},"281":{"start":{"line":773,"column":8},"end":{"line":773,"column":78}},"282":{"start":{"line":773,"column":30},"end":{"line":773,"column":78}},"283":{"start":{"line":774,"column":8},"end":{"line":774,"column":23}},"284":{"start":{"line":778,"column":4},"end":{"line":778,"column":28}},"285":{"start":{"line":786,"column":20},"end":{"line":786,"column":50}},"286":{"start":{"line":789,"column":2},"end":{"line":789,"column":89}},"287":{"start":{"line":790,"column":2},"end":{"line":790,"column":90}},"288":{"start":{"line":793,"column":2},"end":{"line":796,"column":5}},"289":{"start":{"line":797,"column":2},"end":{"line":797,"column":96}},"290":{"start":{"line":798,"column":2},"end":{"line":798,"column":100}},"291":{"start":{"line":800,"column":2},"end":{"line":800,"column":19}},"292":{"start":{"line":803,"column":0},"end":{"line":821,"column":2}}},"fnMap":{"0":{"name":"(anonymous_0)","decl":{"start":{"line":46,"column":2},"end":{"line":46,"column":3}},"loc":{"start":{"line":46,"column":28},"end":{"line":57,"column":3}},"line":46},"1":{"name":"(anonymous_1)","decl":{"start":{"line":59,"column":2},"end":{"line":59,"column":3}},"loc":{"start":{"line":59,"column":11},"end":{"line":71,"column":3}},"line":59},"2":{"name":"(anonymous_2)","decl":{"start":{"line":78,"column":2},"end":{"line":78,"column":3}},"loc":{"start":{"line":78,"column":38},"end":{"line":86,"column":3}},"line":78},"3":{"name":"(anonymous_3)","decl":{"start":{"line":88,"column":2},"end":{"line":88,"column":3}},"loc":{"start":{"line":88,"column":21},"end":{"line":91,"column":3}},"line":88},"4":{"name":"(anonymous_4)","decl":{"start":{"line":93,"column":2},"end":{"line":93,"column":3}},"loc":{"start":{"line":93,"column":20},"end":{"line":96,"column":3}},"line":93},"5":{"name":"(anonymous_5)","decl":{"start":{"line":98,"column":2},"end":{"line":98,"column":3}},"loc":{"start":{"line":98,"column":11},"end":{"line":108,"column":3}},"line":98},"6":{"name":"(anonymous_6)","decl":{"start":{"line":105,"column":42},"end":{"line":105,"column":43}},"loc":{"start":{"line":105,"column":48},"end":{"line":105,"column":80}},"line":105},"7":{"name":"(anonymous_7)","decl":{"start":{"line":106,"column":38},"end":{"line":106,"column":39}},"loc":{"start":{"line":106,"column":44},"end":{"line":106,"column":76}},"line":106},"8":{"name":"(anonymous_8)","decl":{"start":{"line":115,"column":2},"end":{"line":115,"column":3}},"loc":{"start":{"line":115,"column":28},"end":{"line":118,"column":3}},"line":115},"9":{"name":"(anonymous_9)","decl":{"start":{"line":120,"column":2},"end":{"line":120,"column":3}},"loc":{"start":{"line":120,"column":16},"end":{"line":123,"column":3}},"line":120},"10":{"name":"(anonymous_10)","decl":{"start":{"line":125,"column":2},"end":{"line":125,"column":3}},"loc":{"start":{"line":125,"column":19},"end":{"line":149,"column":3}},"line":125},"11":{"name":"(anonymous_11)","decl":{"start":{"line":145,"column":26},"end":{"line":145,"column":27}},"loc":{"start":{"line":145,"column":31},"end":{"line":145,"column":96}},"line":145},"12":{"name":"(anonymous_12)","decl":{"start":{"line":152,"column":2},"end":{"line":152,"column":3}},"loc":{"start":{"line":152,"column":39},"end":{"line":181,"column":3}},"line":152},"13":{"name":"(anonymous_13)","decl":{"start":{"line":155,"column":13},"end":{"line":155,"column":14}},"loc":{"start":{"line":155,"column":26},"end":{"line":179,"column":7}},"line":155},"14":{"name":"(anonymous_14)","decl":{"start":{"line":183,"column":2},"end":{"line":183,"column":3}},"loc":{"start":{"line":183,"column":40},"end":{"line":216,"column":3}},"line":183},"15":{"name":"(anonymous_15)","decl":{"start":{"line":186,"column":13},"end":{"line":186,"column":14}},"loc":{"start":{"line":186,"column":26},"end":{"line":214,"column":7}},"line":186},"16":{"name":"(anonymous_16)","decl":{"start":{"line":200,"column":59},"end":{"line":200,"column":60}},"loc":{"start":{"line":200,"column":64},"end":{"line":200,"column":73}},"line":200},"17":{"name":"(anonymous_17)","decl":{"start":{"line":223,"column":2},"end":{"line":223,"column":3}},"loc":{"start":{"line":223,"column":28},"end":{"line":230,"column":3}},"line":223},"18":{"name":"(anonymous_18)","decl":{"start":{"line":232,"column":2},"end":{"line":232,"column":3}},"loc":{"start":{"line":232,"column":26},"end":{"line":238,"column":3}},"line":232},"19":{"name":"(anonymous_19)","decl":{"start":{"line":240,"column":2},"end":{"line":240,"column":3}},"loc":{"start":{"line":240,"column":24},"end":{"line":272,"column":3}},"line":240},"20":{"name":"(anonymous_20)","decl":{"start":{"line":242,"column":46},"end":{"line":242,"column":47}},"loc":{"start":{"line":242,"column":51},"end":{"line":242,"column":60}},"line":242},"21":{"name":"(anonymous_21)","decl":{"start":{"line":249,"column":46},"end":{"line":249,"column":47}},"loc":{"start":{"line":249,"column":56},"end":{"line":252,"column":9}},"line":249},"22":{"name":"(anonymous_22)","decl":{"start":{"line":274,"column":2},"end":{"line":274,"column":3}},"loc":{"start":{"line":274,"column":37},"end":{"line":283,"column":3}},"line":274},"23":{"name":"(anonymous_23)","decl":{"start":{"line":275,"column":43},"end":{"line":275,"column":44}},"loc":{"start":{"line":275,"column":55},"end":{"line":277,"column":5}},"line":275},"24":{"name":"(anonymous_24)","decl":{"start":{"line":285,"column":2},"end":{"line":285,"column":3}},"loc":{"start":{"line":285,"column":26},"end":{"line":297,"column":3}},"line":285},"25":{"name":"(anonymous_25)","decl":{"start":{"line":304,"column":2},"end":{"line":304,"column":3}},"loc":{"start":{"line":304,"column":28},"end":{"line":307,"column":3}},"line":304},"26":{"name":"(anonymous_26)","decl":{"start":{"line":309,"column":2},"end":{"line":309,"column":3}},"loc":{"start":{"line":309,"column":34},"end":{"line":312,"column":3}},"line":309},"27":{"name":"(anonymous_27)","decl":{"start":{"line":314,"column":2},"end":{"line":314,"column":3}},"loc":{"start":{"line":314,"column":38},"end":{"line":317,"column":3}},"line":314},"28":{"name":"(anonymous_28)","decl":{"start":{"line":319,"column":2},"end":{"line":319,"column":3}},"loc":{"start":{"line":319,"column":26},"end":{"line":363,"column":3}},"line":319},"29":{"name":"(anonymous_29)","decl":{"start":{"line":359,"column":30},"end":{"line":359,"column":31}},"loc":{"start":{"line":359,"column":35},"end":{"line":359,"column":64}},"line":359},"30":{"name":"(anonymous_30)","decl":{"start":{"line":365,"column":2},"end":{"line":365,"column":3}},"loc":{"start":{"line":365,"column":22},"end":{"line":381,"column":3}},"line":365},"31":{"name":"(anonymous_31)","decl":{"start":{"line":372,"column":38},"end":{"line":372,"column":39}},"loc":{"start":{"line":372,"column":43},"end":{"line":372,"column":51}},"line":372},"32":{"name":"(anonymous_32)","decl":{"start":{"line":373,"column":41},"end":{"line":373,"column":42}},"loc":{"start":{"line":373,"column":46},"end":{"line":373,"column":56}},"line":373},"33":{"name":"(anonymous_33)","decl":{"start":{"line":376,"column":30},"end":{"line":376,"column":31}},"loc":{"start":{"line":376,"column":35},"end":{"line":376,"column":64}},"line":376},"34":{"name":"(anonymous_34)","decl":{"start":{"line":388,"column":2},"end":{"line":388,"column":3}},"loc":{"start":{"line":388,"column":28},"end":{"line":391,"column":3}},"line":388},"35":{"name":"(anonymous_35)","decl":{"start":{"line":393,"column":2},"end":{"line":393,"column":3}},"loc":{"start":{"line":393,"column":26},"end":{"line":399,"column":3}},"line":393},"36":{"name":"(anonymous_36)","decl":{"start":{"line":401,"column":2},"end":{"line":401,"column":3}},"loc":{"start":{"line":401,"column":29},"end":{"line":407,"column":3}},"line":401},"37":{"name":"(anonymous_37)","decl":{"start":{"line":409,"column":2},"end":{"line":409,"column":3}},"loc":{"start":{"line":409,"column":22},"end":{"line":411,"column":3}},"line":409},"38":{"name":"(anonymous_38)","decl":{"start":{"line":413,"column":2},"end":{"line":413,"column":3}},"loc":{"start":{"line":413,"column":20},"end":{"line":421,"column":3}},"line":413},"39":{"name":"(anonymous_39)","decl":{"start":{"line":423,"column":2},"end":{"line":423,"column":3}},"loc":{"start":{"line":423,"column":17},"end":{"line":454,"column":3}},"line":423},"40":{"name":"(anonymous_40)","decl":{"start":{"line":428,"column":16},"end":{"line":428,"column":17}},"loc":{"start":{"line":428,"column":37},"end":{"line":447,"column":5}},"line":428},"41":{"name":"(anonymous_41)","decl":{"start":{"line":456,"column":2},"end":{"line":456,"column":3}},"loc":{"start":{"line":456,"column":22},"end":{"line":508,"column":3}},"line":456},"42":{"name":"(anonymous_42)","decl":{"start":{"line":458,"column":46},"end":{"line":458,"column":47}},"loc":{"start":{"line":458,"column":51},"end":{"line":458,"column":55}},"line":458},"43":{"name":"(anonymous_43)","decl":{"start":{"line":510,"column":2},"end":{"line":510,"column":3}},"loc":{"start":{"line":510,"column":24},"end":{"line":537,"column":3}},"line":510},"44":{"name":"(anonymous_44)","decl":{"start":{"line":515,"column":18},"end":{"line":515,"column":19}},"loc":{"start":{"line":515,"column":26},"end":{"line":530,"column":5}},"line":515},"45":{"name":"(anonymous_45)","decl":{"start":{"line":544,"column":2},"end":{"line":544,"column":3}},"loc":{"start":{"line":544,"column":28},"end":{"line":552,"column":3}},"line":544},"46":{"name":"(anonymous_46)","decl":{"start":{"line":554,"column":2},"end":{"line":554,"column":3}},"loc":{"start":{"line":554,"column":34},"end":{"line":557,"column":3}},"line":554},"47":{"name":"(anonymous_47)","decl":{"start":{"line":559,"column":2},"end":{"line":559,"column":3}},"loc":{"start":{"line":559,"column":29},"end":{"line":570,"column":3}},"line":559},"48":{"name":"(anonymous_48)","decl":{"start":{"line":572,"column":2},"end":{"line":572,"column":3}},"loc":{"start":{"line":572,"column":22},"end":{"line":599,"column":3}},"line":572},"49":{"name":"(anonymous_49)","decl":{"start":{"line":606,"column":2},"end":{"line":606,"column":3}},"loc":{"start":{"line":606,"column":28},"end":{"line":615,"column":3}},"line":606},"50":{"name":"(anonymous_50)","decl":{"start":{"line":618,"column":2},"end":{"line":618,"column":3}},"loc":{"start":{"line":618,"column":29},"end":{"line":626,"column":3}},"line":618},"51":{"name":"(anonymous_51)","decl":{"start":{"line":628,"column":2},"end":{"line":628,"column":3}},"loc":{"start":{"line":628,"column":18},"end":{"line":630,"column":3}},"line":628},"52":{"name":"(anonymous_52)","decl":{"start":{"line":632,"column":2},"end":{"line":632,"column":3}},"loc":{"start":{"line":632,"column":20},"end":{"line":634,"column":3}},"line":632},"53":{"name":"(anonymous_53)","decl":{"start":{"line":637,"column":2},"end":{"line":637,"column":3}},"loc":{"start":{"line":637,"column":30},"end":{"line":641,"column":3}},"line":637},"54":{"name":"(anonymous_54)","decl":{"start":{"line":644,"column":2},"end":{"line":644,"column":3}},"loc":{"start":{"line":644,"column":24},"end":{"line":649,"column":3}},"line":644},"55":{"name":"(anonymous_55)","decl":{"start":{"line":651,"column":2},"end":{"line":651,"column":3}},"loc":{"start":{"line":651,"column":17},"end":{"line":656,"column":3}},"line":651},"56":{"name":"(anonymous_56)","decl":{"start":{"line":658,"column":2},"end":{"line":658,"column":3}},"loc":{"start":{"line":658,"column":25},"end":{"line":663,"column":3}},"line":658},"57":{"name":"(anonymous_57)","decl":{"start":{"line":665,"column":2},"end":{"line":665,"column":3}},"loc":{"start":{"line":665,"column":25},"end":{"line":670,"column":3}},"line":665},"58":{"name":"(anonymous_58)","decl":{"start":{"line":672,"column":2},"end":{"line":672,"column":3}},"loc":{"start":{"line":672,"column":23},"end":{"line":677,"column":3}},"line":672},"59":{"name":"(anonymous_59)","decl":{"start":{"line":679,"column":2},"end":{"line":679,"column":3}},"loc":{"start":{"line":679,"column":16},"end":{"line":716,"column":3}},"line":679},"60":{"name":"(anonymous_60)","decl":{"start":{"line":697,"column":6},"end":{"line":697,"column":7}},"loc":{"start":{"line":697,"column":11},"end":{"line":697,"column":76}},"line":697},"61":{"name":"(anonymous_61)","decl":{"start":{"line":709,"column":41},"end":{"line":709,"column":42}},"loc":{"start":{"line":709,"column":46},"end":{"line":709,"column":78}},"line":709},"62":{"name":"(anonymous_62)","decl":{"start":{"line":710,"column":38},"end":{"line":710,"column":39}},"loc":{"start":{"line":710,"column":43},"end":{"line":710,"column":72}},"line":710},"63":{"name":"(anonymous_63)","decl":{"start":{"line":711,"column":40},"end":{"line":711,"column":41}},"loc":{"start":{"line":711,"column":45},"end":{"line":711,"column":76}},"line":711},"64":{"name":"(anonymous_64)","decl":{"start":{"line":718,"column":2},"end":{"line":718,"column":3}},"loc":{"start":{"line":718,"column":33},"end":{"line":729,"column":3}},"line":718},"65":{"name":"(anonymous_65)","decl":{"start":{"line":731,"column":2},"end":{"line":731,"column":3}},"loc":{"start":{"line":731,"column":36},"end":{"line":736,"column":3}},"line":731},"66":{"name":"(anonymous_66)","decl":{"start":{"line":733,"column":43},"end":{"line":733,"column":44}},"loc":{"start":{"line":733,"column":48},"end":{"line":733,"column":63}},"line":733},"67":{"name":"(anonymous_67)","decl":{"start":{"line":739,"column":2},"end":{"line":739,"column":3}},"loc":{"start":{"line":739,"column":19},"end":{"line":779,"column":3}},"line":739},"68":{"name":"createAdvancedValidator","decl":{"start":{"line":785,"column":9},"end":{"line":785,"column":32}},"loc":{"start":{"line":785,"column":47},"end":{"line":801,"column":1}},"line":785}},"branchMap":{"0":{"loc":{"start":{"line":46,"column":14},"end":{"line":46,"column":26}},"type":"default-arg","locations":[{"start":{"line":46,"column":24},"end":{"line":46,"column":26}}],"line":46},"1":{"loc":{"start":{"line":47,"column":14},"end":{"line":47,"column":92}},"type":"binary-expr","locations":[{"start":{"line":47,"column":14},"end":{"line":47,"column":24}},{"start":{"line":47,"column":28},"end":{"line":47,"column":92}}],"line":47},"2":{"loc":{"start":{"line":48,"column":16},"end":{"line":48,"column":58}},"type":"binary-expr","locations":[{"start":{"line":48,"column":16},"end":{"line":48,"column":28}},{"start":{"line":48,"column":32},"end":{"line":48,"column":58}}],"line":48},"3":{"loc":{"start":{"line":49,"column":20},"end":{"line":49,"column":54}},"type":"binary-expr","locations":[{"start":{"line":49,"column":20},"end":{"line":49,"column":36}},{"start":{"line":49,"column":40},"end":{"line":49,"column":54}}],"line":49},"4":{"loc":{"start":{"line":50,"column":19},"end":{"line":50,"column":56}},"type":"binary-expr","locations":[{"start":{"line":50,"column":19},"end":{"line":50,"column":34}},{"start":{"line":50,"column":38},"end":{"line":50,"column":56}}],"line":50},"5":{"loc":{"start":{"line":51,"column":20},"end":{"line":51,"column":44}},"type":"binary-expr","locations":[{"start":{"line":51,"column":20},"end":{"line":51,"column":36}},{"start":{"line":51,"column":40},"end":{"line":51,"column":44}}],"line":51},"6":{"loc":{"start":{"line":52,"column":20},"end":{"line":52,"column":44}},"type":"binary-expr","locations":[{"start":{"line":52,"column":20},"end":{"line":52,"column":36}},{"start":{"line":52,"column":40},"end":{"line":52,"column":44}}],"line":52},"7":{"loc":{"start":{"line":53,"column":22},"end":{"line":53,"column":48}},"type":"binary-expr","locations":[{"start":{"line":53,"column":22},"end":{"line":53,"column":40}},{"start":{"line":53,"column":44},"end":{"line":53,"column":48}}],"line":53},"8":{"loc":{"start":{"line":54,"column":28},"end":{"line":54,"column":58}},"type":"binary-expr","locations":[{"start":{"line":54,"column":28},"end":{"line":54,"column":52}},{"start":{"line":54,"column":56},"end":{"line":54,"column":58}}],"line":54},"9":{"loc":{"start":{"line":55,"column":20},"end":{"line":55,"column":42}},"type":"binary-expr","locations":[{"start":{"line":55,"column":20},"end":{"line":55,"column":36}},{"start":{"line":55,"column":40},"end":{"line":55,"column":42}}],"line":55},"10":{"loc":{"start":{"line":78,"column":24},"end":{"line":78,"column":36}},"type":"default-arg","locations":[{"start":{"line":78,"column":34},"end":{"line":78,"column":36}}],"line":78},"11":{"loc":{"start":{"line":81,"column":16},"end":{"line":81,"column":34}},"type":"binary-expr","locations":[{"start":{"line":81,"column":16},"end":{"line":81,"column":28}},{"start":{"line":81,"column":32},"end":{"line":81,"column":34}}],"line":81},"12":{"loc":{"start":{"line":82,"column":16},"end":{"line":82,"column":36}},"type":"binary-expr","locations":[{"start":{"line":82,"column":16},"end":{"line":82,"column":28}},{"start":{"line":82,"column":32},"end":{"line":82,"column":36}}],"line":82},"13":{"loc":{"start":{"line":83,"column":19},"end":{"line":83,"column":42}},"type":"binary-expr","locations":[{"start":{"line":83,"column":19},"end":{"line":83,"column":34}},{"start":{"line":83,"column":38},"end":{"line":83,"column":42}}],"line":83},"14":{"loc":{"start":{"line":84,"column":24},"end":{"line":84,"column":50}},"type":"binary-expr","locations":[{"start":{"line":84,"column":24},"end":{"line":84,"column":44}},{"start":{"line":84,"column":48},"end":{"line":84,"column":50}}],"line":84},"15":{"loc":{"start":{"line":85,"column":22},"end":{"line":85,"column":46}},"type":"binary-expr","locations":[{"start":{"line":85,"column":22},"end":{"line":85,"column":40}},{"start":{"line":85,"column":44},"end":{"line":85,"column":46}}],"line":85},"16":{"loc":{"start":{"line":105,"column":48},"end":{"line":105,"column":80}},"type":"cond-expr","locations":[{"start":{"line":105,"column":72},"end":{"line":105,"column":73}},{"start":{"line":105,"column":76},"end":{"line":105,"column":80}}],"line":105},"17":{"loc":{"start":{"line":106,"column":44},"end":{"line":106,"column":76}},"type":"cond-expr","locations":[{"start":{"line":106,"column":68},"end":{"line":106,"column":69}},{"start":{"line":106,"column":72},"end":{"line":106,"column":76}}],"line":106},"18":{"loc":{"start":{"line":115,"column":14},"end":{"line":115,"column":26}},"type":"default-arg","locations":[{"start":{"line":115,"column":24},"end":{"line":115,"column":26}}],"line":115},"19":{"loc":{"start":{"line":117,"column":22},"end":{"line":117,"column":45}},"type":"binary-expr","locations":[{"start":{"line":117,"column":22},"end":{"line":117,"column":36}},{"start":{"line":117,"column":40},"end":{"line":117,"column":45}}],"line":117},"20":{"loc":{"start":{"line":145,"column":31},"end":{"line":145,"column":96}},"type":"binary-expr","locations":[{"start":{"line":145,"column":31},"end":{"line":145,"column":63}},{"start":{"line":145,"column":67},"end":{"line":145,"column":96}}],"line":145},"21":{"loc":{"start":{"line":161,"column":10},"end":{"line":172,"column":11}},"type":"if","locations":[{"start":{"line":161,"column":10},"end":{"line":172,"column":11}},{"start":{},"end":{}}],"line":161},"22":{"loc":{"start":{"line":161,"column":14},"end":{"line":161,"column":49}},"type":"binary-expr","locations":[{"start":{"line":161,"column":14},"end":{"line":161,"column":24}},{"start":{"line":161,"column":28},"end":{"line":161,"column":49}}],"line":161},"23":{"loc":{"start":{"line":173,"column":10},"end":{"line":175,"column":11}},"type":"if","locations":[{"start":{"line":173,"column":10},"end":{"line":175,"column":11}},{"start":{},"end":{}}],"line":173},"24":{"loc":{"start":{"line":191,"column":10},"end":{"line":196,"column":11}},"type":"if","locations":[{"start":{"line":191,"column":10},"end":{"line":196,"column":11}},{"start":{},"end":{}}],"line":191},"25":{"loc":{"start":{"line":192,"column":12},"end":{"line":194,"column":13}},"type":"if","locations":[{"start":{"line":192,"column":12},"end":{"line":194,"column":13}},{"start":{},"end":{}}],"line":192},"26":{"loc":{"start":{"line":201,"column":10},"end":{"line":210,"column":11}},"type":"if","locations":[{"start":{"line":201,"column":10},"end":{"line":210,"column":11}},{"start":{},"end":{}}],"line":201},"27":{"loc":{"start":{"line":223,"column":14},"end":{"line":223,"column":26}},"type":"default-arg","locations":[{"start":{"line":223,"column":24},"end":{"line":223,"column":26}}],"line":223},"28":{"loc":{"start":{"line":225,"column":25},"end":{"line":229,"column":5}},"type":"binary-expr","locations":[{"start":{"line":225,"column":25},"end":{"line":225,"column":46}},{"start":{"line":225,"column":50},"end":{"line":229,"column":5}}],"line":225},"29":{"loc":{"start":{"line":233,"column":4},"end":{"line":235,"column":5}},"type":"if","locations":[{"start":{"line":233,"column":4},"end":{"line":235,"column":5}},{"start":{},"end":{}}],"line":233},"30":{"loc":{"start":{"line":245,"column":30},"end":{"line":245,"column":69}},"type":"binary-expr","locations":[{"start":{"line":245,"column":30},"end":{"line":245,"column":63}},{"start":{"line":245,"column":67},"end":{"line":245,"column":69}}],"line":245},"31":{"loc":{"start":{"line":246,"column":26},"end":{"line":246,"column":79}},"type":"binary-expr","locations":[{"start":{"line":246,"column":26},"end":{"line":246,"column":66}},{"start":{"line":246,"column":70},"end":{"line":246,"column":79}}],"line":246},"32":{"loc":{"start":{"line":251,"column":17},"end":{"line":251,"column":55}},"type":"binary-expr","locations":[{"start":{"line":251,"column":17},"end":{"line":251,"column":23}},{"start":{"line":251,"column":27},"end":{"line":251,"column":55}}],"line":251},"33":{"loc":{"start":{"line":254,"column":8},"end":{"line":264,"column":9}},"type":"if","locations":[{"start":{"line":254,"column":8},"end":{"line":264,"column":9}},{"start":{},"end":{}}],"line":254},"34":{"loc":{"start":{"line":276,"column":20},"end":{"line":276,"column":59}},"type":"binary-expr","locations":[{"start":{"line":276,"column":20},"end":{"line":276,"column":54}},{"start":{"line":276,"column":58},"end":{"line":276,"column":59}}],"line":276},"35":{"loc":{"start":{"line":279,"column":4},"end":{"line":279,"column":40}},"type":"if","locations":[{"start":{"line":279,"column":4},"end":{"line":279,"column":40}},{"start":{},"end":{}}],"line":279},"36":{"loc":{"start":{"line":304,"column":14},"end":{"line":304,"column":26}},"type":"default-arg","locations":[{"start":{"line":304,"column":24},"end":{"line":304,"column":26}}],"line":304},"37":{"loc":{"start":{"line":305,"column":26},"end":{"line":305,"column":54}},"type":"binary-expr","locations":[{"start":{"line":305,"column":26},"end":{"line":305,"column":48}},{"start":{"line":305,"column":52},"end":{"line":305,"column":54}}],"line":305},"38":{"loc":{"start":{"line":306,"column":28},"end":{"line":306,"column":58}},"type":"binary-expr","locations":[{"start":{"line":306,"column":28},"end":{"line":306,"column":52}},{"start":{"line":306,"column":56},"end":{"line":306,"column":58}}],"line":306},"39":{"loc":{"start":{"line":323,"column":27},"end":{"line":323,"column":67}},"type":"binary-expr","locations":[{"start":{"line":323,"column":27},"end":{"line":323,"column":61}},{"start":{"line":323,"column":65},"end":{"line":323,"column":67}}],"line":323},"40":{"loc":{"start":{"line":325,"column":20},"end":{"line":325,"column":65}},"type":"binary-expr","locations":[{"start":{"line":325,"column":20},"end":{"line":325,"column":35}},{"start":{"line":325,"column":39},"end":{"line":325,"column":65}}],"line":325},"41":{"loc":{"start":{"line":326,"column":6},"end":{"line":336,"column":7}},"type":"if","locations":[{"start":{"line":326,"column":6},"end":{"line":336,"column":7}},{"start":{},"end":{}}],"line":326},"42":{"loc":{"start":{"line":326,"column":10},"end":{"line":326,"column":63}},"type":"binary-expr","locations":[{"start":{"line":326,"column":10},"end":{"line":326,"column":29}},{"start":{"line":326,"column":33},"end":{"line":326,"column":47}},{"start":{"line":326,"column":51},"end":{"line":326,"column":63}}],"line":326},"43":{"loc":{"start":{"line":340,"column":29},"end":{"line":340,"column":71}},"type":"binary-expr","locations":[{"start":{"line":340,"column":29},"end":{"line":340,"column":65}},{"start":{"line":340,"column":69},"end":{"line":340,"column":71}}],"line":340},"44":{"loc":{"start":{"line":341,"column":20},"end":{"line":341,"column":42}},"type":"binary-expr","locations":[{"start":{"line":341,"column":20},"end":{"line":341,"column":36}},{"start":{"line":341,"column":40},"end":{"line":341,"column":42}}],"line":341},"45":{"loc":{"start":{"line":345,"column":6},"end":{"line":355,"column":7}},"type":"if","locations":[{"start":{"line":345,"column":6},"end":{"line":355,"column":7}},{"start":{},"end":{}}],"line":345},"46":{"loc":{"start":{"line":388,"column":14},"end":{"line":388,"column":26}},"type":"default-arg","locations":[{"start":{"line":388,"column":24},"end":{"line":388,"column":26}}],"line":388},"47":{"loc":{"start":{"line":390,"column":23},"end":{"line":390,"column":51}},"type":"binary-expr","locations":[{"start":{"line":390,"column":23},"end":{"line":390,"column":42}},{"start":{"line":390,"column":46},"end":{"line":390,"column":51}}],"line":390},"48":{"loc":{"start":{"line":394,"column":4},"end":{"line":396,"column":5}},"type":"if","locations":[{"start":{"line":394,"column":4},"end":{"line":396,"column":5}},{"start":{},"end":{}}],"line":394},"49":{"loc":{"start":{"line":403,"column":4},"end":{"line":405,"column":5}},"type":"if","locations":[{"start":{"line":403,"column":4},"end":{"line":405,"column":5}},{"start":{},"end":{}}],"line":403},"50":{"loc":{"start":{"line":410,"column":16},"end":{"line":410,"column":47}},"type":"binary-expr","locations":[{"start":{"line":410,"column":16},"end":{"line":410,"column":41}},{"start":{"line":410,"column":45},"end":{"line":410,"column":47}}],"line":410},"51":{"loc":{"start":{"line":416,"column":6},"end":{"line":418,"column":7}},"type":"if","locations":[{"start":{"line":416,"column":6},"end":{"line":418,"column":7}},{"start":{},"end":{}}],"line":416},"52":{"loc":{"start":{"line":428,"column":23},"end":{"line":428,"column":32}},"type":"default-arg","locations":[{"start":{"line":428,"column":30},"end":{"line":428,"column":32}}],"line":428},"53":{"loc":{"start":{"line":429,"column":6},"end":{"line":433,"column":7}},"type":"if","locations":[{"start":{"line":429,"column":6},"end":{"line":433,"column":7}},{"start":{},"end":{}}],"line":429},"54":{"loc":{"start":{"line":435,"column":6},"end":{"line":435,"column":36}},"type":"if","locations":[{"start":{"line":435,"column":6},"end":{"line":435,"column":36}},{"start":{},"end":{}}],"line":435},"55":{"loc":{"start":{"line":441,"column":19},"end":{"line":441,"column":59}},"type":"binary-expr","locations":[{"start":{"line":441,"column":19},"end":{"line":441,"column":46}},{"start":{"line":441,"column":50},"end":{"line":441,"column":59}}],"line":441},"56":{"loc":{"start":{"line":462,"column":6},"end":{"line":471,"column":7}},"type":"if","locations":[{"start":{"line":462,"column":6},"end":{"line":471,"column":7}},{"start":{},"end":{}}],"line":462},"57":{"loc":{"start":{"line":474,"column":8},"end":{"line":484,"column":9}},"type":"if","locations":[{"start":{"line":474,"column":8},"end":{"line":484,"column":9}},{"start":{},"end":{}}],"line":474},"58":{"loc":{"start":{"line":489,"column":4},"end":{"line":501,"column":5}},"type":"if","locations":[{"start":{"line":489,"column":4},"end":{"line":501,"column":5}},{"start":{},"end":{}}],"line":489},"59":{"loc":{"start":{"line":516,"column":6},"end":{"line":516,"column":39}},"type":"if","locations":[{"start":{"line":516,"column":6},"end":{"line":516,"column":39}},{"start":{},"end":{}}],"line":516},"60":{"loc":{"start":{"line":517,"column":6},"end":{"line":517,"column":41}},"type":"if","locations":[{"start":{"line":517,"column":6},"end":{"line":517,"column":41}},{"start":{},"end":{}}],"line":517},"61":{"loc":{"start":{"line":520,"column":19},"end":{"line":520,"column":59}},"type":"binary-expr","locations":[{"start":{"line":520,"column":19},"end":{"line":520,"column":46}},{"start":{"line":520,"column":50},"end":{"line":520,"column":59}}],"line":520},"62":{"loc":{"start":{"line":523,"column":8},"end":{"line":523,"column":38}},"type":"if","locations":[{"start":{"line":523,"column":8},"end":{"line":523,"column":38}},{"start":{},"end":{}}],"line":523},"63":{"loc":{"start":{"line":533,"column":6},"end":{"line":533,"column":36}},"type":"if","locations":[{"start":{"line":533,"column":6},"end":{"line":533,"column":36}},{"start":{},"end":{}}],"line":533},"64":{"loc":{"start":{"line":544,"column":14},"end":{"line":544,"column":26}},"type":"default-arg","locations":[{"start":{"line":544,"column":24},"end":{"line":544,"column":26}}],"line":544},"65":{"loc":{"start":{"line":546,"column":20},"end":{"line":551,"column":5}},"type":"binary-expr","locations":[{"start":{"line":546,"column":20},"end":{"line":546,"column":36}},{"start":{"line":546,"column":40},"end":{"line":551,"column":5}}],"line":546},"66":{"loc":{"start":{"line":563,"column":22},"end":{"line":563,"column":50}},"type":"binary-expr","locations":[{"start":{"line":563,"column":22},"end":{"line":563,"column":44}},{"start":{"line":563,"column":48},"end":{"line":563,"column":50}}],"line":563},"67":{"loc":{"start":{"line":576,"column":22},"end":{"line":576,"column":44}},"type":"binary-expr","locations":[{"start":{"line":576,"column":22},"end":{"line":576,"column":38}},{"start":{"line":576,"column":42},"end":{"line":576,"column":44}}],"line":576},"68":{"loc":{"start":{"line":580,"column":8},"end":{"line":590,"column":9}},"type":"if","locations":[{"start":{"line":580,"column":8},"end":{"line":590,"column":9}},{"start":{},"end":{}}],"line":580},"69":{"loc":{"start":{"line":606,"column":14},"end":{"line":606,"column":26}},"type":"default-arg","locations":[{"start":{"line":606,"column":24},"end":{"line":606,"column":26}}],"line":606},"70":{"loc":{"start":{"line":619,"column":4},"end":{"line":621,"column":5}},"type":"if","locations":[{"start":{"line":619,"column":4},"end":{"line":621,"column":5}},{"start":{},"end":{}}],"line":619},"71":{"loc":{"start":{"line":697,"column":11},"end":{"line":697,"column":76}},"type":"binary-expr","locations":[{"start":{"line":697,"column":11},"end":{"line":697,"column":43}},{"start":{"line":697,"column":47},"end":{"line":697,"column":76}}],"line":697},"72":{"loc":{"start":{"line":726,"column":4},"end":{"line":728,"column":5}},"type":"if","locations":[{"start":{"line":726,"column":4},"end":{"line":728,"column":5}},{"start":{},"end":{}}],"line":726},"73":{"loc":{"start":{"line":731,"column":23},"end":{"line":731,"column":34}},"type":"default-arg","locations":[{"start":{"line":731,"column":30},"end":{"line":731,"column":34}}],"line":731},"74":{"loc":{"start":{"line":732,"column":4},"end":{"line":734,"column":5}},"type":"if","locations":[{"start":{"line":732,"column":4},"end":{"line":734,"column":5}},{"start":{},"end":{}}],"line":732},"75":{"loc":{"start":{"line":748,"column":23},"end":{"line":748,"column":65}},"type":"cond-expr","locations":[{"start":{"line":748,"column":42},"end":{"line":748,"column":51}},{"start":{"line":748,"column":54},"end":{"line":748,"column":65}}],"line":748},"76":{"loc":{"start":{"line":762,"column":4},"end":{"line":776,"column":5}},"type":"if","locations":[{"start":{"line":762,"column":4},"end":{"line":776,"column":5}},{"start":{},"end":{}}],"line":762},"77":{"loc":{"start":{"line":767,"column":10},"end":{"line":767,"column":89}},"type":"cond-expr","locations":[{"start":{"line":767,"column":42},"end":{"line":767,"column":46}},{"start":{"line":767,"column":49},"end":{"line":767,"column":89}}],"line":767},"78":{"loc":{"start":{"line":767,"column":49},"end":{"line":767,"column":89}},"type":"cond-expr","locations":[{"start":{"line":767,"column":78},"end":{"line":767,"column":82}},{"start":{"line":767,"column":85},"end":{"line":767,"column":89}}],"line":767},"79":{"loc":{"start":{"line":772,"column":8},"end":{"line":772,"column":72}},"type":"if","locations":[{"start":{"line":772,"column":8},"end":{"line":772,"column":72}},{"start":{},"end":{}}],"line":772},"80":{"loc":{"start":{"line":773,"column":8},"end":{"line":773,"column":78}},"type":"if","locations":[{"start":{"line":773,"column":8},"end":{"line":773,"column":78}},{"start":{},"end":{}}],"line":773},"81":{"loc":{"start":{"line":785,"column":33},"end":{"line":785,"column":45}},"type":"default-arg","locations":[{"start":{"line":785,"column":43},"end":{"line":785,"column":45}}],"line":785}},"s":{"0":2,"1":2,"2":2,"3":2,"4":2,"5":30,"6":30,"7":30,"8":30,"9":30,"10":30,"11":30,"12":30,"13":30,"14":30,"15":1,"16":16,"17":16,"18":16,"19":16,"20":16,"21":16,"22":16,"23":3,"24":3,"25":1,"26":1,"27":1,"28":1,"29":0,"30":20,"31":20,"32":35,"33":35,"34":8,"35":8,"36":12,"37":12,"38":11,"39":1,"40":8,"41":4,"42":16,"43":5,"44":5,"45":5,"46":6,"47":6,"48":1,"49":1,"50":6,"51":6,"52":5,"53":16,"54":5,"55":5,"56":5,"57":6,"58":2,"59":1,"60":2,"61":5,"62":1,"63":2,"64":1,"65":1,"66":5,"67":20,"68":20,"69":9,"70":7,"71":9,"72":9,"73":7,"74":7,"75":10,"76":7,"77":10,"78":10,"79":10,"80":16,"81":5,"82":5,"83":16,"84":13,"85":7,"86":7,"87":10,"88":7,"89":0,"90":7,"91":7,"92":1,"93":1,"94":2,"95":1,"96":19,"97":19,"98":33,"99":33,"100":16,"101":16,"102":7,"103":7,"104":7,"105":10,"106":10,"107":5,"108":7,"109":7,"110":7,"111":2,"112":2,"113":1,"114":7,"115":6,"116":4,"117":4,"118":5,"119":4,"120":5,"121":4,"122":5,"123":4,"124":4,"125":24,"126":24,"127":17,"128":17,"129":17,"130":17,"131":0,"132":0,"133":0,"134":0,"135":1,"136":2,"137":2,"138":4,"139":4,"140":2,"141":12,"142":12,"143":12,"144":12,"145":26,"146":4,"147":4,"148":4,"149":22,"150":5,"151":17,"152":17,"153":17,"154":17,"155":17,"156":13,"157":17,"158":12,"159":13,"160":12,"161":6,"162":6,"163":8,"164":6,"165":6,"166":0,"167":6,"168":6,"169":2,"170":6,"171":5,"172":5,"173":1,"174":6,"175":2,"176":2,"177":2,"178":2,"179":7,"180":1,"181":6,"182":1,"183":5,"184":5,"185":5,"186":4,"187":2,"188":3,"189":3,"190":3,"191":3,"192":2,"193":3,"194":1,"195":1,"196":19,"197":19,"198":16,"199":16,"200":6,"201":6,"202":24,"203":24,"204":7,"205":6,"206":5,"207":5,"208":5,"209":5,"210":5,"211":4,"212":1,"213":5,"214":15,"215":15,"216":15,"217":15,"218":15,"219":15,"220":15,"221":15,"222":12,"223":12,"224":12,"225":12,"226":12,"227":12,"228":1,"229":18,"230":2,"231":2,"232":2,"233":4,"234":4,"235":4,"236":4,"237":4,"238":4,"239":4,"240":4,"241":3,"242":3,"243":3,"244":3,"245":3,"246":3,"247":3,"248":3,"249":3,"250":3,"251":3,"252":3,"253":2,"254":2,"255":2,"256":6,"257":2,"258":2,"259":6,"260":6,"261":6,"262":17,"263":17,"264":0,"265":2,"266":1,"267":2,"268":1,"269":1,"270":1,"271":1,"272":1,"273":1,"274":3,"275":3,"276":3,"277":3,"278":3,"279":3,"280":3,"281":3,"282":2,"283":3,"284":1,"285":15,"286":15,"287":15,"288":15,"289":15,"290":15,"291":15,"292":2},"f":{"0":30,"1":1,"2":16,"3":3,"4":1,"5":1,"6":1,"7":0,"8":20,"9":35,"10":8,"11":4,"12":16,"13":5,"14":16,"15":5,"16":2,"17":20,"18":9,"19":7,"20":10,"21":5,"22":7,"23":10,"24":1,"25":19,"26":33,"27":16,"28":7,"29":6,"30":4,"31":5,"32":5,"33":4,"34":24,"35":17,"36":0,"37":1,"38":2,"39":12,"40":26,"41":6,"42":8,"43":2,"44":7,"45":19,"46":16,"47":6,"48":5,"49":15,"50":12,"51":1,"52":18,"53":2,"54":4,"55":4,"56":3,"57":3,"58":3,"59":2,"60":6,"61":6,"62":6,"63":6,"64":17,"65":2,"66":2,"67":1,"68":15},"b":{"0":[0],"1":[30,30],"2":[30,3],"3":[30,3],"4":[30,0],"5":[30,6],"6":[30,25],"7":[30,15],"8":[30,27],"9":[30,26],"10":[3],"11":[16,3],"12":[16,16],"13":[16,16],"14":[16,16],"15":[16,16],"16":[0,1],"17":[0,0],"18":[20],"19":[20,20],"20":[4,4],"21":[1,5],"22":[6,6],"23":[6,0],"24":[2,4],"25":[1,1],"26":[1,0],"27":[20],"28":[20,20],"29":[7,2],"30":[10,1],"31":[10,8],"32":[5,5],"33":[13,3],"34":[10,1],"35":[0,7],"36":[19],"37":[19,19],"38":[19,19],"39":[7,1],"40":[10,5],"41":[5,5],"42":[10,5,5],"43":[7,6],"44":[7,6],"45":[1,1],"46":[23],"47":[24,23],"48":[17,0],"49":[0,0],"50":[1,0],"51":[4,0],"52":[13],"53":[4,22],"54":[5,17],"55":[17,4],"56":[0,6],"57":[2,4],"58":[5,1],"59":[1,6],"60":[1,5],"61":[5,1],"62":[2,2],"63":[1,2],"64":[19],"65":[19,19],"66":[24,19],"67":[5,3],"68":[1,3],"69":[0],"70":[12,0],"71":[6,6],"72":[0,17],"73":[1],"74":[1,1],"75":[0,1],"76":[1,0],"77":[0,3],"78":[1,2],"79":[3,0],"80":[2,1],"81":[15]},"_coverageSchema":"1a1c01bbd47fc00a2c39e90264f33305004495a9","hash":"1f31ec6fdeb9db82cf42d439799c96cf83e8317b"}
,"/home/nahisaho/GitHub/musubi/src/steering/auto-updater.js": {"path":"/home/nahisaho/GitHub/musubi/src/steering/auto-updater.js","statementMap":{"0":{"start":{"line":11,"column":12},"end":{"line":11,"column":25}},"1":{"start":{"line":12,"column":13},"end":{"line":12,"column":28}},"2":{"start":{"line":13,"column":25},"end":{"line":13,"column":42}},"3":{"start":{"line":18,"column":25},"end":{"line":25,"column":1}},"4":{"start":{"line":30,"column":22},"end":{"line":38,"column":1}},"5":{"start":{"line":45,"column":4},"end":{"line":56,"column":6}},"6":{"start":{"line":63,"column":21},"end":{"line":63,"column":30}},"7":{"start":{"line":65,"column":4},"end":{"line":74,"column":5}},"8":{"start":{"line":66,"column":6},"end":{"line":73,"column":7}},"9":{"start":{"line":67,"column":8},"end":{"line":72,"column":9}},"10":{"start":{"line":68,"column":10},"end":{"line":71,"column":11}},"11":{"start":{"line":69,"column":12},"end":{"line":69,"column":39}},"12":{"start":{"line":70,"column":12},"end":{"line":70,"column":18}},"13":{"start":{"line":76,"column":4},"end":{"line":76,"column":25}},"14":{"start":{"line":83,"column":21},"end":{"line":90,"column":5}},"15":{"start":{"line":92,"column":4},"end":{"line":100,"column":5}},"16":{"start":{"line":93,"column":6},"end":{"line":99,"column":7}},"17":{"start":{"line":94,"column":8},"end":{"line":94,"column":46}},"18":{"start":{"line":95,"column":13},"end":{"line":99,"column":7}},"19":{"start":{"line":96,"column":8},"end":{"line":96,"column":49}},"20":{"start":{"line":97,"column":13},"end":{"line":99,"column":7}},"21":{"start":{"line":98,"column":8},"end":{"line":98,"column":48}},"22":{"start":{"line":102,"column":21},"end":{"line":102,"column":98}},"23":{"start":{"line":104,"column":4},"end":{"line":104,"column":70}},"24":{"start":{"line":106,"column":4},"end":{"line":106,"column":20}},"25":{"start":{"line":115,"column":4},"end":{"line":115,"column":57}},"26":{"start":{"line":116,"column":4},"end":{"line":116,"column":42}},"27":{"start":{"line":117,"column":4},"end":{"line":117,"column":50}},"28":{"start":{"line":124,"column":20},"end":{"line":124,"column":22}},"29":{"start":{"line":127,"column":20},"end":{"line":127,"column":29}},"30":{"start":{"line":128,"column":4},"end":{"line":133,"column":5}},"31":{"start":{"line":129,"column":18},"end":{"line":129,"column":36}},"32":{"start":{"line":130,"column":6},"end":{"line":132,"column":7}},"33":{"start":{"line":131,"column":8},"end":{"line":131,"column":39}},"34":{"start":{"line":135,"column":4},"end":{"line":141,"column":5}},"35":{"start":{"line":136,"column":6},"end":{"line":140,"column":9}},"36":{"start":{"line":139,"column":39},"end":{"line":139,"column":78}},"37":{"start":{"line":144,"column":24},"end":{"line":144,"column":33}},"38":{"start":{"line":145,"column":4},"end":{"line":150,"column":5}},"39":{"start":{"line":146,"column":18},"end":{"line":146,"column":36}},"40":{"start":{"line":147,"column":6},"end":{"line":149,"column":7}},"41":{"start":{"line":148,"column":8},"end":{"line":148,"column":43}},"42":{"start":{"line":152,"column":4},"end":{"line":158,"column":5}},"43":{"start":{"line":153,"column":6},"end":{"line":157,"column":9}},"44":{"start":{"line":156,"column":43},"end":{"line":156,"column":83}},"45":{"start":{"line":160,"column":4},"end":{"line":160,"column":19}},"46":{"start":{"line":167,"column":20},"end":{"line":167,"column":22}},"47":{"start":{"line":169,"column":4},"end":{"line":199,"column":5}},"48":{"start":{"line":170,"column":19},"end":{"line":170,"column":49}},"49":{"start":{"line":171,"column":22},"end":{"line":171,"column":55}},"50":{"start":{"line":173,"column":6},"end":{"line":180,"column":9}},"51":{"start":{"line":183,"column":25},"end":{"line":183,"column":27}},"52":{"start":{"line":184,"column":6},"end":{"line":184,"column":68}},"53":{"start":{"line":184,"column":43},"end":{"line":184,"column":68}},"54":{"start":{"line":185,"column":6},"end":{"line":185,"column":46}},"55":{"start":{"line":185,"column":20},"end":{"line":185,"column":46}},"56":{"start":{"line":186,"column":6},"end":{"line":186,"column":48}},"57":{"start":{"line":186,"column":21},"end":{"line":186,"column":48}},"58":{"start":{"line":187,"column":6},"end":{"line":187,"column":51}},"59":{"start":{"line":187,"column":24},"end":{"line":187,"column":51}},"60":{"start":{"line":188,"column":6},"end":{"line":188,"column":51}},"61":{"start":{"line":188,"column":24},"end":{"line":188,"column":51}},"62":{"start":{"line":189,"column":6},"end":{"line":189,"column":61}},"63":{"start":{"line":189,"column":37},"end":{"line":189,"column":61}},"64":{"start":{"line":190,"column":6},"end":{"line":190,"column":79}},"65":{"start":{"line":190,"column":49},"end":{"line":190,"column":79}},"66":{"start":{"line":192,"column":6},"end":{"line":198,"column":7}},"67":{"start":{"line":193,"column":8},"end":{"line":197,"column":11}},"68":{"start":{"line":201,"column":4},"end":{"line":201,"column":19}},"69":{"start":{"line":208,"column":20},"end":{"line":208,"column":22}},"70":{"start":{"line":210,"column":4},"end":{"line":230,"column":5}},"71":{"start":{"line":212,"column":25},"end":{"line":212,"column":52}},"72":{"start":{"line":213,"column":6},"end":{"line":219,"column":7}},"73":{"start":{"line":214,"column":8},"end":{"line":218,"column":11}},"74":{"start":{"line":222,"column":24},"end":{"line":222,"column":67}},"75":{"start":{"line":223,"column":6},"end":{"line":229,"column":7}},"76":{"start":{"line":224,"column":8},"end":{"line":228,"column":11}},"77":{"start":{"line":232,"column":4},"end":{"line":232,"column":19}},"78":{"start":{"line":239,"column":20},"end":{"line":239,"column":22}},"79":{"start":{"line":241,"column":4},"end":{"line":249,"column":5}},"80":{"start":{"line":242,"column":6},"end":{"line":248,"column":9}},"81":{"start":{"line":251,"column":4},"end":{"line":251,"column":19}},"82":{"start":{"line":260,"column":4},"end":{"line":260,"column":65}},"83":{"start":{"line":267,"column":17},"end":{"line":274,"column":5}},"84":{"start":{"line":277,"column":18},"end":{"line":277,"column":37}},"85":{"start":{"line":278,"column":21},"end":{"line":278,"column":25}},"86":{"start":{"line":279,"column":18},"end":{"line":279,"column":23}},"87":{"start":{"line":281,"column":4},"end":{"line":307,"column":5}},"88":{"start":{"line":282,"column":22},"end":{"line":282,"column":33}},"89":{"start":{"line":284,"column":6},"end":{"line":284,"column":62}},"90":{"start":{"line":284,"column":53},"end":{"line":284,"column":62}},"91":{"start":{"line":286,"column":23},"end":{"line":286,"column":52}},"92":{"start":{"line":287,"column":6},"end":{"line":306,"column":7}},"93":{"start":{"line":288,"column":8},"end":{"line":288,"column":33}},"94":{"start":{"line":289,"column":22},"end":{"line":289,"column":40}},"95":{"start":{"line":291,"column":8},"end":{"line":299,"column":9}},"96":{"start":{"line":292,"column":10},"end":{"line":292,"column":35}},"97":{"start":{"line":293,"column":10},"end":{"line":293,"column":26}},"98":{"start":{"line":295,"column":10},"end":{"line":295,"column":25}},"99":{"start":{"line":296,"column":10},"end":{"line":298,"column":11}},"100":{"start":{"line":297,"column":12},"end":{"line":297,"column":34}},"101":{"start":{"line":300,"column":13},"end":{"line":306,"column":7}},"102":{"start":{"line":301,"column":21},"end":{"line":301,"column":44}},"103":{"start":{"line":302,"column":8},"end":{"line":304,"column":9}},"104":{"start":{"line":303,"column":10},"end":{"line":303,"column":32}},"105":{"start":{"line":305,"column":8},"end":{"line":305,"column":36}},"106":{"start":{"line":309,"column":4},"end":{"line":309,"column":16}},"107":{"start":{"line":316,"column":18},"end":{"line":316,"column":20}},"108":{"start":{"line":318,"column":4},"end":{"line":318,"column":43}},"109":{"start":{"line":319,"column":4},"end":{"line":319,"column":69}},"110":{"start":{"line":321,"column":4},"end":{"line":321,"column":53}},"111":{"start":{"line":321,"column":19},"end":{"line":321,"column":53}},"112":{"start":{"line":322,"column":4},"end":{"line":322,"column":62}},"113":{"start":{"line":322,"column":22},"end":{"line":322,"column":62}},"114":{"start":{"line":323,"column":4},"end":{"line":323,"column":74}},"115":{"start":{"line":323,"column":26},"end":{"line":323,"column":74}},"116":{"start":{"line":325,"column":4},"end":{"line":330,"column":5}},"117":{"start":{"line":326,"column":6},"end":{"line":326,"column":35}},"118":{"start":{"line":327,"column":6},"end":{"line":329,"column":7}},"119":{"start":{"line":328,"column":8},"end":{"line":328,"column":35}},"120":{"start":{"line":332,"column":4},"end":{"line":337,"column":5}},"121":{"start":{"line":333,"column":6},"end":{"line":333,"column":33}},"122":{"start":{"line":334,"column":6},"end":{"line":336,"column":7}},"123":{"start":{"line":335,"column":8},"end":{"line":335,"column":38}},"124":{"start":{"line":339,"column":4},"end":{"line":344,"column":5}},"125":{"start":{"line":340,"column":6},"end":{"line":340,"column":31}},"126":{"start":{"line":341,"column":6},"end":{"line":343,"column":7}},"127":{"start":{"line":342,"column":8},"end":{"line":342,"column":36}},"128":{"start":{"line":346,"column":4},"end":{"line":346,"column":19}},"129":{"start":{"line":353,"column":20},"end":{"line":353,"column":38}},"130":{"start":{"line":355,"column":4},"end":{"line":355,"column":58}},"131":{"start":{"line":355,"column":26},"end":{"line":355,"column":58}},"132":{"start":{"line":356,"column":4},"end":{"line":356,"column":67}},"133":{"start":{"line":356,"column":29},"end":{"line":356,"column":67}},"134":{"start":{"line":357,"column":4},"end":{"line":357,"column":79}},"135":{"start":{"line":357,"column":33},"end":{"line":357,"column":79}},"136":{"start":{"line":360,"column":22},"end":{"line":360,"column":55}},"137":{"start":{"line":361,"column":17},"end":{"line":361,"column":80}},"138":{"start":{"line":363,"column":24},"end":{"line":378,"column":5}},"139":{"start":{"line":380,"column":4},"end":{"line":384,"column":5}},"140":{"start":{"line":381,"column":6},"end":{"line":383,"column":7}},"141":{"start":{"line":382,"column":8},"end":{"line":382,"column":28}},"142":{"start":{"line":386,"column":4},"end":{"line":386,"column":40}},"143":{"start":{"line":388,"column":4},"end":{"line":388,"column":19}},"144":{"start":{"line":397,"column":4},"end":{"line":397,"column":58}},"145":{"start":{"line":398,"column":4},"end":{"line":398,"column":27}},"146":{"start":{"line":406,"column":18},"end":{"line":406,"column":20}},"147":{"start":{"line":407,"column":24},"end":{"line":407,"column":66}},"148":{"start":{"line":410,"column":4},"end":{"line":440,"column":5}},"149":{"start":{"line":411,"column":19},"end":{"line":411,"column":34}},"150":{"start":{"line":412,"column":19},"end":{"line":412,"column":34}},"151":{"start":{"line":414,"column":19},"end":{"line":419,"column":7}},"152":{"start":{"line":422,"column":27},"end":{"line":422,"column":61}},"153":{"start":{"line":423,"column":6},"end":{"line":425,"column":7}},"154":{"start":{"line":424,"column":8},"end":{"line":424,"column":39}},"155":{"start":{"line":428,"column":26},"end":{"line":428,"column":69}},"156":{"start":{"line":429,"column":6},"end":{"line":431,"column":7}},"157":{"start":{"line":430,"column":8},"end":{"line":430,"column":37}},"158":{"start":{"line":434,"column":27},"end":{"line":434,"column":56}},"159":{"start":{"line":435,"column":6},"end":{"line":437,"column":7}},"160":{"start":{"line":436,"column":8},"end":{"line":436,"column":39}},"161":{"start":{"line":439,"column":6},"end":{"line":439,"column":23}},"162":{"start":{"line":442,"column":4},"end":{"line":442,"column":17}},"163":{"start":{"line":449,"column":4},"end":{"line":449,"column":36}},"164":{"start":{"line":450,"column":4},"end":{"line":450,"column":16}},"165":{"start":{"line":457,"column":20},"end":{"line":457,"column":22}},"166":{"start":{"line":459,"column":4},"end":{"line":470,"column":5}},"167":{"start":{"line":460,"column":6},"end":{"line":469,"column":7}},"168":{"start":{"line":461,"column":8},"end":{"line":468,"column":9}},"169":{"start":{"line":462,"column":10},"end":{"line":467,"column":13}},"170":{"start":{"line":472,"column":4},"end":{"line":472,"column":19}},"171":{"start":{"line":481,"column":4},"end":{"line":481,"column":12}},"172":{"start":{"line":482,"column":4},"end":{"line":482,"column":60}},"173":{"start":{"line":483,"column":4},"end":{"line":483,"column":57}},"174":{"start":{"line":484,"column":4},"end":{"line":484,"column":42}},"175":{"start":{"line":486,"column":4},"end":{"line":486,"column":64}},"176":{"start":{"line":487,"column":4},"end":{"line":491,"column":7}},"177":{"start":{"line":492,"column":4},"end":{"line":494,"column":7}},"178":{"start":{"line":495,"column":4},"end":{"line":497,"column":7}},"179":{"start":{"line":499,"column":4},"end":{"line":499,"column":28}},"180":{"start":{"line":506,"column":21},"end":{"line":506,"column":58}},"181":{"start":{"line":508,"column":24},"end":{"line":514,"column":5}},"182":{"start":{"line":517,"column":4},"end":{"line":519,"column":5}},"183":{"start":{"line":518,"column":6},"end":{"line":518,"column":77}},"184":{"start":{"line":522,"column":4},"end":{"line":524,"column":5}},"185":{"start":{"line":523,"column":6},"end":{"line":523,"column":88}},"186":{"start":{"line":527,"column":4},"end":{"line":529,"column":5}},"187":{"start":{"line":528,"column":6},"end":{"line":528,"column":89}},"188":{"start":{"line":532,"column":4},"end":{"line":532,"column":62}},"189":{"start":{"line":534,"column":4},"end":{"line":540,"column":6}},"190":{"start":{"line":538,"column":8},"end":{"line":538,"column":49}},"191":{"start":{"line":547,"column":20},"end":{"line":551,"column":5}},"192":{"start":{"line":553,"column":4},"end":{"line":568,"column":5}},"193":{"start":{"line":554,"column":6},"end":{"line":554,"column":41}},"194":{"start":{"line":554,"column":32},"end":{"line":554,"column":41}},"195":{"start":{"line":556,"column":6},"end":{"line":567,"column":7}},"196":{"start":{"line":557,"column":25},"end":{"line":557,"column":66}},"197":{"start":{"line":558,"column":24},"end":{"line":558,"column":68}},"198":{"start":{"line":559,"column":8},"end":{"line":559,"column":41}},"199":{"start":{"line":561,"column":8},"end":{"line":561,"column":57}},"200":{"start":{"line":563,"column":8},"end":{"line":566,"column":11}},"201":{"start":{"line":571,"column":4},"end":{"line":574,"column":7}},"202":{"start":{"line":576,"column":4},"end":{"line":576,"column":19}},"203":{"start":{"line":583,"column":20},"end":{"line":583,"column":82}},"204":{"start":{"line":585,"column":4},"end":{"line":588,"column":7}},"205":{"start":{"line":590,"column":4},"end":{"line":590,"column":19}},"206":{"start":{"line":597,"column":4},"end":{"line":597,"column":40}},"207":{"start":{"line":598,"column":4},"end":{"line":598,"column":16}},"208":{"start":{"line":605,"column":4},"end":{"line":605,"column":35}},"209":{"start":{"line":612,"column":19},"end":{"line":612,"column":21}},"210":{"start":{"line":615,"column":26},"end":{"line":615,"column":67}},"211":{"start":{"line":616,"column":4},"end":{"line":625,"column":5}},"212":{"start":{"line":617,"column":6},"end":{"line":624,"column":7}},"213":{"start":{"line":618,"column":8},"end":{"line":623,"column":11}},"214":{"start":{"line":629,"column":4},"end":{"line":632,"column":6}},"215":{"start":{"line":630,"column":32},"end":{"line":630,"column":54}},"216":{"start":{"line":640,"column":2},"end":{"line":640,"column":42}},"217":{"start":{"line":643,"column":0},"end":{"line":657,"column":2}}},"fnMap":{"0":{"name":"(anonymous_0)","decl":{"start":{"line":44,"column":2},"end":{"line":44,"column":3}},"loc":{"start":{"line":44,"column":28},"end":{"line":57,"column":3}},"line":44},"1":{"name":"(anonymous_1)","decl":{"start":{"line":62,"column":2},"end":{"line":62,"column":3}},"loc":{"start":{"line":62,"column":39},"end":{"line":77,"column":3}},"line":62},"2":{"name":"(anonymous_2)","decl":{"start":{"line":82,"column":2},"end":{"line":82,"column":3}},"loc":{"start":{"line":82,"column":26},"end":{"line":107,"column":3}},"line":82},"3":{"name":"(anonymous_3)","decl":{"start":{"line":114,"column":2},"end":{"line":114,"column":3}},"loc":{"start":{"line":114,"column":28},"end":{"line":118,"column":3}},"line":114},"4":{"name":"(anonymous_4)","decl":{"start":{"line":123,"column":2},"end":{"line":123,"column":3}},"loc":{"start":{"line":123,"column":36},"end":{"line":161,"column":3}},"line":123},"5":{"name":"(anonymous_5)","decl":{"start":{"line":139,"column":34},"end":{"line":139,"column":35}},"loc":{"start":{"line":139,"column":39},"end":{"line":139,"column":78}},"line":139},"6":{"name":"(anonymous_6)","decl":{"start":{"line":156,"column":38},"end":{"line":156,"column":39}},"loc":{"start":{"line":156,"column":43},"end":{"line":156,"column":83}},"line":156},"7":{"name":"(anonymous_7)","decl":{"start":{"line":166,"column":2},"end":{"line":166,"column":3}},"loc":{"start":{"line":166,"column":51},"end":{"line":202,"column":3}},"line":166},"8":{"name":"(anonymous_8)","decl":{"start":{"line":207,"column":2},"end":{"line":207,"column":3}},"loc":{"start":{"line":207,"column":49},"end":{"line":233,"column":3}},"line":207},"9":{"name":"(anonymous_9)","decl":{"start":{"line":238,"column":2},"end":{"line":238,"column":3}},"loc":{"start":{"line":238,"column":34},"end":{"line":252,"column":3}},"line":238},"10":{"name":"(anonymous_10)","decl":{"start":{"line":259,"column":2},"end":{"line":259,"column":3}},"loc":{"start":{"line":259,"column":28},"end":{"line":261,"column":3}},"line":259},"11":{"name":"(anonymous_11)","decl":{"start":{"line":266,"column":2},"end":{"line":266,"column":3}},"loc":{"start":{"line":266,"column":17},"end":{"line":310,"column":3}},"line":266},"12":{"name":"(anonymous_12)","decl":{"start":{"line":315,"column":2},"end":{"line":315,"column":3}},"loc":{"start":{"line":315,"column":17},"end":{"line":347,"column":3}},"line":315},"13":{"name":"(anonymous_13)","decl":{"start":{"line":352,"column":2},"end":{"line":352,"column":3}},"loc":{"start":{"line":352,"column":48},"end":{"line":389,"column":3}},"line":352},"14":{"name":"(anonymous_14)","decl":{"start":{"line":396,"column":2},"end":{"line":396,"column":3}},"loc":{"start":{"line":396,"column":28},"end":{"line":399,"column":3}},"line":396},"15":{"name":"(anonymous_15)","decl":{"start":{"line":404,"column":2},"end":{"line":404,"column":3}},"loc":{"start":{"line":404,"column":21},"end":{"line":443,"column":3}},"line":404},"16":{"name":"(anonymous_16)","decl":{"start":{"line":448,"column":2},"end":{"line":448,"column":3}},"loc":{"start":{"line":448,"column":21},"end":{"line":451,"column":3}},"line":448},"17":{"name":"(anonymous_17)","decl":{"start":{"line":456,"column":2},"end":{"line":456,"column":3}},"loc":{"start":{"line":456,"column":22},"end":{"line":473,"column":3}},"line":456},"18":{"name":"(anonymous_18)","decl":{"start":{"line":480,"column":2},"end":{"line":480,"column":3}},"loc":{"start":{"line":480,"column":28},"end":{"line":500,"column":3}},"line":480},"19":{"name":"(anonymous_19)","decl":{"start":{"line":505,"column":2},"end":{"line":505,"column":3}},"loc":{"start":{"line":505,"column":33},"end":{"line":541,"column":3}},"line":505},"20":{"name":"(anonymous_20)","decl":{"start":{"line":537,"column":51},"end":{"line":537,"column":52}},"loc":{"start":{"line":538,"column":8},"end":{"line":538,"column":49}},"line":538},"21":{"name":"(anonymous_21)","decl":{"start":{"line":546,"column":2},"end":{"line":546,"column":3}},"loc":{"start":{"line":546,"column":28},"end":{"line":577,"column":3}},"line":546},"22":{"name":"(anonymous_22)","decl":{"start":{"line":582,"column":2},"end":{"line":582,"column":3}},"loc":{"start":{"line":582,"column":43},"end":{"line":591,"column":3}},"line":582},"23":{"name":"(anonymous_23)","decl":{"start":{"line":596,"column":2},"end":{"line":596,"column":3}},"loc":{"start":{"line":596,"column":27},"end":{"line":599,"column":3}},"line":596},"24":{"name":"(anonymous_24)","decl":{"start":{"line":604,"column":2},"end":{"line":604,"column":3}},"loc":{"start":{"line":604,"column":15},"end":{"line":606,"column":3}},"line":604},"25":{"name":"(anonymous_25)","decl":{"start":{"line":611,"column":2},"end":{"line":611,"column":3}},"loc":{"start":{"line":611,"column":37},"end":{"line":633,"column":3}},"line":611},"26":{"name":"(anonymous_26)","decl":{"start":{"line":630,"column":27},"end":{"line":630,"column":28}},"loc":{"start":{"line":630,"column":32},"end":{"line":630,"column":54}},"line":630},"27":{"name":"createSteeringAutoUpdater","decl":{"start":{"line":639,"column":9},"end":{"line":639,"column":34}},"loc":{"start":{"line":639,"column":49},"end":{"line":641,"column":1}},"line":639}},"branchMap":{"0":{"loc":{"start":{"line":44,"column":14},"end":{"line":44,"column":26}},"type":"default-arg","locations":[{"start":{"line":44,"column":24},"end":{"line":44,"column":26}}],"line":44},"1":{"loc":{"start":{"line":45,"column":20},"end":{"line":56,"column":5}},"type":"binary-expr","locations":[{"start":{"line":45,"column":20},"end":{"line":45,"column":36}},{"start":{"line":45,"column":40},"end":{"line":56,"column":5}}],"line":45},"2":{"loc":{"start":{"line":68,"column":10},"end":{"line":71,"column":11}},"type":"if","locations":[{"start":{"line":68,"column":10},"end":{"line":71,"column":11}},{"start":{},"end":{}}],"line":68},"3":{"loc":{"start":{"line":93,"column":6},"end":{"line":99,"column":7}},"type":"if","locations":[{"start":{"line":93,"column":6},"end":{"line":99,"column":7}},{"start":{"line":95,"column":13},"end":{"line":99,"column":7}}],"line":93},"4":{"loc":{"start":{"line":95,"column":13},"end":{"line":99,"column":7}},"type":"if","locations":[{"start":{"line":95,"column":13},"end":{"line":99,"column":7}},{"start":{"line":97,"column":13},"end":{"line":99,"column":7}}],"line":95},"5":{"loc":{"start":{"line":97,"column":13},"end":{"line":99,"column":7}},"type":"if","locations":[{"start":{"line":97,"column":13},"end":{"line":99,"column":7}},{"start":{},"end":{}}],"line":97},"6":{"loc":{"start":{"line":114,"column":14},"end":{"line":114,"column":26}},"type":"default-arg","locations":[{"start":{"line":114,"column":24},"end":{"line":114,"column":26}}],"line":114},"7":{"loc":{"start":{"line":115,"column":23},"end":{"line":115,"column":56}},"type":"binary-expr","locations":[{"start":{"line":115,"column":23},"end":{"line":115,"column":42}},{"start":{"line":115,"column":46},"end":{"line":115,"column":56}}],"line":115},"8":{"loc":{"start":{"line":116,"column":18},"end":{"line":116,"column":41}},"type":"binary-expr","locations":[{"start":{"line":116,"column":18},"end":{"line":116,"column":32}},{"start":{"line":116,"column":36},"end":{"line":116,"column":41}}],"line":116},"9":{"loc":{"start":{"line":130,"column":6},"end":{"line":132,"column":7}},"type":"if","locations":[{"start":{"line":130,"column":6},"end":{"line":132,"column":7}},{"start":{},"end":{}}],"line":130},"10":{"loc":{"start":{"line":135,"column":4},"end":{"line":141,"column":5}},"type":"if","locations":[{"start":{"line":135,"column":4},"end":{"line":141,"column":5}},{"start":{},"end":{}}],"line":135},"11":{"loc":{"start":{"line":147,"column":6},"end":{"line":149,"column":7}},"type":"if","locations":[{"start":{"line":147,"column":6},"end":{"line":149,"column":7}},{"start":{},"end":{}}],"line":147},"12":{"loc":{"start":{"line":152,"column":4},"end":{"line":158,"column":5}},"type":"if","locations":[{"start":{"line":152,"column":4},"end":{"line":158,"column":5}},{"start":{},"end":{}}],"line":152},"13":{"loc":{"start":{"line":166,"column":31},"end":{"line":166,"column":49}},"type":"default-arg","locations":[{"start":{"line":166,"column":45},"end":{"line":166,"column":49}}],"line":166},"14":{"loc":{"start":{"line":169,"column":4},"end":{"line":199,"column":5}},"type":"if","locations":[{"start":{"line":169,"column":4},"end":{"line":199,"column":5}},{"start":{},"end":{}}],"line":169},"15":{"loc":{"start":{"line":170,"
[...]
24,"column":96}}],"line":124},"23":{"loc":{"start":{"line":124,"column":15},"end":{"line":124,"column":45}},"type":"binary-expr","locations":[{"start":{"line":124,"column":15},"end":{"line":124,"column":28}},{"start":{"line":124,"column":32},"end":{"line":124,"column":45}}],"line":124},"24":{"loc":{"start":{"line":133,"column":20},"end":{"line":133,"column":32}},"type":"default-arg","locations":[{"start":{"line":133,"column":30},"end":{"line":133,"column":32}}],"line":133},"25":{"loc":{"start":{"line":137,"column":23},"end":{"line":137,"column":50}},"type":"binary-expr","locations":[{"start":{"line":137,"column":23},"end":{"line":137,"column":42}},{"start":{"line":137,"column":46},"end":{"line":137,"column":50}}],"line":137},"26":{"loc":{"start":{"line":138,"column":22},"end":{"line":138,"column":48}},"type":"binary-expr","locations":[{"start":{"line":138,"column":22},"end":{"line":138,"column":40}},{"start":{"line":138,"column":44},"end":{"line":138,"column":48}}],"line":138},"27":{"loc":{"start":{"line":139,"column":19},"end":{"line":139,"column":43}},"type":"binary-expr","locations":[{"start":{"line":139,"column":19},"end":{"line":139,"column":34}},{"start":{"line":139,"column":38},"end":{"line":139,"column":43}}],"line":139},"28":{"loc":{"start":{"line":142,"column":20},"end":{"line":142,"column":32}},"type":"default-arg","locations":[{"start":{"line":142,"column":30},"end":{"line":142,"column":32}}],"line":142},"29":{"loc":{"start":{"line":161,"column":4},"end":{"line":161,"column":27}},"type":"if","locations":[{"start":{"line":161,"column":4},"end":{"line":161,"column":27}},{"start":{},"end":{}}],"line":161},"30":{"loc":{"start":{"line":167,"column":4},"end":{"line":167,"column":29}},"type":"if","locations":[{"start":{"line":167,"column":4},"end":{"line":167,"column":29}},{"start":{},"end":{}}],"line":167},"31":{"loc":{"start":{"line":179,"column":11},"end":{"line":179,"column":23}},"type":"default-arg","locations":[{"start":{"line":179,"column":21},"end":{"line":179,"column":23}}],"line":179},"32":{"loc":{"start":{"line":186,"column":6},"end":{"line":191,"column":7}},"type":"if","locations":[{"start":{"line":186,"column":6},"end":{"line":191,"column":7}},{"start":{},"end":{}}],"line":186},"33":{"loc":{"start":{"line":186,"column":10},"end":{"line":186,"column":42}},"type":"binary-expr","locations":[{"start":{"line":186,"column":10},"end":{"line":186,"column":23}},{"start":{"line":186,"column":27},"end":{"line":186,"column":42}}],"line":186},"34":{"loc":{"start":{"line":195,"column":4},"end":{"line":202,"column":5}},"type":"if","locations":[{"start":{"line":195,"column":4},"end":{"line":202,"column":5}},{"start":{},"end":{}}],"line":195},"35":{"loc":{"start":{"line":197,"column":6},"end":{"line":201,"column":7}},"type":"if","locations":[{"start":{"line":197,"column":6},"end":{"line":201,"column":7}},{"start":{},"end":{}}],"line":197},"36":{"loc":{"start":{"line":205,"column":4},"end":{"line":212,"column":5}},"type":"if","locations":[{"start":{"line":205,"column":4},"end":{"line":212,"column":5}},{"start":{},"end":{}}],"line":205},"37":{"loc":{"start":{"line":207,"column":6},"end":{"line":211,"column":7}},"type":"if","locations":[{"start":{"line":207,"column":6},"end":{"line":211,"column":7}},{"start":{},"end":{}}],"line":207},"38":{"loc":{"start":{"line":227,"column":23},"end":{"line":227,"column":51}},"type":"cond-expr","locations":[{"start":{"line":227,"column":38},"end":{"line":227,"column":43}},{"start":{"line":227,"column":46},"end":{"line":227,"column":51}}],"line":227},"39":{"loc":{"start":{"line":228,"column":23},"end":{"line":228,"column":57}},"type":"cond-expr","locations":[{"start":{"line":228,"column":39},"end":{"line":228,"column":41}},{"start":{"line":228,"column":44},"end":{"line":228,"column":57}}],"line":228},"40":{"loc":{"start":{"line":243,"column":6},"end":{"line":247,"column":7}},"type":"if","locations":[{"start":{"line":243,"column":6},"end":{"line":247,"column":7}},{"start":{},"end":{}}],"line":243},"41":{"loc":{"start":{"line":251,"column":6},"end":{"line":258,"column":7}},"type":"if","locations":[{"start":{"line":251,"column":6},"end":{"line":258,"column":7}},{"start":{},"end":{}}],"line":251},"42":{"loc":{"start":{"line":329,"column":6},"end":{"line":331,"column":7}},"type":"if","locations":[{"start":{"line":329,"column":6},"end":{"line":331,"column":7}},{"start":{},"end":{}}],"line":329},"43":{"loc":{"start":{"line":358,"column":20},"end":{"line":358,"column":32}},"type":"default-arg","locations":[{"start":{"line":358,"column":30},"end":{"line":358,"column":32}}],"line":358},"44":{"loc":{"start":{"line":362,"column":24},"end":{"line":362,"column":50}},"type":"binary-expr","locations":[{"start":{"line":362,"column":24},"end":{"line":362,"column":44}},{"start":{"line":362,"column":48},"end":{"line":362,"column":50}}],"line":362},"45":{"loc":{"start":{"line":363,"column":18},"end":{"line":363,"column":40}},"type":"binary-expr","locations":[{"start":{"line":363,"column":18},"end":{"line":363,"column":32}},{"start":{"line":363,"column":36},"end":{"line":363,"column":40}}],"line":363},"46":{"loc":{"start":{"line":364,"column":21},"end":{"line":364,"column":46}},"type":"binary-expr","locations":[{"start":{"line":364,"column":21},"end":{"line":364,"column":38}},{"start":{"line":364,"column":42},"end":{"line":364,"column":46}}],"line":364},"47":{"loc":{"start":{"line":365,"column":21},"end":{"line":365,"column":46}},"type":"binary-expr","locations":[{"start":{"line":365,"column":21},"end":{"line":365,"column":38}},{"start":{"line":365,"column":42},"end":{"line":365,"column":46}}],"line":365},"48":{"loc":{"start":{"line":366,"column":19},"end":{"line":366,"column":42}},"type":"binary-expr","locations":[{"start":{"line":366,"column":19},"end":{"line":366,"column":34}},{"start":{"line":366,"column":38},"end":{"line":366,"column":42}}],"line":366},"49":{"loc":{"start":{"line":374,"column":20},"end":{"line":374,"column":32}},"type":"default-arg","locations":[{"start":{"line":374,"column":30},"end":{"line":374,"column":32}}],"line":374},"50":{"loc":{"start":{"line":378,"column":4},"end":{"line":385,"column":5}},"type":"if","locations":[{"start":{"line":378,"column":4},"end":{"line":385,"column":5}},{"start":{},"end":{}}],"line":378},"51":{"loc":{"start":{"line":378,"column":8},"end":{"line":378,"column":60}},"type":"binary-expr","locations":[{"start":{"line":378,"column":8},"end":{"line":378,"column":21}},{"start":{"line":378,"column":26},"end":{"line":378,"column":34}},{"start":{"line":378,"column":38},"end":{"line":378,"column":59}}],"line":378},"52":{"loc":{"start":{"line":389,"column":6},"end":{"line":395,"column":7}},"type":"if","locations":[{"start":{"line":389,"column":6},"end":{"line":395,"column":7}},{"start":{},"end":{}}],"line":389},"53":{"loc":{"start":{"line":389,"column":10},"end":{"line":389,"column":52}},"type":"binary-expr","locations":[{"start":{"line":389,"column":10},"end":{"line":389,"column":26}},{"start":{"line":389,"column":30},"end":{"line":389,"column":52}}],"line":389},"54":{"loc":{"start":{"line":399,"column":4},"end":{"line":424,"column":5}},"type":"if","locations":[{"start":{"line":399,"column":4},"end":{"line":424,"column":5}},{"start":{},"end":{}}],"line":399},"55":{"loc":{"start":{"line":400,"column":6},"end":{"line":406,"column":7}},"type":"if","locations":[{"start":{"line":400,"column":6},"end":{"line":406,"column":7}},{"start":{},"end":{}}],"line":400},"56":{"loc":{"start":{"line":400,"column":10},"end":{"line":400,"column":59}},"type":"binary-expr","locations":[{"start":{"line":400,"column":10},"end":{"line":400,"column":24}},{"start":{"line":400,"column":28},"end":{"line":400,"column":59}}],"line":400},"57":{"loc":{"start":{"line":408,"column":6},"end":{"line":414,"column":7}},"type":"if","locations":[{"start":{"line":408,"column":6},"end":{"line":414,"column":7}},{"start":{},"end":{}}],"line":408},"58":{"loc":{"start":{"line":408,"column":10},"end":{"line":408,"column":59}},"type":"binary-expr","locations":[{"start":{"line":408,"column":10},"end":{"line":408,"column":24}},{"start":{"line":408,"column":28},"end":{"line":408,"column":59}}],"line":408},"59":{"loc":{"start":{"line":417,"column":6},"end":{"line":423,"column":7}},"type":"if","locations":[{"start":{"line":417,"column":6},"end":{"line":423,"column":7}},{"start":{},"end":{}}],"line":417},"60":{"loc":{"start":{"line":417,"column":10},"end":{"line":417,"column":53}},"type":"binary-expr","locations":[{"start":{"line":417,"column":10},"end":{"line":417,"column":22}},{"start":{"line":417,"column":26},"end":{"line":417,"column":53}}],"line":417},"61":{"loc":{"start":{"line":429,"column":6},"end":{"line":435,"column":7}},"type":"if","locations":[{"start":{"line":429,"column":6},"end":{"line":435,"column":7}},{"start":{},"end":{}}],"line":429},"62":{"loc":{"start":{"line":450,"column":20},"end":{"line":450,"column":32}},"type":"default-arg","locations":[{"start":{"line":450,"column":30},"end":{"line":450,"column":32}}],"line":450},"63":{"loc":{"start":{"line":452,"column":19},"end":{"line":452,"column":45}},"type":"binary-expr","locations":[{"start":{"line":452,"column":19},"end":{"line":452,"column":34}},{"start":{"line":452,"column":38},"end":{"line":452,"column":45}}],"line":452},"64":{"loc":{"start":{"line":453,"column":23},"end":{"line":453,"column":48}},"type":"binary-expr","locations":[{"start":{"line":453,"column":23},"end":{"line":453,"column":42}},{"start":{"line":453,"column":46},"end":{"line":453,"column":48}}],"line":453},"65":{"loc":{"start":{"line":459,"column":19},"end":{"line":459,"column":31}},"type":"default-arg","locations":[{"start":{"line":459,"column":29},"end":{"line":459,"column":31}}],"line":459},"66":{"loc":{"start":{"line":469,"column":21},"end":{"line":469,"column":33}},"type":"default-arg","locations":[{"start":{"line":469,"column":31},"end":{"line":469,"column":33}}],"line":469},"67":{"loc":{"start":{"line":484,"column":21},"end":{"line":484,"column":33}},"type":"default-arg","locations":[{"start":{"line":484,"column":31},"end":{"line":484,"column":33}}],"line":484},"68":{"loc":{"start":{"line":495,"column":16},"end":{"line":495,"column":39}},"type":"binary-expr","locations":[{"start":{"line":495,"column":16},"end":{"line":495,"column":33}},{"start":{"line":495,"column":37},"end":{"line":495,"column":39}}],"line":495},"69":{"loc":{"start":{"line":500,"column":22},"end":{"line":500,"column":53}},"type":"binary-expr","locations":[{"start":{"line":500,"column":22},"end":{"line":500,"column":47}},{"start":{"line":500,"column":51},"end":{"line":500,"column":53}}],"line":500},"70":{"loc":{"start":{"line":504,"column":6},"end":{"line":506,"column":7}},"type":"if","locations":[{"start":{"line":504,"column":6},"end":{"line":506,"column":7}},{"start":{},"end":{}}],"line":504},"71":{"loc":{"start":{"line":511,"column":20},"end":{"line":511,"column":53}},"type":"binary-expr","locations":[{"start":{"line":511,"column":20},"end":{"line":511,"column":47}},{"start":{"line":511,"column":51},"end":{"line":511,"column":53}}],"line":511},"72":{"loc":{"start":{"line":515,"column":8},"end":{"line":516,"column":35}},"type":"if","locations":[{"start":{"line":515,"column":8},"end":{"line":516,"column":35}},{"start":{"line":516,"column":13},"end":{"line":516,"column":35}}],"line":515},"73":{"loc":{"start":{"line":522,"column":6},"end":{"line":524,"column":7}},"type":"if","locations":[{"start":{"line":522,"column":6},"end":{"line":524,"column":7}},{"start":{},"end":{}}],"line":522},"74":{"loc":{"start":{"line":532,"column":6},"end":{"line":534,"column":7}},"type":"if","locations":[{"start":{"line":532,"column":6},"end":{"line":534,"column":7}},{"start":{},"end":{}}],"line":532},"75":{"loc":{"start":{"line":532,"column":10},"end":{"line":532,"column":61}},"type":"binary-expr","locations":[{"start":{"line":532,"column":10},"end":{"line":532,"column":23}},{"start":{"line":532,"column":27},"end":{"line":532,"column":61}}],"line":532},"76":{"loc":{"start":{"line":545,"column":14},"end":{"line":545,"column":26}},"type":"default-arg","locations":[{"start":{"line":545,"column":24},"end":{"line":545,"column":26}}],"line":545},"77":{"loc":{"start":{"line":549,"column":22},"end":{"line":549,"column":45}},"type":"binary-expr","locations":[{"start":{"line":549,"column":22},"end":{"line":549,"column":36}},{"start":{"line":549,"column":40},"end":{"line":549,"column":45}}],"line":549},"78":{"loc":{"start":{"line":581,"column":6},"end":{"line":590,"column":7}},"type":"if","locations":[{"start":{"line":581,"column":6},"end":{"line":590,"column":7}},{"start":{"line":588,"column":13},"end":{"line":590,"column":7}}],"line":581},"79":{"loc":{"start":{"line":583,"column":8},"end":{"line":585,"column":9}},"type":"if","locations":[{"start":{"line":583,"column":8},"end":{"line":585,"column":9}},{"start":{},"end":{}}],"line":583},"80":{"loc":{"start":{"line":588,"column":13},"end":{"line":590,"column":7}},"type":"if","locations":[{"start":{"line":588,"column":13},"end":{"line":590,"column":7}},{"start":{},"end":{}}],"line":588},"81":{"loc":{"start":{"line":594,"column":4},"end":{"line":596,"column":5}},"type":"if","locations":[{"start":{"line":594,"column":4},"end":{"line":596,"column":5}},{"start":{},"end":{}}],"line":594},"82":{"loc":{"start":{"line":611,"column":6},"end":{"line":613,"column":7}},"type":"if","locations":[{"start":{"line":611,"column":6},"end":{"line":613,"column":7}},{"start":{},"end":{}}],"line":611},"83":{"loc":{"start":{"line":627,"column":4},"end":{"line":632,"column":5}},"type":"if","locations":[{"start":{"line":627,"column":4},"end":{"line":632,"column":5}},{"start":{},"end":{}}],"line":627},"84":{"loc":{"start":{"line":634,"column":21},"end":{"line":634,"column":88}},"type":"cond-expr","locations":[{"start":{"line":634,"column":51},"end":{"line":634,"column":78}},{"start":{"line":634,"column":81},"end":{"line":634,"column":88}}],"line":634},"85":{"loc":{"start":{"line":639,"column":4},"end":{"line":646,"column":5}},"type":"if","locations":[{"start":{"line":639,"column":4},"end":{"line":646,"column":5}},{"start":{},"end":{}}],"line":639},"86":{"loc":{"start":{"line":639,"column":8},"end":{"line":639,"column":60}},"type":"binary-expr","locations":[{"start":{"line":639,"column":8},"end":{"line":639,"column":23}},{"start":{"line":639,"column":27},"end":{"line":639,"column":60}}],"line":639},"87":{"loc":{"start":{"line":659,"column":25},"end":{"line":659,"column":34}},"type":"default-arg","locations":[{"start":{"line":659,"column":32},"end":{"line":659,"column":34}}],"line":659},"88":{"loc":{"start":{"line":661,"column":4},"end":{"line":663,"column":5}},"type":"if","locations":[{"start":{"line":661,"column":4},"end":{"line":663,"column":5}},{"start":{},"end":{}}],"line":661},"89":{"loc":{"start":{"line":667,"column":4},"end":{"line":669,"column":5}},"type":"if","locations":[{"start":{"line":667,"column":4},"end":{"line":669,"column":5}},{"start":{},"end":{}}],"line":667},"90":{"loc":{"start":{"line":676,"column":6},"end":{"line":682,"column":7}},"type":"if","locations":[{"start":{"line":676,"column":6},"end":{"line":682,"column":7}},{"start":{"line":678,"column":13},"end":{"line":682,"column":7}}],"line":676},"91":{"loc":{"start":{"line":678,"column":13},"end":{"line":682,"column":7}},"type":"if","locations":[{"start":{"line":678,"column":13},"end":{"line":682,"column":7}},{"start":{"line":680,"column":13},"end":{"line":682,"column":7}}],"line":678},"92":{"loc":{"start":{"line":689,"column":6},"end":{"line":693,"column":7}},"type":"if","locations":[{"start":{"line":689,"column":6},"end":{"line":693,"column":7}},{"start":{},"end":{}}],"line":689},"93":{"loc":{"start":{"line":761,"column":40},"end":{"line":761,"column":52}},"type":"default-arg","locations":[{"start":{"line":761,"column":50},"end":{"line":761,"column":52}}],"line":761},"94":{"loc":{"start":{"line":764,"column":2},"end":{"line":766,"column":3}},"type":"if","locations":[{"start":{"line":764,"column":2},"end":{"line":766,"column":3}},{"start":{},"end":{}}],"line":764}},"s":{"0":2,"1":2,"2":2,"3":2,"4":5,"5":5,"6":5,"7":5,"8":5,"9":0,"10":5,"11":5,"12":5,"13":4,"14":1,"15":120,"16":120,"17":120,"18":120,"19":120,"20":120,"21":21,"22":19,"23":2,"24":12,"25":12,"26":2,"27":2,"28":19,"29":0,"30":19,"31":1,"32":1,"33":18,"34":49,"35":49,"36":49,"37":49,"38":49,"39":49,"40":114,"41":114,"42":114,"43":0,"44":4,"45":10,"46":10,"47":10,"48":10,"49":1,"50":1,"51":1,"52":1,"53":9,"54":23,"55":0,"56":0,"57":6,"58":6,"59":6,"60":15,"61":15,"62":7,"63":6,"64":1,"65":1,"66":1,"67":6,"68":1,"69":1,"70":1,"71":6,"72":2,"73":2,"74":5,"75":5,"76":5,"77":2,"78":1,"79":1,"80":1,"81":1,"82":6,"83":6,"84":1,"85":1,"86":1,"87":5,"88":5,"89":3,"90":3,"91":3,"92":3,"93":3,"94":1,"95":22,"96":9,"97":9,"98":45,"99":45,"100":13,"101":9,"102":5,"103":1,"104":1,"105":2,"106":10,"107":10,"108":20,"109":1,"110":20,"111":2,"112":6,"113":1,"114":5,"115":1,"116":1,"117":1,"118":1,"119":5,"120":5,"121":1,"122":168,"123":168,"124":168,"125":168,"126":168,"127":168,"128":168,"129":168,"130":1,"131":1,"132":22,"133":22,"134":5,"135":5,"136":17,"137":1,"138":1,"139":17,"140":14,"141":2,"142":14,"143":1,"144":14,"145":1,"146":17,"147":1,"148":1,"149":1,"150":17,"151":6,"152":45,"153":45,"154":45,"155":45,"156":45,"157":45,"158":161,"159":161,"160":161,"161":1,"162":38,"163":38,"164":38,"165":1,"166":1,"167":1,"168":7,"169":7,"170":7,"171":15,"172":15,"173":15,"174":15,"175":4,"176":7,"177":4,"178":4,"179":4,"180":3,"181":1,"182":4,"183":4,"184":4,"185":3,"186":7,"187":1,"188":1,"189":1,"190":1,"191":7,"192":12,"193":12,"194":12,"195":12,"196":38,"197":38,"198":38,"199":1,"200":2,"201":2,"202":2,"203":2,"204":2,"205":2,"206":10,"207":10,"208":2,"209":1,"210":2,"211":2,"212":8,"213":5,"214":2,"215":1,"216":2,"217":2,"218":2,"219":2,"220":2,"221":2,"222":2,"223":2,"224":2,"225":1,"226":2,"227":2,"228":4,"229":4,"230":1,"231":3,"232":3,"233":3,"234":1,"235":1,"236":1,"237":3,"238":3,"239":1,"240":1,"241":0,"242":1,"243":1,"244":1,"245":1,"246":4,"247":4,"248":4,"249":1,"250":3,"251":2,"252":1,"253":4,"254":1,"255":1,"256":1,"257":1,"258":1,"259":1,"260":12,"261":12,"262":12,"263":12,"264":12,"265":12,"266":12,"267":12,"268":12,"269":12,"270":12,"271":12,"272":12,"273":12,"274":12,"275":12,"276":12,"277":12,"278":12,"279":12,"280":12,"281":12,"282":12,"283":12,"284":12,"285":12,"286":12,"287":12,"288":12,"289":12,"290":12,"291":12,"292":12,"293":12,"294":12,"295":2},"f":{"0":5,"1":0,"2":5,"3":120,"4":21,"5":12,"6":2,"7":19,"8":49,"9":114,"10":0,"11":4,"12":10,"13":1,"14":9,"15":23,"16":0,"17":0,"18":6,"19":2,"20":1,"21":22,"22":9,"23":5,"24":1,"25":20,"26":2,"27":1,"28":1,"29":168,"30":1,"31":22,"32":6,"33":45,"34":161,"35":1,"36":38,"37":1,"38":1,"39":7,"40":12,"41":38,"42":1,"43":2,"44":4,"45":1,"46":1,"47":12,"48":12},"b":{"0":[0],"1":[5,0],"2":[5,5],"3":[5,5],"4":[5,5],"5":[5,1],"6":[5,5],"7":[3],"8":[1,3],"9":[3,0],"10":[3],"11":[120,119],"12":[120,119],"13":[120,51],"14":[120,119],"15":[0],"16":[19,2],"17":[3],"18":[0,19],"19":[1,0],"20":[1,1],"21":[18,12],"22":[8,10],"23":[18,12],"24":[9],"25":[49,48],"26":[49,48],"27":[49,49],"28":[106],"29":[10,0],"30":[1,0],"31":[2],"32":[7,8],"33":[15,7],"34":[1,5],"35":[1,0],"36":[1,5],"37":[1,0],"38":[1,4],"39":[5,0],"40":[1,5],"41":[3,2],"42":[1,5],"43":[1],"44":[168,167],"45":[168,168],"46":[168,142],"47":[168,167],"48":[168,167],"49":[6],"50":[5,17],"51":[22,19,14],"52":[1,0],"53":[1,1],"54":[14,3],"55":[2,12],"56":[14,3],"57":[1,13],"58":[14,1],"59":[1,13],"60":[14,2],"61":[1,0],"62":[2],"63":[45,38],"64":[45,2],"65":[0],"66":[38],"67":[7],"68":[7,0],"69":[15,7],"70":[4,11],"71":[4,2],"72":[3,1],"73":[3,1],"74":[1,0],"75":[1,1],"76":[0],"77":[12,11],"78":[2,8],"79":[1,1],"80":[5,3],"81":[1,1],"82":[1,1],"83":[1,3],"84":[0,3],"85":[1,2],"86":[3,1],"87":[0],"88":[0,1],"89":[1,0],"90":[1,3],"91":[2,1],"92":[1,0],"93":[11],"94":[12,0]},"_coverageSchema":"1a1c01bbd47fc00a2c39e90264f33305004495a9","hash":"6aa7a85d56cab5f37a686e6098a884c7e9cc2ea2"}
}
