TN:
SF:src/steering/advanced-validation.js
FN:46,(anonymous_0)
FN:59,(anonymous_1)
FN:78,(anonymous_2)
FN:88,(anonymous_3)
FN:93,(anonymous_4)
FN:98,(anonymous_5)
FN:105,(anonymous_6)
FN:106,(anonymous_7)
FN:115,(anonymous_8)
FN:120,(anonymous_9)
FN:125,(anonymous_10)
FN:145,(anonymous_11)
FN:152,(anonymous_12)
FN:155,(anonymous_13)
FN:183,(anonymous_14)
FN:186,(anonymous_15)
FN:200,(anonymous_16)
FN:223,(anonymous_17)
FN:232,(anonymous_18)
FN:240,(anonymous_19)
FN:242,(anonymous_20)
FN:249,(anonymous_21)
FN:274,(anonymous_22)
FN:275,(anonymous_23)
FN:285,(anonymous_24)
FN:304,(anonymous_25)
FN:309,(anonymous_26)
FN:314,(anonymous_27)
FN:319,(anonymous_28)
FN:359,(anonymous_29)
FN:365,(anonymous_30)
FN:372,(anonymous_31)
FN:373,(anonymous_32)
FN:376,(anonymous_33)
FN:388,(anonymous_34)
FN:393,(anonymous_35)
FN:401,(anonymous_36)
FN:409,(anonymous_37)
FN:413,(anonymous_38)
FN:423,(anonymous_39)
FN:428,(anonymous_40)
FN:456,(anonymous_41)
FN:458,(anonymous_42)
FN:510,(anonymous_43)
FN:515,(anonymous_44)
FN:544,(anonymous_45)
FN:554,(anonymous_46)
FN:559,(anonymous_47)
FN:572,(anonymous_48)
FN:606,(anonymous_49)
FN:618,(anonymous_50)
FN:628,(anonymous_51)
FN:632,(anonymous_52)
FN:637,(anonymous_53)
FN:644,(anonymous_54)
FN:651,(anonymous_55)
FN:658,(anonymous_56)
FN:665,(anonymous_57)
FN:672,(anonymous_58)
FN:679,(anonymous_59)
FN:697,(anonymous_60)
FN:709,(anonymous_61)
FN:710,(anonymous_62)
FN:711,(anonymous_63)
FN:718,(anonymous_64)
FN:731,(anonymous_65)
FN:733,(anonymous_66)
FN:739,(anonymous_67)
FN:785,createAdvancedValidator
FNF:69
FNH:67
FNDA:30,(anonymous_0)
FNDA:1,(anonymous_1)
FNDA:16,(anonymous_2)
FNDA:3,(anonymous_3)
FNDA:1,(anonymous_4)
FNDA:1,(anonymous_5)
FNDA:1,(anonymous_6)
FNDA:0,(anonymous_7)
FNDA:20,(anonymous_8)
FNDA:35,(anonymous_9)
FNDA:8,(anonymous_10)
FNDA:4,(anonymous_11)
FNDA:16,(anonymous_12)
FNDA:5,(anonymous_13)
FNDA:16,(anonymous_14)
FNDA:5,(anonymous_15)
FNDA:2,(anonymous_16)
FNDA:20,(anonymous_17)
FNDA:9,(anonymous_18)
FNDA:7,(anonymous_19)
FNDA:10,(anonymous_20)
FNDA:5,(anonymous_21)
FNDA:7,(anonymous_22)
FNDA:10,(anonymous_23)
FNDA:1,(anonymous_24)
FNDA:19,(anonymous_25)
FNDA:33,(anonymous_26)
FNDA:16,(anonymous_27)
FNDA:7,(anonymous_28)
FNDA:6,(anonymous_29)
FNDA:4,(anonymous_30)
FNDA:5,(anonymous_31)
FNDA:5,(anonymous_32)
FNDA:4,(anonymous_33)
FNDA:24,(anonymous_34)
FNDA:17,(anonymous_35)
FNDA:0,(anonymous_36)
FNDA:1,(anonymous_37)
FNDA:2,(anonymous_38)
FNDA:12,(anonymous_39)
FNDA:26,(anonymous_40)
FNDA:6,(anonymous_41)
FNDA:8,(anonymous_42)
FNDA:2,(anonymous_43)
FNDA:7,(anonymous_44)
FNDA:19,(anonymous_45)
FNDA:16,(anonymous_46)
FNDA:6,(anonymous_47)
FNDA:5,(anonymous_48)
FNDA:15,(anonymous_49)
FNDA:12,(anonymous_50)
FNDA:1,(anonymous_51)
FNDA:18,(anonymous_52)
FNDA:2,(anonymous_53)
FNDA:4,(anonymous_54)
FNDA:4,(anonymous_55)
FNDA:3,(anonymous_56)
FNDA:3,(anonymous_57)
FNDA:3,(anonymous_58)
FNDA:2,(anonymous_59)
FNDA:6,(anonymous_60)
FNDA:6,(anonymous_61)
FNDA:6,(anonymous_62)
FNDA:6,(anonymous_63)
FNDA:17,(anonymous_64)
FNDA:2,(anonymous_65)
FNDA:2,(anonymous_66)
FNDA:1,(anonymous_67)
FNDA:15,createAdvancedValidator
DA:11,2
DA:12,2
DA:15,2
DA:25,2
DA:33,2
DA:47,30
DA:48,30
DA:49,30
DA:50,30
DA:51,30
DA:52,30
DA:53,30
DA:54,30
DA:55,30
DA:56,30
DA:60,1
DA:79,16
DA:80,16
DA:81,16
DA:82,16
DA:83,16
DA:84,16
DA:85,16
DA:89,3
DA:90,3
DA:94,1
DA:95,1
DA:99,1
DA:105,1
DA:106,0
DA:116,20
DA:117,20
DA:121,35
DA:122,35
DA:126,8
DA:128,8
DA:129,12
DA:130,12
DA:131,11
DA:133,1
DA:144,8
DA:145,4
DA:153,16
DA:156,5
DA:157,5
DA:159,5
DA:160,6
DA:161,6
DA:162,1
DA:163,1
DA:173,6
DA:174,6
DA:178,5
DA:184,16
DA:187,5
DA:188,5
DA:190,5
DA:191,6
DA:192,2
DA:193,1
DA:195,2
DA:199,5
DA:200,2
DA:201,1
DA:202,1
DA:213,5
DA:224,20
DA:225,20
DA:233,9
DA:234,7
DA:236,9
DA:237,9
DA:241,7
DA:242,10
DA:244,7
DA:245,10
DA:246,10
DA:248,10
DA:249,16
DA:250,5
DA:251,5
DA:254,16
DA:255,13
DA:268,7
DA:275,7
DA:276,10
DA:279,7
DA:281,7
DA:282,7
DA:286,1
DA:288,1
DA:289,2
DA:296,1
DA:305,19
DA:306,19
DA:310,33
DA:311,33
DA:315,16
DA:316,16
DA:320,7
DA:323,7
DA:324,7
DA:325,10
DA:326,10
DA:327,5
DA:340,7
DA:341,7
DA:343,7
DA:344,2
DA:345,2
DA:346,1
DA:358,7
DA:359,6
DA:366,4
DA:368,4
DA:369,5
DA:372,5
DA:373,5
DA:375,4
DA:376,4
DA:389,24
DA:390,24
DA:394,17
DA:395,17
DA:397,17
DA:398,17
DA:402,0
DA:403,0
DA:404,0
DA:406,0
DA:410,1
DA:414,2
DA:415,2
DA:416,4
DA:417,4
DA:420,2
DA:424,12
DA:425,12
DA:426,12
DA:428,12
DA:429,26
DA:430,4
DA:431,4
DA:432,4
DA:435,22
DA:437,17
DA:438,17
DA:439,17
DA:441,17
DA:442,17
DA:443,13
DA:446,17
DA:449,12
DA:450,13
DA:453,12
DA:457,6
DA:458,8
DA:461,6
DA:462,6
DA:463,0
DA:473,6
DA:474,6
DA:475,2
DA:489,6
DA:490,5
DA:491,5
DA:492,1
DA:503,6
DA:511,2
DA:512,2
DA:513,2
DA:515,2
DA:516,7
DA:517,6
DA:519,5
DA:520,5
DA:522,5
DA:523,4
DA:526,3
DA:527,3
DA:528,3
DA:529,3
DA:532,2
DA:533,3
DA:536,1
DA:545,19
DA:546,19
DA:555,16
DA:556,16
DA:560,6
DA:562,6
DA:563,24
DA:564,24
DA:565,7
DA:569,6
DA:573,5
DA:575,5
DA:576,5
DA:577,5
DA:579,5
DA:580,4
DA:581,1
DA:594,5
DA:607,15
DA:608,15
DA:609,15
DA:610,15
DA:611,15
DA:612,15
DA:613,15
DA:614,15
DA:619,12
DA:620,12
DA:622,12
DA:623,12
DA:624,12
DA:625,12
DA:629,1
DA:633,18
DA:638,2
DA:639,2
DA:640,2
DA:645,4
DA:646,4
DA:647,4
DA:648,4
DA:652,4
DA:653,4
DA:654,4
DA:655,4
DA:659,3
DA:660,3
DA:661,3
DA:662,3
DA:666,3
DA:667,3
DA:668,3
DA:669,3
DA:673,3
DA:674,3
DA:675,3
DA:676,3
DA:680,2
DA:688,2
DA:696,2
DA:697,6
DA:700,2
DA:702,2
DA:709,6
DA:710,6
DA:711,6
DA:719,17
DA:726,17
DA:727,0
DA:732,2
DA:733,2
DA:735,1
DA:740,1
DA:741,1
DA:762,1
DA:763,1
DA:765,1
DA:767,3
DA:768,3
DA:769,3
DA:770,3
DA:771,3
DA:772,3
DA:773,3
DA:774,3
DA:778,1
DA:786,15
DA:789,15
DA:790,15
DA:793,15
DA:797,15
DA:798,15
DA:800,15
DA:803,2
LF:279
LH:272
BRDA:46,0,0,0
BRDA:47,1,0,30
BRDA:47,1,1,30
BRDA:48,2,0,30
BRDA:48,2,1,3
BRDA:49,3,0,30
BRDA:49,3,1,3
BRDA:50,4,0,30
BRDA:50,4,1,0
BRDA:51,5,0,30
BRDA:51,5,1,6
BRDA:52,6,0,30
BRDA:52,6,1,25
BRDA:53,7,0,30
BRDA:53,7,1,15
BRDA:54,8,0,30
BRDA:54,8,1,27
BRDA:55,9,0,30
BRDA:55,9,1,26
BRDA:78,10,0,3
BRDA:81,11,0,16
BRDA:81,11,1,3
BRDA:82,12,0,16
BRDA:82,12,1,16
BRDA:83,13,0,16
BRDA:83,13,1,16
BRDA:84,14,0,16
BRDA:84,14,1,16
BRDA:85,15,0,16
BRDA:85,15,1,16
BRDA:105,16,0,0
BRDA:105,16,1,1
BRDA:106,17,0,0
BRDA:106,17,1,0
BRDA:115,18,0,20
BRDA:117,19,0,20
BRDA:117,19,1,20
BRDA:145,20,0,4
BRDA:145,20,1,4
BRDA:161,21,0,1
BRDA:161,21,1,5
BRDA:161,22,0,6
BRDA:161,22,1,6
BRDA:173,23,0,6
BRDA:173,23,1,0
BRDA:191,24,0,2
BRDA:191,24,1,4
BRDA:192,25,0,1
BRDA:192,25,1,1
BRDA:201,26,0,1
BRDA:201,26,1,0
BRDA:223,27,0,20
BRDA:225,28,0,20
BRDA:225,28,1,20
BRDA:233,29,0,7
BRDA:233,29,1,2
BRDA:245,30,0,10
BRDA:245,30,1,1
BRDA:246,31,0,10
BRDA:246,31,1,8
BRDA:251,32,0,5
BRDA:251,32,1,5
BRDA:254,33,0,13
BRDA:254,33,1,3
BRDA:276,34,0,10
BRDA:276,34,1,1
BRDA:279,35,0,0
BRDA:279,35,1,7
BRDA:304,36,0,19
BRDA:305,37,0,19
BRDA:305,37,1,19
BRDA:306,38,0,19
BRDA:306,38,1,19
BRDA:323,39,0,7
BRDA:323,39,1,1
BRDA:325,40,0,10
BRDA:325,40,1,5
BRDA:326,41,0,5
BRDA:326,41,1,5
BRDA:326,42,0,10
BRDA:326,42,1,5
BRDA:326,42,2,5
BRDA:340,43,0,7
BRDA:340,43,1,6
BRDA:341,44,0,7
BRDA:341,44,1,6
BRDA:345,45,0,1
BRDA:345,45,1,1
BRDA:388,46,0,23
BRDA:390,47,0,24
BRDA:390,47,1,23
BRDA:394,48,0,17
BRDA:394,48,1,0
BRDA:403,49,0,0
BRDA:403,49,1,0
BRDA:410,50,0,1
BRDA:410,50,1,0
BRDA:416,51,0,4
BRDA:416,51,1,0
BRDA:428,52,0,13
BRDA:429,53,0,4
BRDA:429,53,1,22
BRDA:435,54,0,5
BRDA:435,54,1,17
BRDA:441,55,0,17
BRDA:441,55,1,4
BRDA:462,56,0,0
BRDA:462,56,1,6
BRDA:474,57,0,2
BRDA:474,57,1,4
BRDA:489,58,0,5
BRDA:489,58,1,1
BRDA:516,59,0,1
BRDA:516,59,1,6
BRDA:517,60,0,1
BRDA:517,60,1,5
BRDA:520,61,0,5
BRDA:520,61,1,1
BRDA:523,62,0,2
BRDA:523,62,1,2
BRDA:533,63,0,1
BRDA:533,63,1,2
BRDA:544,64,0,19
BRDA:546,65,0,19
BRDA:546,65,1,19
BRDA:563,66,0,24
BRDA:563,66,1,19
BRDA:576,67,0,5
BRDA:576,67,1,3
BRDA:580,68,0,1
BRDA:580,68,1,3
BRDA:606,69,0,0
BRDA:619,70,0,12
BRDA:619,70,1,0
BRDA:697,71,0,6
BRDA:697,71,1,6
BRDA:726,72,0,0
BRDA:726,72,1,17
BRDA:731,73,0,1
BRDA:732,74,0,1
BRDA:732,74,1,1
BRDA:748,75,0,0
BRDA:748,75,1,1
BRDA:762,76,0,1
BRDA:762,76,1,0
BRDA:767,77,0,0
BRDA:767,77,1,3
BRDA:767,78,0,1
BRDA:767,78,1,2
BRDA:772,79,0,3
BRDA:772,79,1,0
BRDA:773,80,0,2
BRDA:773,80,1,1
BRDA:785,81,0,15
BRF:154
BRH:133
end_of_record
TN:
SF:src/steering/auto-updater.js
FN:44,(anonymous_0)
FN:62,(anonymous_1)
FN:82,(anonymous_2)
FN:114,(anonymous_3)
FN:123,(anonymous_4)
FN:139,(anonymous_5)
FN:156,(anonymous_6)
FN:166,(anonymous_7)
FN:207,(anonymous_8)
FN:238,(anonymous_9)
FN:259,(anonymous_10)
FN:266,(anonymous_11)
FN:315,(anonymous_12)
FN:352,(anonymous_13)
FN:396,(anonymous_14)
FN:404,(anonymous_15)
FN:448,(anonymous_16)
FN:456,(anonymous_17)
FN:480,(anonymous_18)
FN:505,(anonymous_19)
FN:537,(anonymous_20)
FN:546,(anonymous_21)
FN:582,(anonymous_22)
FN:596,(anonymous_23)
FN:604,(anonymous_24)
FN:611,(anonymous_25)
FN:630,(anonymous_26)
FN:639,createSteeringAutoUpdater
FNF:28
FNH:28
FNDA:17,(anonymous_0)
FNDA:8,(anonymous_1)
FNDA:3,(anonymous_2)
FNDA:15,(anonymous_3)
FNDA:3,(anonymous_4)
FNDA:3,(anonymous_5)
FNDA:1,(anonymous_6)
FNDA:2,(anonymous_7)
FNDA:1,(anonymous_8)
FNDA:5,(anonymous_9)
FNDA:13,(anonymous_10)
FNDA:1,(anonymous_11)
FNDA:1,(anonymous_12)
FNDA:2,(anonymous_13)
FNDA:13,(anonymous_14)
FNDA:1,(anonymous_15)
FNDA:3,(anonymous_16)
FNDA:3,(anonymous_17)
FNDA:10,(anonymous_18)
FNDA:2,(anonymous_19)
FNDA:2,(anonymous_20)
FNDA:3,(anonymous_21)
FNDA:1,(anonymous_22)
FNDA:1,(anonymous_23)
FNDA:1,(anonymous_24)
FNDA:2,(anonymous_25)
FNDA:1,(anonymous_26)
FNDA:10,createSteeringAutoUpdater
DA:11,2
DA:12,2
DA:13,2
DA:18,2
DA:30,2
DA:45,17
DA:63,8
DA:65,8
DA:66,15
DA:67,43
DA:68,140
DA:69,14
DA:70,14
DA:76,8
DA:83,3
DA:92,3
DA:93,6
DA:94,2
DA:95,4
DA:96,3
DA:97,1
DA:98,1
DA:102,3
DA:104,3
DA:106,3
DA:115,15
DA:116,15
DA:117,15
DA:124,3
DA:127,3
DA:128,3
DA:129,3
DA:130,3
DA:131,3
DA:135,3
DA:136,2
DA:139,3
DA:144,3
DA:145,3
DA:146,1
DA:147,1
DA:148,1
DA:152,3
DA:153,1
DA:156,1
DA:160,3
DA:167,2
DA:169,2
DA:170,2
DA:171,2
DA:173,2
DA:183,2
DA:184,2
DA:185,2
DA:186,2
DA:187,2
DA:188,2
DA:189,2
DA:190,2
DA:192,2
DA:193,2
DA:201,2
DA:208,1
DA:210,1
DA:212,1
DA:213,1
DA:214,1
DA:222,1
DA:223,1
DA:224,1
DA:232,1
DA:239,5
DA:241,5
DA:242,5
DA:251,5
DA:260,13
DA:267,1
DA:277,1
DA:278,1
DA:279,1
DA:281,1
DA:282,13
DA:284,13
DA:286,9
DA:287,9
DA:288,5
DA:289,5
DA:291,5
DA:292,3
DA:293,3
DA:295,2
DA:296,2
DA:297,0
DA:300,4
DA:301,4
DA:302,4
DA:303,0
DA:305,4
DA:309,1
DA:316,1
DA:318,1
DA:319,1
DA:321,1
DA:322,1
DA:323,1
DA:325,1
DA:326,1
DA:327,1
DA:328,2
DA:332,1
DA:333,1
DA:334,1
DA:335,2
DA:339,1
DA:340,0
DA:341,0
DA:342,0
DA:346,1
DA:353,2
DA:355,2
DA:356,2
DA:357,2
DA:360,2
DA:361,2
DA:363,2
DA:380,2
DA:381,28
DA:382,4
DA:386,2
DA:388,2
DA:397,13
DA:398,13
DA:406,1
DA:407,1
DA:410,1
DA:411,2
DA:412,2
DA:414,2
DA:422,2
DA:423,2
DA:424,2
DA:428,2
DA:429,2
DA:430,2
DA:434,2
DA:435,2
DA:436,2
DA:439,2
DA:442,1
DA:449,3
DA:450,3
DA:457,3
DA:459,3
DA:460,2
DA:461,3
DA:462,2
DA:472,3
DA:481,10
DA:482,10
DA:483,10
DA:484,10
DA:486,10
DA:487,10
DA:492,10
DA:495,10
DA:499,10
DA:506,2
DA:508,2
DA:517,2
DA:518,1
DA:522,2
DA:523,1
DA:527,2
DA:528,0
DA:532,2
DA:534,2
DA:538,2
DA:547,3
DA:553,3
DA:554,6
DA:556,4
DA:557,4
DA:558,4
DA:559,4
DA:561,4
DA:563,0
DA:571,3
DA:576,3
DA:583,1
DA:585,1
DA:590,1
DA:597,1
DA:598,1
DA:605,1
DA:612,2
DA:615,2
DA:616,2
DA:617,6
DA:618,1
DA:629,2
DA:630,1
DA:640,10
DA:643,2
LF:203
LH:196
BRDA:44,0,0,16
BRDA:45,1,0,17
BRDA:45,1,1,16
BRDA:68,2,0,14
BRDA:68,2,1,126
BRDA:93,3,0,2
BRDA:93,3,1,4
BRDA:95,4,0,3
BRDA:95,4,1,1
BRDA:97,5,0,1
BRDA:97,5,1,0
BRDA:114,6,0,0
BRDA:115,7,0,15
BRDA:115,7,1,5
BRDA:116,8,0,15
BRDA:116,8,1,1
BRDA:130,9,0,3
BRDA:130,9,1,0
BRDA:135,10,0,2
BRDA:135,10,1,1
BRDA:147,11,0,1
BRDA:147,11,1,0
BRDA:152,12,0,1
BRDA:152,12,1,2
BRDA:166,13,0,0
BRDA:169,14,0,2
BRDA:169,14,1,0
BRDA:170,15,0,2
BRDA:170,15,1,0
BRDA:171,16,0,2
BRDA:171,16,1,0
BRDA:184,17,0,2
BRDA:184,17,1,0
BRDA:184,18,0,2
BRDA:184,18,1,0
BRDA:185,19,0,0
BRDA:185,19,1,2
BRDA:186,20,0,0
BRDA:186,20,1,2
BRDA:187,21,0,1
BRDA:187,21,1,1
BRDA:188,22,0,0
BRDA:188,22,1,2
BRDA:189,23,0,2
BRDA:189,23,1,0
BRDA:189,24,0,2
BRDA:189,24,1,2
BRDA:190,25,0,1
BRDA:190,25,1,1
BRDA:190,26,0,2
BRDA:190,26,1,2
BRDA:192,27,0,2
BRDA:192,27,1,0
BRDA:207,28,0,0
BRDA:210,29,0,1
BRDA:210,29,1,0
BRDA:213,30,0,1
BRDA:213,30,1,0
BRDA:223,31,0,1
BRDA:223,31,1,0
BRDA:259,32,0,3
BRDA:260,33,0,13
BRDA:260,33,1,3
BRDA:284,34,0,4
BRDA:284,34,1,9
BRDA:284,35,0,13
BRDA:284,35,1,13
BRDA:287,36,0,5
BRDA:287,36,1,4
BRDA:291,37,0,3
BRDA:291,37,1,2
BRDA:291,38,0,5
BRDA:291,38,1,3
BRDA:296,39,0,0
BRDA:296,39,1,2
BRDA:300,40,0,4
BRDA:300,40,1,0
BRDA:300,41,0,4
BRDA:300,41,1,4
BRDA:302,42,0,0
BRDA:302,42,1,4
BRDA:321,43,0,1
BRDA:321,43,1,0
BRDA:322,44,0,1
BRDA:322,44,1,0
BRDA:323,45,0,1
BRDA:323,45,1,0
BRDA:325,46,0,1
BRDA:325,46,1,0
BRDA:325,47,0,1
BRDA:325,47,1,1
BRDA:332,48,0,1
BRDA:332,48,1,0
BRDA:332,49,0,1
BRDA:332,49,1,1
BRDA:339,50,0,0
BRDA:339,50,1,1
BRDA:339,51,0,1
BRDA:339,51,1,0
BRDA:355,52,0,2
BRDA:355,52,1,0
BRDA:356,53,0,2
BRDA:356,53,1,0
BRDA:357,54,0,0
BRDA:357,54,1,2
BRDA:360,55,0,2
BRDA:360,55,1,0
BRDA:381,56,0,4
BRDA:381,56,1,24
BRDA:396,57,0,3
BRDA:397,58,0,13
BRDA:397,58,1,3
BRDA:423,59,0,2
BRDA:423,59,1,0
BRDA:429,60,0,2
BRDA:429,60,1,0
BRDA:435,61,0,2
BRDA:435,61,1,0
BRDA:461,62,0,2
BRDA:461,62,1,1
BRDA:461,63,0,3
BRDA:461,63,1,3
BRDA:480,64,0,0
BRDA:482,65,0,10
BRDA:482,65,1,10
BRDA:483,66,0,10
BRDA:483,66,1,10
BRDA:484,67,0,10
BRDA:484,67,1,1
BRDA:505,68,0,1
BRDA:517,69,0,1
BRDA:517,69,1,1
BRDA:522,70,0,1
BRDA:522,70,1,1
BRDA:522,71,0,2
BRDA:522,71,1,1
BRDA:527,72,0,0
BRDA:527,72,1,2
BRDA:527,73,0,2
BRDA:527,73,1,2
BRDA:554,74,0,2
BRDA:554,74,1,4
BRDA:617,75,0,1
BRDA:617,75,1,5
BRDA:639,76,0,1
BRF:145
BRH:107
end_of_record
TN:
SF:src/steering/index.js
FNF:0
FNH:0
DA:21,1
DA:36,1
DA:51,1
DA:67,1
DA:69,1
LF:5
LH:5
BRF:0
BRH:0
end_of_record
TN:
SF:src/steering/quality-metrics.js
FN:43,(anonymous_0)
FN:55,(anonymous_1)
FN:61,(anonymous_2)
FN:66,(anonymous_3)
FN:71,(anonymous_4)
FN:89,(anonymous_5)
FN:95,(anonymous_6)
FN:103,(anonymous_7)
FN:116,(anonymous_8)
FN:122,(anonymous_9)
FN:127,(anonymous_10)
FN:136,(anonymous_11)
FN:142,(anonymous_12)
FN:148,(anonymous_13)
FN:154,(anonymous_14)
FN:159,(anonymous_15)
FN:168,(anonymous_16)
FN:174,(anonymous_17)
FN:177,(anonymous_18)
FN:192,(anonymous_19)
FN:196,(anonymous_20)
FN:201,(anonymous_21)
FN:216,(anonymous_22)
FN:222,(anonymous_23)
FN:233,(anonymous_24)
FN:263,(anonymous_25)
FN:265,(anonymous_26)
FN:269,(anonymous_27)
FN:271,(anonymous_28)
FN:274,(anonymous_29)
FN:276,(anonymous_30)
FN:279,(anonymous_31)
FN:294,(anonymous_32)
FN:303,(anonymous_33)
FN:311,(anonymous_34)
FN:323,(anonymous_35)
FN:325,(anonymous_36)
FN:329,(anonymous_37)
FN:331,(anonymous_38)
FN:335,(anonymous_39)
FN:346,(anonymous_40)
FN:351,(anonymous_41)
FN:361,(anonymous_42)
FN:365,(anonymous_43)
FN:378,(anonymous_44)
FN:390,(anonymous_45)
FN:396,(anonymous_46)
FN:400,(anonymous_47)
FN:416,(anonymous_48)
FN:417,(anonymous_49)
FN:421,(anonymous_50)
FN:427,(anonymous_51)
FN:431,(anonymous_52)
FN:441,(anonymous_53)
FN:450,(anonymous_54)
FN:456,(anonymous_55)
FN:460,(anonymous_56)
FN:469,(anonymous_57)
FN:483,(anonymous_58)
FN:496,(anonymous_59)
FN:500,(anonymous_60)
FN:504,(anonymous_61)
FN:509,(anonymous_62)
FN:520,(anonymous_63)
FN:522,(anonymous_64)
FN:523,(anonymous_65)
FN:535,(anonymous_66)
FN:537,(anonymous_67)
FN:542,(anonymous_68)
FN:599,(anonymous_69)
FN:607,createQualityDashboard
FNF:71
FNH:68
FNDA:39,(anonymous_0)
FNDA:11,(anonymous_1)
FNDA:7,(anonymous_2)
FNDA:8,(anonymous_3)
FNDA:6,(anonymous_4)
FNDA:16,(anonymous_5)
FNDA:3,(anonymous_6)
FNDA:3,(anonymous_7)
FNDA:10,(anonymous_8)
FNDA:19,(anonymous_9)
FNDA:3,(anonymous_10)
FNDA:1,(anonymous_11)
FNDA:5,(anonymous_12)
FNDA:3,(anonymous_13)
FNDA:1,(anonymous_14)
FNDA:1,(anonymous_15)
FNDA:12,(anonymous_16)
FNDA:0,(anonymous_17)
FNDA:7,(anonymous_18)
FNDA:4,(anonymous_19)
FNDA:2,(anonymous_20)
FNDA:3,(anonymous_21)
FNDA:18,(anonymous_22)
FNDA:26,(anonymous_23)
FNDA:5,(anonymous_24)
FNDA:2,(anonymous_25)
FNDA:5,(anonymous_26)
FNDA:2,(anonymous_27)
FNDA:5,(anonymous_28)
FNDA:2,(anonymous_29)
FNDA:5,(anonymous_30)
FNDA:1,(anonymous_31)
FNDA:26,(anonymous_32)
FNDA:5,(anonymous_33)
FNDA:20,(anonymous_34)
FNDA:6,(anonymous_35)
FNDA:7,(anonymous_36)
FNDA:5,(anonymous_37)
FNDA:1,(anonymous_38)
FNDA:6,(anonymous_39)
FNDA:5,(anonymous_40)
FNDA:5,(anonymous_41)
FNDA:1,(anonymous_42)
FNDA:10,(anonymous_43)
FNDA:20,(anonymous_44)
FNDA:24,(anonymous_45)
FNDA:4,(anonymous_46)
FNDA:7,(anonymous_47)
FNDA:9,(anonymous_48)
FNDA:11,(anonymous_49)
FNDA:6,(anonymous_50)
FNDA:1,(anonymous_51)
FNDA:1,(anonymous_52)
FNDA:1,(anonymous_53)
FNDA:8,(anonymous_54)
FNDA:3,(anonymous_55)
FNDA:7,(anonymous_56)
FNDA:4,(anonymous_57)
FNDA:7,(anonymous_58)
FNDA:2,(anonymous_59)
FNDA:0,(anonymous_60)
FNDA:2,(anonymous_61)
FNDA:0,(anonymous_62)
FNDA:3,(anonymous_63)
FNDA:3,(anonymous_64)
FNDA:2,(anonymous_65)
FNDA:2,(anonymous_66)
FNDA:3,(anonymous_67)
FNDA:1,(anonymous_68)
FNDA:1,(anonymous_69)
FNDA:20,createQualityDashboard
DA:11,2
DA:12,2
DA:15,2
DA:24,2
DA:32,2
DA:44,39
DA:45,39
DA:46,39
DA:47,39
DA:48,39
DA:49,39
DA:50,39
DA:51,39
DA:52,39
DA:56,11
DA:57,11
DA:58,11
DA:62,7
DA:63,3
DA:67,8
DA:68,4
DA:72,6
DA:90,16
DA:91,16
DA:92,16
DA:96,3
DA:97,3
DA:98,3
DA:99,3
DA:100,3
DA:104,3
DA:117,10
DA:118,10
DA:119,10
DA:123,19
DA:124,19
DA:128,3
DA:132,3
DA:133,3
DA:137,1
DA:138,1
DA:139,1
DA:143,5
DA:144,0
DA:145,0
DA:148,5
DA:149,5
DA:150,5
DA:151,5
DA:155,1
DA:159,1
DA:169,12
DA:170,12
DA:171,12
DA:172,12
DA:173,12
DA:174,12
DA:178,7
DA:179,7
DA:180,6
DA:181,6
DA:182,6
DA:183,6
DA:185,1
DA:186,1
DA:187,1
DA:188,1
DA:193,4
DA:197,2
DA:198,1
DA:202,3
DA:217,18
DA:218,18
DA:219,18
DA:223,26
DA:226,26
DA:227,1
DA:230,26
DA:234,5
DA:235,1
DA:238,4
DA:239,4
DA:240,4
DA:241,4
DA:242,4
DA:245,4
DA:246,1
DA:247,3
DA:248,2
DA:250,1
DA:253,4
DA:264,2
DA:265,5
DA:266,2
DA:270,2
DA:271,5
DA:275,2
DA:276,5
DA:280,1
DA:295,26
DA:304,5
DA:311,5
DA:312,20
DA:315,5
DA:324,6
DA:325,7
DA:326,5
DA:330,5
DA:331,1
DA:332,1
DA:336,6
DA:338,4
DA:346,5
DA:348,4
DA:352,5
DA:354,1
DA:361,1
DA:362,1
DA:366,10
DA:367,8
DA:368,4
DA:369,3
DA:370,1
DA:379,20
DA:380,20
DA:381,20
DA:382,20
DA:383,20
DA:384,20
DA:385,20
DA:386,20
DA:391,24
DA:392,24
DA:393,24
DA:397,4
DA:401,7
DA:402,7
DA:403,7
DA:404,7
DA:405,7
DA:408,7
DA:409,7
DA:410,2
DA:413,7
DA:417,11
DA:422,6
DA:423,6
DA:424,6
DA:428,1
DA:432,1
DA:433,1
DA:434,1
DA:435,1
DA:436,1
DA:438,0
DA:442,1
DA:443,1
DA:444,2
DA:446,1
DA:451,8
DA:452,8
DA:453,8
DA:457,3
DA:461,7
DA:462,7
DA:463,0
DA:465,7
DA:470,4
DA:477,4
DA:478,4
DA:479,4
DA:484,7
DA:491,7
DA:492,0
DA:497,2
DA:499,2
DA:500,0
DA:503,2
DA:504,2
DA:507,2
DA:508,0
DA:509,0
DA:512,2
DA:513,0
DA:516,2
DA:521,3
DA:522,3
DA:523,3
DA:524,3
DA:526,3
DA:535,2
DA:537,3
DA:543,1
DA:544,1
DA:566,1
DA:567,1
DA:568,1
DA:571,1
DA:572,1
DA:576,1
DA:578,1
DA:579,1
DA:580,1
DA:581,1
DA:582,0
DA:586,1
DA:588,1
DA:589,0
DA:590,0
DA:595,1
DA:600,1
DA:608,20
DA:611,20
DA:613,2
DA:614,2
DA:615,2
DA:618,2
DA:619,2
DA:620,2
DA:621,2
DA:622,2
DA:624,2
DA:625,2
DA:626,2
DA:627,2
DA:628,2
DA:631,2
DA:632,2
DA:633,2
DA:636,20
DA:639,2
LF:231
LH:219
BRDA:43,0,0,5
BRDA:45,1,0,39
BRDA:45,1,1,13
BRDA:46,2,0,39
BRDA:46,2,1,39
BRDA:47,3,0,39
BRDA:47,3,1,29
BRDA:48,4,0,39
BRDA:48,4,1,25
BRDA:49,5,0,39
BRDA:49,5,1,39
BRDA:50,6,0,39
BRDA:50,6,1,38
BRDA:51,7,0,39
BRDA:51,7,1,39
BRDA:52,8,0,39
BRDA:52,8,1,39
BRDA:62,9,0,4
BRDA:62,9,1,3
BRDA:67,10,0,4
BRDA:67,10,1,4
BRDA:89,11,0,7
BRDA:91,12,0,16
BRDA:91,12,1,16
BRDA:92,13,0,16
BRDA:92,13,1,16
BRDA:98,14,0,2
BRDA:98,14,1,1
BRDA:116,15,0,6
BRDA:143,16,0,0
BRDA:143,16,1,5
BRDA:168,17,0,2
BRDA:170,18,0,12
BRDA:170,18,1,10
BRDA:171,19,0,12
BRDA:171,19,1,12
BRDA:172,20,0,12
BRDA:172,20,1,12
BRDA:173,21,0,12
BRDA:173,21,1,11
BRDA:174,22,0,12
BRDA:174,22,1,5
BRDA:181,23,0,6
BRDA:181,23,1,4
BRDA:197,24,0,1
BRDA:197,24,1,1
BRDA:216,25,0,9
BRDA:218,26,0,18
BRDA:218,26,1,17
BRDA:219,27,0,18
BRDA:219,27,1,18
BRDA:222,28,0,26
BRDA:226,29,0,1
BRDA:226,29,1,25
BRDA:234,30,0,1
BRDA:234,30,1,4
BRDA:242,31,0,4
BRDA:242,31,1,0
BRDA:245,32,0,1
BRDA:245,32,1,3
BRDA:247,33,0,2
BRDA:247,33,1,1
BRDA:264,34,0,0
BRDA:264,34,1,2
BRDA:270,35,0,0
BRDA:270,35,1,2
BRDA:275,36,0,0
BRDA:275,36,1,2
BRDA:294,37,0,25
BRDA:295,38,0,26
BRDA:295,38,1,25
BRDA:305,39,0,5
BRDA:305,39,1,0
BRDA:306,40,0,5
BRDA:306,40,1,0
BRDA:307,41,0,5
BRDA:307,41,1,0
BRDA:308,42,0,5
BRDA:308,42,1,0
BRDA:324,43,0,1
BRDA:324,43,1,5
BRDA:330,44,0,4
BRDA:330,44,1,1
BRDA:336,45,0,2
BRDA:336,45,1,4
BRDA:352,46,0,4
BRDA:352,46,1,1
BRDA:366,47,0,2
BRDA:366,47,1,8
BRDA:367,48,0,4
BRDA:367,48,1,4
BRDA:368,49,0,1
BRDA:368,49,1,3
BRDA:369,50,0,2
BRDA:369,50,1,1
BRDA:378,51,0,0
BRDA:380,52,0,20
BRDA:380,52,1,19
BRDA:386,53,0,20
BRDA:386,53,1,20
BRDA:402,54,0,7
BRDA:402,54,1,0
BRDA:409,55,0,2
BRDA:409,55,1,5
BRDA:433,56,0,1
BRDA:433,56,1,0
BRDA:450,57,0,8
BRDA:491,58,0,0
BRDA:491,58,1,7
BRDA:496,59,0,1
BRDA:499,60,0,0
BRDA:499,60,1,2
BRDA:503,61,0,1
BRDA:503,61,1,1
BRDA:507,62,0,0
BRDA:507,62,1,2
BRDA:512,63,0,0
BRDA:512,63,1,2
BRDA:567,64,0,1
BRDA:567,64,1,0
BRDA:567,65,0,0
BRDA:567,65,1,0
BRDA:569,66,0,1
BRDA:569,66,1,0
BRDA:571,67,0,1
BRDA:571,67,1,0
BRDA:579,68,0,1
BRDA:579,68,1,0
BRDA:579,69,0,0
BRDA:579,69,1,0
BRDA:581,70,0,0
BRDA:581,70,1,1
BRDA:589,71,0,0
BRDA:589,71,1,0
BRDA:589,72,0,0
BRDA:589,72,1,0
BRDA:591,73,0,0
BRDA:591,73,1,0
BRDA:607,74,0,2
BRDA:611,75,0,2
BRDA:611,75,1,18
BRF:141
BRH:110
end_of_record
TN:
SF:src/steering/steering-auto-update.js
FN:79,(anonymous_0)
FN:80,(anonymous_1)
FN:102,(anonymous_2)
FN:103,(anonymous_3)
FN:104,(anonymous_4)
FN:114,(anonymous_5)
FN:115,(anonymous_6)
FN:132,(anonymous_7)
FN:133,(anonymous_8)
FN:147,(anonymous_9)
FN:148,(anonymous_10)
FN:149,(anonymous_11)
FN:164,(anonymous_12)
FN:173,(anonymous_13)
FN:187,(anonymous_14)
FN:217,(anonymous_15)
FN:238,(anonymous_16)
FN:272,(anonymous_17)
FN:279,(anonymous_18)
FN:346,(anonymous_19)
FN:358,(anonymous_20)
FN:409,(anonymous_21)
FN:426,(anonymous_22)
FN:432,(anonymous_23)
FN:441,(anonymous_24)
FN:442,(anonymous_25)
FN:454,(anonymous_26)
FN:458,(anonymous_27)
FN:461,(anonymous_28)
FN:464,(anonymous_29)
FN:467,(anonymous_30)
FN:474,(anonymous_31)
FN:479,(anonymous_32)
FN:480,(anonymous_33)
FN:481,(anonymous_34)
FN:495,(anonymous_35)
FN:502,(anonymous_36)
FN:510,(anonymous_37)
FN:543,(anonymous_38)
FN:559,createSteeringAutoUpdate
FNF:40
FNH:19
FNDA:0,(anonymous_0)
FNDA:0,(anonymous_1)
FNDA:0,(anonymous_2)
FNDA:0,(anonymous_3)
FNDA:0,(anonymous_4)
FNDA:0,(anonymous_5)
FNDA:0,(anonymous_6)
FNDA:0,(anonymous_7)
FNDA:0,(anonymous_8)
FNDA:0,(anonymous_9)
FNDA:0,(anonymous_10)
FNDA:0,(anonymous_11)
FNDA:44,(anonymous_12)
FNDA:310,(anonymous_13)
FNDA:0,(anonymous_14)
FNDA:0,(anonymous_15)
FNDA:2,(anonymous_16)
FNDA:4,(anonymous_17)
FNDA:22,(anonymous_18)
FNDA:1,(anonymous_19)
FNDA:1,(anonymous_20)
FNDA:1,(anonymous_21)
FNDA:7,(anonymous_22)
FNDA:37,(anonymous_23)
FNDA:1,(anonymous_24)
FNDA:6,(anonymous_25)
FNDA:2,(anonymous_26)
FNDA:2,(anonymous_27)
FNDA:0,(anonymous_28)
FNDA:0,(anonymous_29)
FNDA:0,(anonymous_30)
FNDA:1,(anonymous_31)
FNDA:0,(anonymous_32)
FNDA:0,(anonymous_33)
FNDA:0,(anonymous_34)
FNDA:4,(anonymous_35)
FNDA:3,(anonymous_36)
FNDA:1,(anonymous_37)
FNDA:0,(anonymous_38)
FNDA:25,createSteeringAutoUpdate
DA:11,9
DA:12,9
DA:13,9
DA:19,9
DA:32,9
DA:72,9
DA:79,0
DA:81,0
DA:83,0
DA:84,0
DA:86,0
DA:87,0
DA:89,0
DA:90,0
DA:93,0
DA:102,0
DA:104,0
DA:105,0
DA:114,0
DA:116,0
DA:117,0
DA:118,0
DA:120,0
DA:121,0
DA:123,0
DA:132,0
DA:134,0
DA:135,0
DA:136,0
DA:138,0
DA:147,0
DA:149,0
DA:150,0
DA:165,44
DA:167,44
DA:168,44
DA:169,44
DA:170,44
DA:173,310
DA:176,44
DA:177,44
DA:178,44
DA:179,44
DA:188,0
DA:190,0
DA:197,0
DA:198,0
DA:199,0
DA:200,0
DA:201,0
DA:202,0
DA:210,0
DA:215,0
DA:216,0
DA:217,0
DA:218,0
DA:219,0
DA:220,0
DA:221,0
DA:230,0
DA:231,0
DA:239,2
DA:240,2
DA:241,2
DA:242,2
DA:244,2
DA:245,17
DA:246,17
DA:248,6
DA:249,4
DA:251,6
DA:252,6
DA:254,11
DA:259,2
DA:260,2
DA:263,2
DA:273,4
DA:274,4
DA:276,4
DA:279,4
DA:280,22
DA:281,2
DA:282,2
DA:284,1
DA:285,1
DA:290,4
DA:291,1
DA:292,1
DA:294,1
DA:295,1
DA:296,0
DA:297,0
DA:300,1
DA:302,1
DA:304,1
DA:305,1
DA:307,1
DA:314,1
DA:324,1
DA:325,1
DA:327,1
DA:330,0
DA:340,0
DA:341,0
DA:346,4
DA:347,1
DA:350,4
DA:351,4
DA:359,1
DA:361,1
DA:362,1
DA:363,1
DA:365,1
DA:367,1
DA:368,1
DA:369,1
DA:373,1
DA:376,1
DA:379,1
DA:380,0
DA:382,1
DA:386,1
DA:389,1
DA:390,1
DA:391,1
DA:393,1
DA:395,1
DA:397,0
DA:401,1
DA:402,1
DA:410,1
DA:411,1
DA:413,1
DA:414,1
DA:415,1
DA:419,1
DA:427,7
DA:428,1
DA:431,6
DA:432,37
DA:434,6
DA:442,6
DA:443,1
DA:444,1
DA:445,1
DA:455,2
DA:457,2
DA:458,2
DA:460,2
DA:461,0
DA:463,2
DA:464,0
DA:467,2
DA:475,1
DA:477,1
DA:479,0
DA:480,0
DA:482,0
DA:483,0
DA:496,4
DA:503,3
DA:511,1
DA:514,1
DA:515,1
DA:517,1
DA:519,0
DA:520,0
DA:522,0
DA:523,0
DA:524,0
DA:533,1
DA:544,0
DA:545,0
DA:547,0
DA:548,0
DA:550,0
DA:560,25
DA:563,9
LF:178
LH:110
BRDA:83,0,0,0
BRDA:83,0,1,0
BRDA:86,1,0,0
BRDA:86,1,1,0
BRDA:89,2,0,0
BRDA:89,2,1,0
BRDA:117,3,0,0
BRDA:117,3,1,0
BRDA:120,4,0,0
BRDA:120,4,1,0
BRDA:135,5,0,0
BRDA:135,5,1,0
BRDA:164,6,0,17
BRDA:167,7,0,44
BRDA:167,7,1,43
BRDA:170,8,0,44
BRDA:170,8,1,43
BRDA:173,9,0,310
BRDA:173,9,1,0
BRDA:173,10,0,310
BRDA:173,10,1,2
BRDA:187,11,0,0
BRDA:200,12,0,0
BRDA:200,12,1,0
BRDA:216,13,0,0
BRDA:216,13,1,0
BRDA:246,14,0,6
BRDA:246,14,1,11
BRDA:248,15,0,4
BRDA:248,15,1,2
BRDA:259,16,0,2
BRDA:259,16,1,0
BRDA:272,17,0,0
BRDA:280,18,0,20
BRDA:280,18,1,2
BRDA:295,19,0,0
BRDA:295,19,1,1
BRDA:302,20,0,1
BRDA:302,20,1,0
BRDA:302,21,0,1
BRDA:302,21,1,1
BRDA:304,22,0,1
BRDA:304,22,1,0
BRDA:346,23,0,1
BRDA:346,23,1,3
BRDA:346,24,0,4
BRDA:346,24,1,4
BRDA:363,25,0,0
BRDA:363,25,1,1
BRDA:367,26,0,1
BRDA:367,26,1,0
BRDA:379,27,0,0
BRDA:379,27,1,1
BRDA:427,28,0,1
BRDA:427,28,1,6
BRDA:427,29,0,7
BRDA:427,29,1,6
BRDA:427,29,2,6
BRDA:432,30,0,37
BRDA:432,30,1,0
BRDA:432,31,0,37
BRDA:432,31,1,3
BRDA:443,32,0,1
BRDA:443,32,1,0
BRDA:454,33,0,1
BRDA:457,34,0,1
BRDA:457,34,1,1
BRDA:460,35,0,0
BRDA:460,35,1,2
BRDA:463,36,0,0
BRDA:463,36,1,2
BRDA:482,37,0,0
BRDA:482,37,1,0
BRDA:517,38,0,0
BRDA:517,38,1,1
BRDA:517,39,0,1
BRDA:517,39,1,0
BRDA:523,40,0,0
BRDA:523,40,1,0
BRDA:559,41,0,1
BRF:80
BRH:44
end_of_record
TN:
SF:src/steering/steering-validator.js
FN:68,(anonymous_0)
FN:76,(anonymous_1)
FN:86,(anonymous_2)
FN:95,(anonymous_3)
FN:105,(anonymous_4)
FN:114,(anonymous_5)
FN:124,(anonymous_6)
FN:134,(anonymous_7)
FN:146,(anonymous_8)
FN:160,(anonymous_9)
FN:177,(anonymous_10)
FN:221,(anonymous_11)
FN:241,(anonymous_12)
FN:261,(anonymous_13)
FN:265,(anonymous_14)
FN:295,(anonymous_15)
FN:334,(anonymous_16)
FN:356,(anonymous_17)
FN:374,(anonymous_18)
FN:399,(anonymous_19)
FN:420,(anonymous_20)
FN:443,(anonymous_21)
FN:459,(anonymous_22)
FN:460,(anonymous_23)
FN:467,(anonymous_24)
FN:469,(anonymous_25)
FN:473,(anonymous_26)
FN:474,(anonymous_27)
FN:475,(anonymous_28)
FN:485,(anonymous_29)
FN:529,createSteeringValidator
FNF:31
FNH:20
FNDA:1,(anonymous_0)
FNDA:1,(anonymous_1)
FNDA:1,(anonymous_2)
FNDA:1,(anonymous_3)
FNDA:0,(anonymous_4)
FNDA:0,(anonymous_5)
FNDA:0,(anonymous_6)
FNDA:7,(anonymous_7)
FNDA:7,(anonymous_8)
FNDA:46,(anonymous_9)
FNDA:0,(anonymous_10)
FNDA:0,(anonymous_11)
FNDA:0,(anonymous_12)
FNDA:7,(anonymous_13)
FNDA:63,(anonymous_14)
FNDA:0,(anonymous_15)
FNDA:0,(anonymous_16)
FNDA:0,(anonymous_17)
FNDA:0,(anonymous_18)
FNDA:3,(anonymous_19)
FNDA:0,(anonymous_20)
FNDA:3,(anonymous_21)
FNDA:2,(anonymous_22)
FNDA:1,(anonymous_23)
FNDA:2,(anonymous_24)
FNDA:2,(anonymous_25)
FNDA:2,(anonymous_26)
FNDA:2,(anonymous_27)
FNDA:2,(anonymous_28)
FNDA:2,(anonymous_29)
FNDA:25,createSteeringValidator
DA:11,9
DA:12,9
DA:13,9
DA:19,9
DA:30,9
DA:61,9
DA:68,1
DA:76,1
DA:86,1
DA:95,1
DA:106,0
DA:114,0
DA:124,0
DA:136,7
DA:137,7
DA:146,7
DA:161,46
DA:163,46
DA:164,46
DA:165,46
DA:168,46
DA:169,46
DA:178,0
DA:179,0
DA:181,0
DA:182,0
DA:185,0
DA:188,0
DA:189,0
DA:191,0
DA:192,0
DA:200,0
DA:203,0
DA:204,0
DA:205,0
DA:206,0
DA:208,0
DA:219,0
DA:220,0
DA:221,0
DA:222,0
DA:223,0
DA:224,0
DA:225,0
DA:226,0
DA:231,0
DA:232,0
DA:235,0
DA:238,0
DA:241,0
DA:249,0
DA:250,0
DA:252,0
DA:262,7
DA:265,63
DA:267,7
DA:268,18
DA:269,18
DA:271,18
DA:272,4
DA:283,0
DA:287,7
DA:296,0
DA:297,0
DA:299,0
DA:301,0
DA:302,0
DA:303,0
DA:305,0
DA:306,0
DA:307,0
DA:309,0
DA:310,0
DA:312,0
DA:313,0
DA:317,0
DA:318,0
DA:319,0
DA:330,0
DA:331,0
DA:332,0
DA:334,0
DA:335,0
DA:336,0
DA:346,0
DA:349,0
DA:357,0
DA:359,0
DA:361,0
DA:362,0
DA:363,0
DA:367,0
DA:375,0
DA:376,0
DA:386,0
DA:387,0
DA:388,0
DA:392,0
DA:400,3
DA:402,3
DA:409,3
DA:410,23
DA:413,3
DA:421,0
DA:422,0
DA:423,0
DA:425,0
DA:426,0
DA:427,0
DA:428,0
DA:431,0
DA:444,3
DA:445,1
DA:448,2
DA:460,2
DA:468,2
DA:469,2
DA:471,2
DA:473,2
DA:474,2
DA:475,2
DA:486,2
DA:487,2
DA:489,1
DA:490,1
DA:491,1
DA:492,1
DA:494,1
DA:495,1
DA:496,1
DA:497,1
DA:500,1
DA:501,1
DA:503,1
DA:504,1
DA:511,1
DA:512,1
DA:513,1
DA:514,1
DA:515,1
DA:516,1
DA:520,1
DA:530,25
DA:533,9
LF:144
LH:65
BRDA:68,0,0,1
BRDA:68,0,1,0
BRDA:76,1,0,1
BRDA:76,1,1,0
BRDA:86,2,0,1
BRDA:86,2,1,1
BRDA:95,3,0,1
BRDA:95,3,1,1
BRDA:106,4,0,0
BRDA:106,4,1,0
BRDA:106,4,2,0
BRDA:114,5,0,0
BRDA:114,5,1,0
BRDA:124,6,0,0
BRDA:124,6,1,0
BRDA:137,7,0,7
BRDA:137,7,1,1
BRDA:146,8,0,7
BRDA:146,8,1,6
BRDA:160,9,0,19
BRDA:163,10,0,46
BRDA:163,10,1,45
BRDA:164,11,0,46
BRDA:164,11,1,45
BRDA:165,12,0,46
BRDA:165,12,1,44
BRDA:177,13,0,0
BRDA:191,14,0,0
BRDA:191,14,1,0
BRDA:220,15,0,0
BRDA:220,15,1,0
BRDA:241,16,0,0
BRDA:241,16,1,0
BRDA:265,17,0,63
BRDA:265,17,1,59
BRDA:271,18,0,4
BRDA:271,18,1,14
BRDA:306,19,0,0
BRDA:306,19,1,0
BRDA:309,20,0,0
BRDA:309,20,1,0
BRDA:312,21,0,0
BRDA:312,21,1,0
BRDA:318,22,0,0
BRDA:318,22,1,0
BRDA:330,23,0,0
BRDA:330,23,1,0
BRDA:330,24,0,0
BRDA:330,24,1,0
BRDA:335,25,0,0
BRDA:335,25,1,0
BRDA:362,26,0,0
BRDA:362,26,1,0
BRDA:387,27,0,0
BRDA:387,27,1,0
BRDA:410,28,0,23
BRDA:410,28,1,0
BRDA:426,29,0,0
BRDA:426,29,1,0
BRDA:427,30,0,0
BRDA:427,30,1,0
BRDA:428,31,0,0
BRDA:428,31,1,0
BRDA:444,32,0,1
BRDA:444,32,1,2
BRDA:444,33,0,3
BRDA:444,33,1,2
BRDA:444,33,2,2
BRDA:473,34,0,1
BRDA:473,34,1,1
BRDA:487,35,0,1
BRDA:487,35,1,1
BRDA:490,36,0,1
BRDA:490,36,1,0
BRDA:500,37,0,1
BRDA:500,37,1,0
BRDA:515,38,0,0
BRDA:515,38,1,1
BRDA:529,39,0,1
BRF:79
BRH:35
end_of_record
TN:
SF:src/steering/template-constraints.js
FN:45,(anonymous_0)
FN:50,(anonymous_1)
FN:54,(anonymous_2)
FN:83,(anonymous_3)
FN:92,(anonymous_4)
FN:97,(anonymous_5)
FN:102,(anonymous_6)
FN:107,(anonymous_7)
FN:133,(anonymous_8)
FN:142,(anonymous_9)
FN:151,(anonymous_10)
FN:155,(anonymous_11)
FN:159,(anonymous_12)
FN:165,(anonymous_13)
FN:171,(anonymous_14)
FN:172,(anonymous_15)
FN:175,(anonymous_16)
FN:176,(anonymous_17)
FN:179,(anonymous_18)
FN:223,(anonymous_19)
FN:235,(anonymous_20)
FN:269,(anonymous_21)
FN:279,(anonymous_22)
FN:297,(anonymous_23)
FN:300,(anonymous_24)
FN:323,(anonymous_25)
FN:327,(anonymous_26)
FN:338,(anonymous_27)
FN:342,(anonymous_28)
FN:358,(anonymous_29)
FN:369,(anonymous_30)
FN:374,(anonymous_31)
FN:439,(anonymous_32)
FN:450,(anonymous_33)
FN:459,(anonymous_34)
FN:465,(anonymous_35)
FN:469,(anonymous_36)
FN:475,(anonymous_37)
FN:479,(anonymous_38)
FN:484,(anonymous_39)
FN:545,(anonymous_40)
FN:552,(anonymous_41)
FN:558,(anonymous_42)
FN:565,(anonymous_43)
FN:625,(anonymous_44)
FN:641,(anonymous_45)
FN:659,(anonymous_46)
FN:702,(anonymous_47)
FN:761,createTemplateConstraintEngine
FNF:49
FNH:45
FNDA:5,(anonymous_0)
FNDA:0,(anonymous_1)
FNDA:5,(anonymous_2)
FNDA:120,(anonymous_3)
FNDA:21,(anonymous_4)
FNDA:12,(anonymous_5)
FNDA:2,(anonymous_6)
FNDA:19,(anonymous_7)
FNDA:49,(anonymous_8)
FNDA:114,(anonymous_9)
FNDA:0,(anonymous_10)
FNDA:4,(anonymous_11)
FNDA:10,(anonymous_12)
FNDA:1,(anonymous_13)
FNDA:9,(anonymous_14)
FNDA:23,(anonymous_15)
FNDA:0,(anonymous_16)
FNDA:0,(anonymous_17)
FNDA:6,(anonymous_18)
FNDA:2,(anonymous_19)
FNDA:1,(anonymous_20)
FNDA:22,(anonymous_21)
FNDA:9,(anonymous_22)
FNDA:5,(anonymous_23)
FNDA:1,(anonymous_24)
FNDA:20,(anonymous_25)
FNDA:2,(anonymous_26)
FNDA:1,(anonymous_27)
FNDA:1,(anonymous_28)
FNDA:168,(anonymous_29)
FNDA:1,(anonymous_30)
FNDA:22,(anonymous_31)
FNDA:6,(anonymous_32)
FNDA:45,(anonymous_33)
FNDA:161,(anonymous_34)
FNDA:1,(anonymous_35)
FNDA:38,(anonymous_36)
FNDA:1,(anonymous_37)
FNDA:1,(anonymous_38)
FNDA:7,(anonymous_39)
FNDA:12,(anonymous_40)
FNDA:38,(anonymous_41)
FNDA:1,(anonymous_42)
FNDA:2,(anonymous_43)
FNDA:4,(anonymous_44)
FNDA:1,(anonymous_45)
FNDA:1,(anonymous_46)
FNDA:12,(anonymous_47)
FNDA:12,createTemplateConstraintEngine
DA:11,2
DA:14,2
DA:25,2
DA:34,2
DA:46,5
DA:47,5
DA:48,5
DA:49,5
DA:50,5
DA:51,5
DA:55,5
DA:56,5
DA:57,4
DA:66,1
DA:84,120
DA:85,120
DA:86,120
DA:87,120
DA:88,120
DA:89,120
DA:93,21
DA:94,2
DA:98,12
DA:99,12
DA:103,2
DA:104,2
DA:108,19
DA:109,0
DA:113,19
DA:114,1
DA:115,1
DA:122,18
DA:134,49
DA:135,49
DA:136,49
DA:137,49
DA:138,49
DA:139,49
DA:143,114
DA:147,114
DA:148,114
DA:152,0
DA:156,4
DA:160,10
DA:161,10
DA:162,10
DA:166,1
DA:167,1
DA:168,1
DA:172,23
DA:176,0
DA:180,6
DA:181,6
DA:184,6
DA:185,15
DA:186,15
DA:187,7
DA:195,6
DA:196,1
DA:197,1
DA:198,1
DA:205,6
DA:206,1
DA:207,1
DA:208,1
DA:214,6
DA:224,2
DA:226,2
DA:227,5
DA:228,5
DA:229,5
DA:232,2
DA:236,1
DA:237,1
DA:238,1
DA:240,1
DA:242,6
DA:243,6
DA:244,1
DA:245,1
DA:246,1
DA:250,5
DA:251,5
DA:252,3
DA:253,3
DA:254,3
DA:255,3
DA:257,3
DA:261,1
DA:270,22
DA:280,9
DA:282,9
DA:283,45
DA:286,45
DA:287,13
DA:297,9
DA:301,1
DA:303,1
DA:305,2
DA:306,10
DA:314,10
DA:315,20
DA:320,1
DA:324,20
DA:328,2
DA:329,6
DA:330,1
DA:333,5
DA:335,1
DA:339,1
DA:343,1
DA:345,1
DA:346,5
DA:347,5
DA:350,1
DA:359,168
DA:360,168
DA:361,168
DA:362,168
DA:363,168
DA:364,168
DA:365,168
DA:366,168
DA:370,1
DA:371,1
DA:375,22
DA:378,22
DA:379,5
DA:384,5
DA:388,17
DA:389,1
DA:390,1
DA:399,17
DA:400,14
DA:401,2
DA:408,14
DA:409,1
DA:417,14
DA:418,1
DA:427,17
DA:428,1
DA:429,1
DA:430,1
DA:438,17
DA:439,6
DA:451,45
DA:452,45
DA:453,45
DA:454,45
DA:455,45
DA:456,45
DA:460,161
DA:461,161
DA:462,161
DA:466,1
DA:470,38
DA:471,38
DA:472,38
DA:476,1
DA:480,1
DA:481,1
DA:485,7
DA:493,7
DA:499,7
DA:500,15
DA:501,15
DA:502,15
DA:504,15
DA:505,4
DA:510,7
DA:511,4
DA:514,4
DA:515,4
DA:516,1
DA:519,4
DA:520,4
DA:522,4
DA:523,3
DA:528,7
DA:529,1
DA:530,1
DA:532,1
DA:533,1
DA:537,7
DA:546,12
DA:547,12
DA:548,12
DA:549,12
DA:553,38
DA:554,38
DA:555,38
DA:559,1
DA:566,2
DA:573,2
DA:574,2
DA:575,2
DA:576,2
DA:578,2
DA:579,10
DA:581,10
DA:583,2
DA:584,1
DA:586,2
DA:587,2
DA:588,8
DA:589,5
DA:594,2
DA:595,1
DA:599,2
DA:600,2
DA:601,2
DA:604,2
DA:605,2
DA:606,2
DA:607,2
DA:608,2
DA:611,2
DA:612,1
DA:617,2
DA:619,2
DA:626,4
DA:627,4
DA:628,1
DA:634,3
DA:636,3
DA:639,3
DA:640,1
DA:641,1
DA:648,3
DA:653,3
DA:660,1
DA:661,1
DA:662,0
DA:665,1
DA:667,1
DA:668,1
DA:672,1
DA:673,4
DA:675,4
DA:676,4
DA:677,1
DA:678,3
DA:679,2
DA:681,1
DA:684,4
DA:688,1
DA:689,1
DA:690,1
DA:691,1
DA:692,1
DA:696,1
DA:704,12
DA:708,12
DA:709,12
DA:710,12
DA:711,12
DA:713,12
DA:714,12
DA:715,12
DA:716,12
DA:718,12
DA:721,12
DA:725,12
DA:726,12
DA:727,12
DA:728,12
DA:730,12
DA:731,12
DA:732,12
DA:734,12
DA:737,12
DA:741,12
DA:742,12
DA:743,12
DA:744,12
DA:745,12
DA:747,12
DA:748,12
DA:749,12
DA:750,12
DA:752,12
DA:754,12
DA:762,12
DA:764,12
DA:765,12
DA:768,12
DA:771,2
LF:287
LH:283
BRDA:45,0,0,0
BRDA:46,1,0,5
BRDA:46,1,1,0
BRDA:47,2,0,5
BRDA:47,2,1,5
BRDA:48,3,0,5
BRDA:48,3,1,5
BRDA:49,4,0,5
BRDA:49,4,1,5
BRDA:50,5,0,5
BRDA:50,5,1,1
BRDA:51,6,0,5
BRDA:51,6,1,5
BRDA:54,7,0,3
BRDA:62,8,0,1
BRDA:62,8,1,3
BRDA:62,9,0,3
BRDA:62,9,1,0
BRDA:83,10,0,3
BRDA:86,11,0,120
BRDA:86,11,1,119
BRDA:87,12,0,120
BRDA:87,12,1,119
BRDA:88,13,0,120
BRDA:88,13,1,51
BRDA:89,14,0,120
BRDA:89,14,1,119
BRDA:92,15,0,0
BRDA:93,16,0,19
BRDA:93,16,1,2
BRDA:107,17,0,3
BRDA:108,18,0,0
BRDA:108,18,1,19
BRDA:114,19,0,1
BRDA:114,19,1,0
BRDA:114,20,0,1
BRDA:114,20,1,1
BRDA:123,21,0,18
BRDA:123,21,1,12
BRDA:124,22,0,8
BRDA:124,22,1,10
BRDA:124,23,0,18
BRDA:124,23,1,12
BRDA:133,24,0,9
BRDA:137,25,0,49
BRDA:137,25,1,48
BRDA:138,26,0,49
BRDA:138,26,1,48
BRDA:139,27,0,49
BRDA:139,27,1,49
BRDA:142,28,0,106
BRDA:161,29,0,10
BRDA:161,29,1,0
BRDA:167,30,0,1
BRDA:167,30,1,0
BRDA:179,31,0,2
BRDA:186,32,0,7
BRDA:186,32,1,8
BRDA:186,33,0,15
BRDA:186,33,1,7
BRDA:195,34,0,1
BRDA:195,34,1,5
BRDA:197,35,0,1
BRDA:197,35,1,0
BRDA:205,36,0,1
BRDA:205,36,1,5
BRDA:207,37,0,1
BRDA:207,37,1,0
BRDA:227,38,0,1
BRDA:227,38,1,4
BRDA:228,39,0,5
BRDA:228,39,1,0
BRDA:243,40,0,1
BRDA:243,40,1,5
BRDA:251,41,0,3
BRDA:251,41,1,2
BRDA:329,42,0,1
BRDA:329,42,1,5
BRDA:358,43,0,1
BRDA:362,44,0,168
BRDA:362,44,1,167
BRDA:363,45,0,168
BRDA:363,45,1,168
BRDA:364,46,0,168
BRDA:364,46,1,142
BRDA:365,47,0,168
BRDA:365,47,1,167
BRDA:366,48,0,168
BRDA:366,48,1,167
BRDA:374,49,0,6
BRDA:378,50,0,5
BRDA:378,50,1,17
BRDA:378,51,0,22
BRDA:378,51,1,19
BRDA:378,51,2,14
BRDA:389,52,0,1
BRDA:389,52,1,0
BRDA:389,53,0,1
BRDA:389,53,1,1
BRDA:399,54,0,14
BRDA:399,54,1,3
BRDA:400,55,0,2
BRDA:400,55,1,12
BRDA:400,56,0,14
BRDA:400,56,1,3
BRDA:408,57,0,1
BRDA:408,57,1,13
BRDA:408,58,0,14
BRDA:408,58,1,1
BRDA:417,59,0,1
BRDA:417,59,1,13
BRDA:417,60,0,14
BRDA:417,60,1,2
BRDA:429,61,0,1
BRDA:429,61,1,0
BRDA:450,62,0,2
BRDA:452,63,0,45
BRDA:452,63,1,38
BRDA:453,64,0,45
BRDA:453,64,1,2
BRDA:459,65,0,0
BRDA:469,66,0,38
BRDA:484,67,0,7
BRDA:495,68,0,7
BRDA:495,68,1,0
BRDA:500,69,0,15
BRDA:500,69,1,7
BRDA:504,70,0,4
BRDA:504,70,1,11
BRDA:511,71,0,4
BRDA:511,71,1,2
BRDA:515,72,0,3
BRDA:515,72,1,1
BRDA:522,73,0,3
BRDA:522,73,1,1
BRDA:532,74,0,1
BRDA:532,74,1,0
BRDA:532,75,0,1
BRDA:532,75,1,1
BRDA:545,76,0,0
BRDA:549,77,0,12
BRDA:549,77,1,11
BRDA:581,78,0,2
BRDA:581,78,1,8
BRDA:583,79,0,1
BRDA:583,79,1,1
BRDA:588,80,0,5
BRDA:588,80,1,3
BRDA:594,81,0,1
BRDA:594,81,1,1
BRDA:611,82,0,1
BRDA:611,82,1,1
BRDA:627,83,0,1
BRDA:627,83,1,3
BRDA:634,84,0,0
BRDA:634,84,1,3
BRDA:639,85,0,1
BRDA:639,85,1,2
BRDA:639,86,0,3
BRDA:639,86,1,1
BRDA:659,87,0,0
BRDA:661,88,0,0
BRDA:661,88,1,1
BRDA:667,89,0,1
BRDA:667,89,1,0
BRDA:676,90,0,1
BRDA:676,90,1,3
BRDA:678,91,0,2
BRDA:678,91,1,1
BRDA:689,92,0,1
BRDA:689,92,1,0
BRDA:761,93,0,11
BRDA:764,94,0,12
BRDA:764,94,1,0
BRF:174
BRH:151
end_of_record
