TN:
SF:src/agents/registry.js
FN:186,getAgentDefinition
FN:199,detectAgentFromFlags
FN:205,(anonymous_2)
FN:220,getAgentList
FN:228,getAllAliasFlags
FNF:5
FNH:5
FNDA:8,getAgentDefinition
FNDA:14,detectAgentFromFlags
FNDA:41,(anonymous_2)
FNDA:2,getAgentList
FNDA:6,getAllAliasFlags
DA:8,1
DA:187,8
DA:188,8
DA:189,1
DA:191,7
DA:201,14
DA:202,55
DA:203,93
DA:205,93
DA:206,93
DA:207,13
DA:213,1
DA:221,2
DA:229,6
DA:230,6
DA:231,42
DA:232,72
DA:235,6
DA:238,1
LF:19
LH:19
BRDA:188,0,0,1
BRDA:188,0,1,7
BRDA:206,1,0,13
BRDA:206,1,1,80
BRDA:206,2,0,93
BRDA:206,2,1,85
BRF:6
BRH:6
end_of_record
